This file contains any messages produced by compilers while
running configure, to aid debugging if configure makes a mistake.

It was created by LHAPDF configure 4.2, which was
generated by GNU Autoconf 2.59.  Invocation command line was

  $ ./configure --prefix=/afs/cern.ch/work/b/bkailasa/MCGens/madgraph/MG5_aMC_v2_6_7/pythia-pgs/libraries/lhapdf --datadir=/afs/cern.ch/work/b/bkailasa/MCGens/madgraph/MG5_aMC_v2_6_7/pythia-pgs/src

## --------- ##
## Platform. ##
## --------- ##

hostname = lxplus791.cern.ch
uname -m = x86_64
uname -r = 3.10.0-1062.1.2.el7.x86_64
uname -s = Linux
uname -v = #1 SMP Mon Sep 30 14:19:46 UTC 2019

/usr/bin/uname -p = x86_64
/bin/uname -X     = unknown

/bin/arch              = x86_64
/usr/bin/arch -k       = unknown
/usr/convex/getsysinfo = unknown
hostinfo               = unknown
/bin/machine           = unknown
/usr/bin/oslevel       = unknown
/bin/universe          = unknown

PATH: /afs/cern.ch/sw/lcg/external/HepMC/2.06.08/x86_64-slc6-gcc48-opt/include
PATH: /afs/cern.ch/sw/lcg/external/HepMC/2.06.08/x86_64-slc6-gcc48-opt/bin
PATH: /afs/cern.ch/sw/lcg/external/Boost/1.53.0_python2.7/x86_64-slc6-gcc48-opt/include
PATH: /afs/cern.ch/sw/lcg/external/Boost/1.53.0_python2.7/x86_64-slc6-gcc48-opt/bin
PATH: /cvmfs/atlas.cern.ch/repo/ATLASLocalRootBase/x86_64/root/6.04.10-x86_64-slc6-gcc48-opt/bin
PATH: /afs/cern.ch/sw/lcg/external/Python/2.7.4/x86_64-slc6-gcc48-opt/include
PATH: /afs/cern.ch/sw/lcg/external/Python/2.7.4/x86_64-slc6-gcc48-opt/bin
PATH: /afs/cern.ch/sw/lcg/external/gcc/4.8.4/x86_64-slc6-gcc48-opt/include
PATH: /afs/cern.ch/sw/lcg/external/gcc/4.8.4/x86_64-slc6-gcc48-opt/bin
PATH: /cvmfs/cms.cern.ch/share/overrides/bin
PATH: /afs/cern.ch/user/b/bkailasa/MyMCGen/CMSSW_10_2_10/bin/slc6_amd64_gcc700
PATH: /afs/cern.ch/user/b/bkailasa/MyMCGen/CMSSW_10_2_10/external/slc6_amd64_gcc700/bin
PATH: /cvmfs/cms.cern.ch/slc6_amd64_gcc700/cms/cmssw/CMSSW_10_2_10/bin/slc6_amd64_gcc700
PATH: /cvmfs/cms.cern.ch/slc6_amd64_gcc700/cms/cmssw/CMSSW_10_2_10/external/slc6_amd64_gcc700/bin
PATH: /cvmfs/cms.cern.ch/slc6_amd64_gcc700/external/llvm/6.0.0-ogkkac/bin
PATH: /cvmfs/cms.cern.ch/slc6_amd64_gcc700/external/gcc/7.0.0-omkpbe2/bin
PATH: /afs/cern.ch/cms/caf/scripts
PATH: /cvmfs/cms.cern.ch/common
PATH: /cvmfs/cms.cern.ch/bin
PATH: /usr/sue/bin
PATH: /usr/lib64/qt-3.3/bin
PATH: /usr/condabin
PATH: /usr/local/bin
PATH: /usr/bin
PATH: /usr/local/sbin
PATH: /usr/sbin
PATH: /opt/puppetlabs/bin
PATH: /afs/cern.ch/user/b/bkailasa/bin


## ----------- ##
## Core tests. ##
## ----------- ##

configure:1298: checking for a BSD-compatible install
configure:1353: result: /usr/bin/install -c
configure:1364: checking whether build environment is sane
configure:1407: result: yes
configure:1472: checking for gawk
configure:1488: found /usr/bin/gawk
configure:1498: result: gawk
configure:1508: checking whether make sets $(MAKE)
configure:1528: result: yes
configure:1759: checking for gfortran
configure:1775: found /cvmfs/cms.cern.ch/slc6_amd64_gcc700/external/gcc/7.0.0-omkpbe2/bin/gfortran
configure:1785: result: gfortran
configure:1800: checking for Fortran 77 compiler version
configure:1803: gfortran --version </dev/null >&5
GNU Fortran (GCC) 7.3.1 20180127
Copyright (C) 2017 Free Software Foundation, Inc.
This is free software; see the source for copying conditions.  There is NO
warranty; not even for MERCHANTABILITY or FITNESS FOR A PARTICULAR PURPOSE.

configure:1806: $? = 0
configure:1808: gfortran -v </dev/null >&5
Using built-in specs.
COLLECT_GCC=gfortran
COLLECT_LTO_WRAPPER=/cvmfs/cms.cern.ch/slc6_amd64_gcc700/external/gcc/7.0.0-omkpbe2/bin/../libexec/gcc/x86_64-unknown-linux-gnu/7.3.1/lto-wrapper
Target: x86_64-unknown-linux-gnu
Configured with: ../configure --prefix=/build/cmsbld/auto-builds/CMSSW_10_1_0_pre2-slc6_amd64_gcc700/build/CMSSW_10_1_0_pre2-build/tmp/BUILDROOT/8ed230187c2a06a277ca03ddf192b0cd/opt/cmssw/slc6_amd64_gcc700/external/gcc/7.0.0-omkpbe2 --disable-multilib --disable-nls --disable-dssi --enable-languages=c,c++,fortran --enable-gnu-indirect-function --enable-__cxa_atexit --disable-libunwind-exceptions --enable-gnu-unique-object --enable-plugin --with-linker-hash-style=gnu --enable-linker-build-id --enable-ld=default --enable-lto --enable-gold=yes --with-gmp=/build/cmsbld/auto-builds/CMSSW_10_1_0_pre2-slc6_amd64_gcc700/build/CMSSW_10_1_0_pre2-build/tmp/BUILDROOT/8ed230187c2a06a277ca03ddf192b0cd/opt/cmssw/slc6_amd64_gcc700/external/gcc/7.0.0-omkpbe2 --with-mpfr=/build/cmsbld/auto-builds/CMSSW_10_1_0_pre2-slc6_amd64_gcc700/build/CMSSW_10_1_0_pre2-build/tmp/BUILDROOT/8ed230187c2a06a277ca03ddf192b0cd/opt/cmssw/slc6_amd64_gcc700/external/gcc/7.0.0-omkpbe2 --enable-bootstrap --with-mpc=/build/cmsbld/auto-builds/CMSSW_10_1_0_pre2-slc6_amd64_gcc700/build/CMSSW_10_1_0_pre2-build/tmp/BUILDROOT/8ed230187c2a06a277ca03ddf192b0cd/opt/cmssw/slc6_amd64_gcc700/external/gcc/7.0.0-omkpbe2 --with-isl=/build/cmsbld/auto-builds/CMSSW_10_1_0_pre2-slc6_amd64_gcc700/build/CMSSW_10_1_0_pre2-build/tmp/BUILDROOT/8ed230187c2a06a277ca03ddf192b0cd/opt/cmssw/slc6_amd64_gcc700/external/gcc/7.0.0-omkpbe2 --enable-checking=release --build=x86_64-unknown-linux-gnu --host=x86_64-unknown-linux-gnu --enable-libstdcxx-time=rt --enable-shared --disable-libgcj CC='gcc -fPIC' CXX='c++ -fPIC' CPP=cpp CXXCPP='c++ -E' CFLAGS=-I/build/cmsbld/auto-builds/CMSSW_10_1_0_pre2-slc6_amd64_gcc700/build/CMSSW_10_1_0_pre2-build/tmp/BUILDROOT/8ed230187c2a06a277ca03ddf192b0cd/opt/cmssw/slc6_amd64_gcc700/external/gcc/7.0.0-omkpbe2/tmp/sw/include CXXFLAGS=-I/build/cmsbld/auto-builds/CMSSW_10_1_0_pre2-slc6_amd64_gcc700/build/CMSSW_10_1_0_pre2-build/tmp/BUILDROOT/8ed230187c2a06a277ca03ddf192b0cd/opt/cmssw/slc6_amd64_gcc700/external/gcc/7.0.0-omkpbe2/tmp/sw/include LDFLAGS=-L/build/cmsbld/auto-builds/CMSSW_10_1_0_pre2-slc6_amd64_gcc700/build/CMSSW_10_1_0_pre2-build/tmp/BUILDROOT/8ed230187c2a06a277ca03ddf192b0cd/opt/cmssw/slc6_amd64_gcc700/external/gcc/7.0.0-omkpbe2/tmp/sw/lib
Thread model: posix
gcc version 7.3.1 20180127 (GCC) 
configure:1811: $? = 0
configure:1813: gfortran -V </dev/null >&5
gfortran: error: unrecognized command line option '-V'
gfortran: fatal error: no input files
compilation terminated.
configure:1816: $? = 1
configure:1830: checking for Fortran 77 compiler default output file name
configure:1833: gfortran   conftest.f  >&5
configure:1836: $? = 0
configure:1882: result: a.out
configure:1887: checking whether the Fortran 77 compiler works
configure:1893: ./a.out
configure:1896: $? = 0
configure:1913: result: yes
configure:1920: checking whether we are cross compiling
configure:1922: result: no
configure:1925: checking for suffix of executables
configure:1927: gfortran -o conftest   conftest.f  >&5
configure:1930: $? = 0
configure:1955: result: 
configure:1961: checking for suffix of object files
configure:1972: gfortran -c  conftest.f >&5
configure:1975: $? = 0
configure:1997: result: o
configure:2005: checking whether we are using the GNU Fortran 77 compiler
configure:2019: gfortran -c  conftest.F >&5
configure:2025: $? = 0
configure:2029: test -z 
			 || test ! -s conftest.err
configure:2032: $? = 0
configure:2035: test -s conftest.o
configure:2038: $? = 0
configure:2051: result: yes
configure:2057: checking whether gfortran accepts -g
configure:2069: gfortran -c -g conftest.f >&5
configure:2075: $? = 0
configure:2079: test -z 
			 || test ! -s conftest.err
configure:2082: $? = 0
configure:2085: test -s conftest.o
configure:2088: $? = 0
configure:2100: result: yes
configure:2165: checking for ranlib
configure:2181: found /cvmfs/cms.cern.ch/slc6_amd64_gcc700/external/gcc/7.0.0-omkpbe2/bin/ranlib
configure:2192: result: ranlib
configure:2217: checking for a BSD-compatible install
configure:2272: result: /usr/bin/install -c
configure:2283: checking whether make sets $(MAKE)
configure:2303: result: yes
configure:2312: checking whether ln -s works
configure:2316: result: yes
configure:2456: creating ./config.status

## ---------------------- ##
## Running config.status. ##
## ---------------------- ##

This file was extended by LHAPDF config.status 4.2, which was
generated by GNU Autoconf 2.59.  Invocation command line was

  CONFIG_FILES    = 
  CONFIG_HEADERS  = 
  CONFIG_LINKS    = 
  CONFIG_COMMANDS = 
  $ ./config.status 

on lxplus791.cern.ch

config.status:672: creating src/Makefile
config.status:672: creating Makefile
config.status:672: creating src/lhapdf-config
config.status:776: creating config/config.h
config.status:862: config/config.h is unchanged

## ---------------- ##
## Cache variables. ##
## ---------------- ##

ac_cv_env_F77_set=
ac_cv_env_F77_value=
ac_cv_env_FFLAGS_set=
ac_cv_env_FFLAGS_value=
ac_cv_env_LDFLAGS_set=
ac_cv_env_LDFLAGS_value=
ac_cv_env_build_alias_set=
ac_cv_env_build_alias_value=
ac_cv_env_host_alias_set=
ac_cv_env_host_alias_value=
ac_cv_env_target_alias_set=
ac_cv_env_target_alias_value=
ac_cv_exeext=
ac_cv_f77_compiler_gnu=yes
ac_cv_objext=o
ac_cv_path_install='/usr/bin/install -c'
ac_cv_prog_AWK=gawk
ac_cv_prog_ac_ct_F77=gfortran
ac_cv_prog_ac_ct_RANLIB=ranlib
ac_cv_prog_f77_g=yes
ac_cv_prog_make_make_set=yes

## ----------------- ##
## Output variables. ##
## ----------------- ##

ACLOCAL='${SHELL} /afs/cern.ch/work/b/bkailasa/MCGens/madgraph/MG5_aMC_v2_6_7/pythia-pgs/libraries/lhapdf/config/missing --run aclocal-1.9'
AMTAR='${SHELL} /afs/cern.ch/work/b/bkailasa/MCGens/madgraph/MG5_aMC_v2_6_7/pythia-pgs/libraries/lhapdf/config/missing --run tar'
AUTOCONF='${SHELL} /afs/cern.ch/work/b/bkailasa/MCGens/madgraph/MG5_aMC_v2_6_7/pythia-pgs/libraries/lhapdf/config/missing --run autoconf'
AUTOHEADER='${SHELL} /afs/cern.ch/work/b/bkailasa/MCGens/madgraph/MG5_aMC_v2_6_7/pythia-pgs/libraries/lhapdf/config/missing --run autoheader'
AUTOMAKE='${SHELL} /afs/cern.ch/work/b/bkailasa/MCGens/madgraph/MG5_aMC_v2_6_7/pythia-pgs/libraries/lhapdf/config/missing --run automake-1.9'
AWK='gawk'
CYGPATH_W='echo'
DEFS='-DHAVE_CONFIG_H'
ECHO_C=''
ECHO_N='-n'
ECHO_T=''
EVLCTEQ_FALSE=''
EVLCTEQ_TRUE='#'
EXEEXT=''
F77='gfortran'
FFLAGS='-O'
INSTALL_DATA='${INSTALL} -m 644'
INSTALL_PROGRAM='${INSTALL}'
INSTALL_SCRIPT='${INSTALL}'
INSTALL_STRIP_PROGRAM='${SHELL} $(install_sh) -c -s'
LDFLAGS=''
LIBOBJS=''
LIBS=''
LN_S='ln -s'
LTLIBOBJS=''
MAKEINFO='${SHELL} /afs/cern.ch/work/b/bkailasa/MCGens/madgraph/MG5_aMC_v2_6_7/pythia-pgs/libraries/lhapdf/config/missing --run makeinfo'
OBJEXT='o'
PACKAGE='lhapdf'
PACKAGE_BUGREPORT='lhapdf@cedar.ac.uk'
PACKAGE_NAME='LHAPDF'
PACKAGE_STRING='LHAPDF 4.2'
PACKAGE_TARNAME='lhapdf'
PACKAGE_VERSION='4.2'
PATH_SEPARATOR=':'
RANLIB='ranlib'
SET_MAKE=''
SHELL='/bin/sh'
STRIP=''
VERSION='4.2'
ac_ct_F77='gfortran'
ac_ct_RANLIB='ranlib'
ac_ct_STRIP=''
am__leading_dot='.'
am__tar='${AMTAR} chof - "$$tardir"'
am__untar='${AMTAR} xf -'
bindir='${exec_prefix}/bin'
build_alias=''
datadir='/afs/cern.ch/work/b/bkailasa/MCGens/madgraph/MG5_aMC_v2_6_7/pythia-pgs/src'
exec_prefix='${prefix}'
host_alias=''
includedir='${prefix}/include'
infodir='${prefix}/info'
install_sh='/afs/cern.ch/work/b/bkailasa/MCGens/madgraph/MG5_aMC_v2_6_7/pythia-pgs/libraries/lhapdf/config/install-sh'
libdir='${exec_prefix}/lib'
libexecdir='${exec_prefix}/libexec'
localstatedir='${prefix}/var'
mandir='${prefix}/man'
mkdir_p='mkdir -p --'
oldincludedir='/usr/include'
prefix='/afs/cern.ch/work/b/bkailasa/MCGens/madgraph/MG5_aMC_v2_6_7/pythia-pgs/libraries/lhapdf'
program_transform_name='s,x,x,'
sbindir='${exec_prefix}/sbin'
sharedstatedir='${prefix}/com'
sysconfdir='${prefix}/etc'
target_alias=''

## ----------- ##
## confdefs.h. ##
## ----------- ##

#define PACKAGE "lhapdf"
#define PACKAGE_BUGREPORT "lhapdf@cedar.ac.uk"
#define PACKAGE_NAME "LHAPDF"
#define PACKAGE_STRING "LHAPDF 4.2"
#define PACKAGE_TARNAME "lhapdf"
#define PACKAGE_VERSION "4.2"
#define VERSION "4.2"

configure: exit 0
