This is pdfTeXk, Version 3.141592-1.40.3 (Web2C 7.5.6)
 %&-line parsing enabled.
entering extended mode
(./main.tex
LaTeX2e <2005/12/01>
Babel <v3.8h> and hyphenation patterns for english, usenglishmax, dumylang, noh
yphenation, arabic, basque, bulgarian, coptic, welsh, czech, slovak, german, ng
erman, danish, esperanto, spanish, catalan, galician, estonian, farsi, finnish,
 french, greek, monogreek, ancientgreek, croatian, hungarian, interlingua, ibyc
us, indonesian, icelandic, italian, latin, mongolian, dutch, norsk, polish, por
tuguese, pinyin, romanian, russian, slovenian, uppersorbian, serbian, swedish, 
turkish, ukenglish, ukrainian, loaded.
(/usr/share/texmf/tex/latex/base/article.cls
Document Class: article 2005/09/16 v1.4f Standard LaTeX document class
(/usr/share/texmf/tex/latex/base/size10.clo)) (./jheppub.sty
(/usr/share/texmf/tex/latex/amsmath/amsmath.sty
For additional information on amsmath, use the `?' option.
(/usr/share/texmf/tex/latex/amsmath/amstext.sty
(/usr/share/texmf/tex/latex/amsmath/amsgen.sty))
(/usr/share/texmf/tex/latex/amsmath/amsbsy.sty)
(/usr/share/texmf/tex/latex/amsmath/amsopn.sty))
(/usr/share/texmf/tex/latex/amsfonts/amssymb.sty
(/usr/share/texmf/tex/latex/amsfonts/amsfonts.sty))
(/usr/share/texmf/tex/latex/graphics/epsfig.sty
(/usr/share/texmf/tex/latex/graphics/graphicx.sty
(/usr/share/texmf/tex/latex/graphics/keyval.sty)
(/usr/share/texmf/tex/latex/graphics/graphics.sty
(/usr/share/texmf/tex/latex/graphics/trig.sty)
(/usr/share/texmf/tex/latex/config/graphics.cfg)
(/usr/share/texmf/tex/latex/pdftex-def/pdftex.def))))
(/usr/share/texmf/tex/latex/natbib/natbib.sty)
(/usr/share/texmf/tex/latex/graphics/color.sty
(/usr/share/texmf/tex/latex/config/color.cfg))
(/usr/share/texmf/tex/latex/hyperref/hyperref.sty
(/usr/share/texmf/tex/latex/hyperref/pd1enc.def)
(/usr/share/texmf/tex/latex/config/hyperref.cfg)
(/usr/share/texmf/tex/latex/oberdiek/kvoptions.sty)
Implicit mode ON; LaTeX internals redefined
(/usr/share/texmf/tex/latex/html/url.sty))
*hyperref using default driver hpdftex*
(/usr/share/texmf/tex/latex/hyperref/hpdftex.def)
(/usr/share/texmf/tex/latex/psnfss/ot1phv.fd))
(/usr/share/texmf/tex/latex/base/fontenc.sty
(/usr/share/texmf/tex/latex/base/t1enc.def))
(/usr/share/texmf/tex/latex/colortbl/colortbl.sty
(/usr/share/texmf/tex/latex/tools/array.sty))
(/usr/share/texmf/tex/latex/xcolor/xcolor.sty
(/usr/share/texmf/tex/latex/config/color.cfg))
(/usr/share/texmf/tex/latex/float/float.sty)
No file main.aux.
(/usr/share/texmf/tex/latex/hyperref/nameref.sty
(/usr/share/texmf/tex/latex/oberdiek/refcount.sty))
(/usr/share/texmf/tex/latex/base/t1cmss.fd)
<logo.png, id=7, 325.215pt x 92.59593pt> <use logo.png>

Package JHEP Warning: E-mails are missing.
(JHEP)                Plese use \emailAdd macro to provide e-mails..

(/usr/share/texmf/tex/latex/amsfonts/umsa.fd)
(/usr/share/texmf/tex/latex/amsfonts/umsb.fd)
Underfull \hbox (badness 10000) in paragraph at lines 38--38


Underfull \hbox (badness 10000) in paragraph at lines 38--38


Underfull \hbox (badness 10000) in paragraph at lines 38--38


Underfull \hbox (badness 10000) in paragraph at lines 38--38

[0{/usr/share/texmf/fonts/map/pdftex/updmap/pdftex.map} <./logo.png (PNG copy)>
] [1] (/usr/share/texmf/tex/latex/base/t1cmtt.fd)
Overfull \hbox (52.67569pt too wide) in paragraph at lines 50--107
\T1/cmtt/m/n/10 ma5>import /-afs/-cern.ch/-work/-b/-bkailasa/-MCGens/-madgraph/
-MG5_aMC_v2_6_7/-PROC_Tutorial_UFO_0/-

Overfull \hbox (52.67569pt too wide) in paragraph at lines 50--107
\T1/cmtt/m/n/10 ma5>import /-afs/-cern.ch/-work/-b/-bkailasa/-MCGens/-madgraph/
-MG5_aMC_v2_6_7/-PROC_Tutorial_UFO_0/-

Overfull \hbox (52.67569pt too wide) in paragraph at lines 50--107
\T1/cmtt/m/n/10 ma5>submit /-afs/-cern.ch/-work/-b/-bkailasa/-MCGens/-madgraph/
-MG5_aMC_v2_6_7/-PROC_Tutorial_UFO_0/-

Underfull \hbox (badness 10000) in paragraph at lines 50--107

(/usr/share/texmf/tex/latex/base/omscmr.fd) [2]
Underfull \hbox (badness 10000) in paragraph at lines 135--135
[]|\T1/cmr/m/n/10 PROC_Tutorial_UFO_0/-

Underfull \hbox (badness 10000) in paragraph at lines 135--135
\T1/cmr/m/n/10 Events/-run_01/-

Overfull \hbox (18.13213pt too wide) in paragraph at lines 131--138
 [] 
[3]
Overfull \hbox (18.48262pt too wide) in paragraph at lines 156--156
[]|\T1/cmr/m/n/10 unweighted_events| 

Overfull \hbox (55.33208pt too wide) in paragraph at lines 152--159
 [] 

Underfull \hbox (badness 10000) in paragraph at lines 149--160

<selection_0.png, id=42, 698.61pt x 473.77pt> <use selection_0.png> [4pdfTeX wa
rning (ext4): destination with the same identifier (name{figure.1}) has been al
ready used, duplicate ignored
<to be read again> 
                   \endgroup \set@typeset@protect 
l.168       \newpage
                     <./selection_0.png (PNG copy)>]
Overfull \hbox (18.48262pt too wide) in paragraph at lines 178--178
[]|\T1/cmr/m/n/10 unweighted_events| 

Overfull \hbox (55.33208pt too wide) in paragraph at lines 174--181
 [] 

Underfull \hbox (badness 10000) in paragraph at lines 171--182

<selection_1.png, id=52, 698.61pt x 473.77pt> <use selection_1.png> [5pdfTeX wa
rning (ext4): destination with the same identifier (name{figure.2}) has been al
ready used, duplicate ignored
<to be read again> 
                   \endgroup \set@typeset@protect 
l.190       \newpage
                     <./selection_1.png (PNG copy)>]
Overfull \hbox (18.48262pt too wide) in paragraph at lines 200--200
[]|\T1/cmr/m/n/10 unweighted_events| 

Overfull \hbox (55.33208pt too wide) in paragraph at lines 196--203
 [] 

Underfull \hbox (badness 10000) in paragraph at lines 193--204

<selection_2.png, id=59, 698.61pt x 473.77pt> <use selection_2.png> [6pdfTeX wa
rning (ext4): destination with the same identifier (name{figure.3}) has been al
ready used, duplicate ignored
<to be read again> 
                   \endgroup \set@typeset@protect 
l.212       \newpage
                     <./selection_2.png (PNG copy)>]
Overfull \hbox (18.48262pt too wide) in paragraph at lines 222--222
[]|\T1/cmr/m/n/10 unweighted_events| 

Overfull \hbox (55.33208pt too wide) in paragraph at lines 218--225
 [] 

Underfull \hbox (badness 10000) in paragraph at lines 215--226

<selection_3.png, id=67, 698.61pt x 473.77pt> <use selection_3.png> [7pdfTeX wa
rning (ext4): destination with the same identifier (name{figure.4}) has been al
ready used, duplicate ignored
<to be read again> 
                   \endgroup \set@typeset@protect 
l.234       \newpage
                     <./selection_3.png (PNG copy)>]
Overfull \hbox (18.48262pt too wide) in paragraph at lines 244--244
[]|\T1/cmr/m/n/10 unweighted_events| 

Overfull \hbox (55.33208pt too wide) in paragraph at lines 240--247
 [] 

Underfull \hbox (badness 10000) in paragraph at lines 237--248

<selection_4.png, id=74, 698.61pt x 473.77pt> <use selection_4.png> [8pdfTeX wa
rning (ext4): destination with the same identifier (name{figure.5}) has been al
ready used, duplicate ignored
<to be read again> 
                   \endgroup \set@typeset@protect 
l.256       \newpage
                     <./selection_4.png (PNG copy)>]
Overfull \hbox (18.48262pt too wide) in paragraph at lines 266--266
[]|\T1/cmr/m/n/10 unweighted_events| 

Overfull \hbox (55.33208pt too wide) in paragraph at lines 262--269
 [] 

Underfull \hbox (badness 10000) in paragraph at lines 259--270

<selection_5.png, id=81, 698.61pt x 473.77pt> <use selection_5.png> [9pdfTeX wa
rning (ext4): destination with the same identifier (name{figure.6}) has been al
ready used, duplicate ignored
<to be read again> 
                   \endgroup \set@typeset@protect 
l.278       \newpage
                     <./selection_5.png (PNG copy)>]
Overfull \hbox (18.48262pt too wide) in paragraph at lines 288--288
[]|\T1/cmr/m/n/10 unweighted_events| 

Overfull \hbox (55.33208pt too wide) in paragraph at lines 284--291
 [] 

Underfull \hbox (badness 10000) in paragraph at lines 281--292

<selection_6.png, id=88, 698.61pt x 473.77pt> <use selection_6.png> [10pdfTeX w
arning (ext4): destination with the same identifier (name{figure.7}) has been a
lready used, duplicate ignored
<to be read again> 
                   \endgroup \set@typeset@protect 
l.300       \newpage
                     <./selection_6.png (PNG copy)>]
Overfull \hbox (18.48262pt too wide) in paragraph at lines 310--310
[]|\T1/cmr/m/n/10 unweighted_events| 

Overfull \hbox (55.33208pt too wide) in paragraph at lines 306--313
 [] 

Underfull \hbox (badness 10000) in paragraph at lines 303--314

<selection_7.png, id=95, 698.61pt x 473.77pt> <use selection_7.png> [11pdfTeX w
arning (ext4): destination with the same identifier (name{figure.8}) has been a
lready used, duplicate ignored
<to be read again> 
                   \endgroup \set@typeset@protect 
l.322       \newpage
                     <./selection_7.png (PNG copy)>]
Overfull \hbox (18.48262pt too wide) in paragraph at lines 332--332
[]|\T1/cmr/m/n/10 unweighted_events| 

Overfull \hbox (55.33208pt too wide) in paragraph at lines 328--335
 [] 

Underfull \hbox (badness 10000) in paragraph at lines 325--336

<selection_8.png, id=102, 698.61pt x 473.77pt> <use selection_8.png> [12pdfTeX 
warning (ext4): destination with the same identifier (name{figure.9}) has been 
already used, duplicate ignored
<to be read again> 
                   \endgroup \set@typeset@protect 
l.344       \newpage
                     <./selection_8.png (PNG copy)>]
Overfull \hbox (18.48262pt too wide) in paragraph at lines 354--354
[]|\T1/cmr/m/n/10 unweighted_events| 

Overfull \hbox (55.33208pt too wide) in paragraph at lines 350--357
 [] 

Underfull \hbox (badness 10000) in paragraph at lines 347--358

<selection_9.png, id=110, 698.61pt x 473.77pt> <use selection_9.png> [13pdfTeX 
warning (ext4): destination with the same identifier (name{figure.10}) has been
 already used, duplicate ignored
<to be read again> 
                   \endgroup \set@typeset@protect 
l.366       \newpage
                     <./selection_9.png (PNG copy)>]
Overfull \hbox (18.48262pt too wide) in paragraph at lines 376--376
[]|\T1/cmr/m/n/10 unweighted_events| 

Overfull \hbox (55.33208pt too wide) in paragraph at lines 372--379
 [] 

Underfull \hbox (badness 10000) in paragraph at lines 369--380

<selection_10.png, id=117, 698.61pt x 473.77pt> <use selection_10.png> [14pdfTe
X warning (ext4): destination with the same identifier (name{figure.11}) has be
en already used, duplicate ignored
<to be read again> 
                   \endgroup \set@typeset@protect 
l.388       \newpage
                     <./selection_10.png (PNG copy)>]
Overfull \hbox (18.48262pt too wide) in paragraph at lines 398--398
[]|\T1/cmr/m/n/10 unweighted_events| 

Overfull \hbox (55.33208pt too wide) in paragraph at lines 394--401
 [] 

Underfull \hbox (badness 10000) in paragraph at lines 391--402

<selection_11.png, id=124, 698.61pt x 473.77pt> <use selection_11.png> [15pdfTe
X warning (ext4): destination with the same identifier (name{figure.12}) has be
en already used, duplicate ignored
<to be read again> 
                   \endgroup \set@typeset@protect 
l.410       \newpage
                     <./selection_11.png (PNG copy)>]
Overfull \hbox (18.48262pt too wide) in paragraph at lines 420--420
[]|\T1/cmr/m/n/10 unweighted_events| 

Overfull \hbox (55.33208pt too wide) in paragraph at lines 416--423
 [] 

Underfull \hbox (badness 10000) in paragraph at lines 413--424

<selection_12.png, id=131, 698.61pt x 473.77pt> <use selection_12.png> [16pdfTe
X warning (ext4): destination with the same identifier (name{figure.13}) has be
en already used, duplicate ignored
<to be read again> 
                   \endgroup \set@typeset@protect 
l.432       \newpage
                     <./selection_12.png (PNG copy)>]
Overfull \hbox (18.48262pt too wide) in paragraph at lines 442--442
[]|\T1/cmr/m/n/10 unweighted_events| 

Overfull \hbox (55.33208pt too wide) in paragraph at lines 438--445
 [] 

Underfull \hbox (badness 10000) in paragraph at lines 435--446

<selection_13.png, id=138, 698.61pt x 473.77pt> <use selection_13.png> [17pdfTe
X warning (ext4): destination with the same identifier (name{figure.14}) has be
en already used, duplicate ignored
<to be read again> 
                   \endgroup \set@typeset@protect 
l.454       \newpage
                     <./selection_13.png (PNG copy)>]
Overfull \hbox (18.48262pt too wide) in paragraph at lines 464--464
[]|\T1/cmr/m/n/10 unweighted_events| 

Overfull \hbox (55.33208pt too wide) in paragraph at lines 460--467
 [] 

Underfull \hbox (badness 10000) in paragraph at lines 457--468

<selection_14.png, id=145, 698.61pt x 473.77pt> <use selection_14.png> [18pdfTe
X warning (ext4): destination with the same identifier (name{figure.15}) has be
en already used, duplicate ignored
<to be read again> 
                   \endgroup \set@typeset@protect 
l.476       \newpage
                     <./selection_14.png (PNG copy)>]
Overfull \hbox (18.48262pt too wide) in paragraph at lines 486--486
[]|\T1/cmr/m/n/10 unweighted_events| 

Overfull \hbox (55.33208pt too wide) in paragraph at lines 482--489
 [] 

Underfull \hbox (badness 10000) in paragraph at lines 479--490

<selection_15.png, id=153, 698.61pt x 473.77pt> <use selection_15.png> [19pdfTe
X warning (ext4): destination with the same identifier (name{figure.16}) has be
en already used, duplicate ignored
<to be read again> 
                   \endgroup \set@typeset@protect 
l.498       \newpage
                     <./selection_15.png (PNG copy)>]
Overfull \hbox (18.48262pt too wide) in paragraph at lines 508--508
[]|\T1/cmr/m/n/10 unweighted_events| 

Overfull \hbox (55.33208pt too wide) in paragraph at lines 504--511
 [] 

Underfull \hbox (badness 10000) in paragraph at lines 501--512

<selection_16.png, id=160, 698.61pt x 473.77pt> <use selection_16.png> [20pdfTe
X warning (ext4): destination with the same identifier (name{figure.17}) has be
en already used, duplicate ignored
<to be read again> 
                   \endgroup \set@typeset@protect 
l.520       \newpage
                     <./selection_16.png (PNG copy)>]
Overfull \hbox (18.48262pt too wide) in paragraph at lines 530--530
[]|\T1/cmr/m/n/10 unweighted_events| 

Overfull \hbox (55.33208pt too wide) in paragraph at lines 526--533
 [] 

Underfull \hbox (badness 10000) in paragraph at lines 523--534

<selection_17.png, id=167, 698.61pt x 473.77pt> <use selection_17.png> [21pdfTe
X warning (ext4): destination with the same identifier (name{figure.18}) has be
en already used, duplicate ignored
<to be read again> 
                   \endgroup \set@typeset@protect 
l.542       \newpage
                     <./selection_17.png (PNG copy)>]
Overfull \hbox (18.48262pt too wide) in paragraph at lines 552--552
[]|\T1/cmr/m/n/10 unweighted_events| 

Overfull \hbox (55.33208pt too wide) in paragraph at lines 548--555
 [] 

Underfull \hbox (badness 10000) in paragraph at lines 545--556

<selection_18.png, id=174, 698.61pt x 473.77pt> <use selection_18.png> [22pdfTe
X warning (ext4): destination with the same identifier (name{figure.19}) has be
en already used, duplicate ignored
<to be read again> 
                   \endgroup \set@typeset@protect 
l.564       \newpage
                     <./selection_18.png (PNG copy)>]
Overfull \hbox (18.48262pt too wide) in paragraph at lines 574--574
[]|\T1/cmr/m/n/10 unweighted_events| 

Overfull \hbox (55.33208pt too wide) in paragraph at lines 570--577
 [] 

Underfull \hbox (badness 10000) in paragraph at lines 567--578

<selection_19.png, id=181, 698.61pt x 473.77pt> <use selection_19.png> [23pdfTe
X warning (ext4): destination with the same identifier (name{figure.20}) has be
en already used, duplicate ignored
<to be read again> 
                   \endgroup \set@typeset@protect 
l.586       \newpage
                     <./selection_19.png (PNG copy)>]
Overfull \hbox (18.48262pt too wide) in paragraph at lines 596--596
[]|\T1/cmr/m/n/10 unweighted_events| 

Overfull \hbox (55.33208pt too wide) in paragraph at lines 592--599
 [] 

Underfull \hbox (badness 10000) in paragraph at lines 589--600

<selection_20.png, id=188, 698.61pt x 473.77pt> <use selection_20.png> [24pdfTe
X warning (ext4): destination with the same identifier (name{figure.21}) has be
en already used, duplicate ignored
<to be read again> 
                   \endgroup \set@typeset@protect 
l.608       \newpage
                     <./selection_20.png (PNG copy)>]
Overfull \hbox (18.48262pt too wide) in paragraph at lines 618--618
[]|\T1/cmr/m/n/10 unweighted_events| 

Overfull \hbox (55.33208pt too wide) in paragraph at lines 614--621
 [] 

Underfull \hbox (badness 10000) in paragraph at lines 611--622

<selection_21.png, id=196, 698.61pt x 473.77pt> <use selection_21.png> [25pdfTe
X warning (ext4): destination with the same identifier (name{figure.22}) has be
en already used, duplicate ignored
<to be read again> 
                   \endgroup \set@typeset@protect 
l.630       \end{document}
                           <./selection_21.png (PNG copy)>] (./main.aux) )
(see the transcript file for additional information) </afs/cern.ch/user/b/bkail
asa/.texlive2007/texmf-var/fonts/pk/ljfour/jknappen/ec/ecrm0900.600pk> </afs/ce
rn.ch/user/b/bkailasa/.texlive2007/texmf-var/fonts/pk/ljfour/jknappen/ec/ecbx09
00.600pk> </afs/cern.ch/user/b/bkailasa/.texlive2007/texmf-var/fonts/pk/ljfour/
jknappen/ec/ectt1000.600pk> </afs/cern.ch/user/b/bkailasa/.texlive2007/texmf-va
r/fonts/pk/ljfour/jknappen/ec/ecbx1200.600pk> </afs/cern.ch/user/b/bkailasa/.te
xlive2007/texmf-var/fonts/pk/ljfour/jknappen/ec/ecti1000.600pk> </afs/cern.ch/u
ser/b/bkailasa/.texlive2007/texmf-var/fonts/pk/ljfour/jknappen/ec/ecbx1000.600p
k> </afs/cern.ch/user/b/bkailasa/.texlive2007/texmf-var/fonts/pk/ljfour/jknappe
n/ec/eccc1000.600pk> </afs/cern.ch/user/b/bkailasa/.texlive2007/texmf-var/fonts
/pk/ljfour/jknappen/ec/ecrm1000.600pk> </afs/cern.ch/user/b/bkailasa/.texlive20
07/texmf-var/fonts/pk/ljfour/jknappen/ec/ecsx1000.600pk> </afs/cern.ch/user/b/b
kailasa/.texlive2007/texmf-var/fonts/pk/ljfour/jknappen/ec/ecsx1728.600pk></usr
/share/texmf/fonts/type1/bluesky/cm/cmr7.pfb></usr/share/texmf/fonts/type1/blue
sky/cm/cmsy10.pfb></usr/share/texmf/fonts/type1/bluesky/cm/cmsy7.pfb>
Output written on main.pdf (26 pages, 360550 bytes).
Transcript written on main.log.
This is pdfTeXk, Version 3.141592-1.40.3 (Web2C 7.5.6)
 %&-line parsing enabled.
entering extended mode
(./main.tex
LaTeX2e <2005/12/01>
Babel <v3.8h> and hyphenation patterns for english, usenglishmax, dumylang, noh
yphenation, arabic, basque, bulgarian, coptic, welsh, czech, slovak, german, ng
erman, danish, esperanto, spanish, catalan, galician, estonian, farsi, finnish,
 french, greek, monogreek, ancientgreek, croatian, hungarian, interlingua, ibyc
us, indonesian, icelandic, italian, latin, mongolian, dutch, norsk, polish, por
tuguese, pinyin, romanian, russian, slovenian, uppersorbian, serbian, swedish, 
turkish, ukenglish, ukrainian, loaded.
(/usr/share/texmf/tex/latex/base/article.cls
Document Class: article 2005/09/16 v1.4f Standard LaTeX document class
(/usr/share/texmf/tex/latex/base/size10.clo)) (./jheppub.sty
(/usr/share/texmf/tex/latex/amsmath/amsmath.sty
For additional information on amsmath, use the `?' option.
(/usr/share/texmf/tex/latex/amsmath/amstext.sty
(/usr/share/texmf/tex/latex/amsmath/amsgen.sty))
(/usr/share/texmf/tex/latex/amsmath/amsbsy.sty)
(/usr/share/texmf/tex/latex/amsmath/amsopn.sty))
(/usr/share/texmf/tex/latex/amsfonts/amssymb.sty
(/usr/share/texmf/tex/latex/amsfonts/amsfonts.sty))
(/usr/share/texmf/tex/latex/graphics/epsfig.sty
(/usr/share/texmf/tex/latex/graphics/graphicx.sty
(/usr/share/texmf/tex/latex/graphics/keyval.sty)
(/usr/share/texmf/tex/latex/graphics/graphics.sty
(/usr/share/texmf/tex/latex/graphics/trig.sty)
(/usr/share/texmf/tex/latex/config/graphics.cfg)
(/usr/share/texmf/tex/latex/pdftex-def/pdftex.def))))
(/usr/share/texmf/tex/latex/natbib/natbib.sty)
(/usr/share/texmf/tex/latex/graphics/color.sty
(/usr/share/texmf/tex/latex/config/color.cfg))
(/usr/share/texmf/tex/latex/hyperref/hyperref.sty
(/usr/share/texmf/tex/latex/hyperref/pd1enc.def)
(/usr/share/texmf/tex/latex/config/hyperref.cfg)
(/usr/share/texmf/tex/latex/oberdiek/kvoptions.sty)
Implicit mode ON; LaTeX internals redefined
(/usr/share/texmf/tex/latex/html/url.sty))
*hyperref using default driver hpdftex*
(/usr/share/texmf/tex/latex/hyperref/hpdftex.def)
(/usr/share/texmf/tex/latex/psnfss/ot1phv.fd))
(/usr/share/texmf/tex/latex/base/fontenc.sty
(/usr/share/texmf/tex/latex/base/t1enc.def))
(/usr/share/texmf/tex/latex/colortbl/colortbl.sty
(/usr/share/texmf/tex/latex/tools/array.sty))
(/usr/share/texmf/tex/latex/xcolor/xcolor.sty
(/usr/share/texmf/tex/latex/config/color.cfg))
(/usr/share/texmf/tex/latex/float/float.sty) (./main.aux)
(/usr/share/texmf/tex/latex/hyperref/nameref.sty
(/usr/share/texmf/tex/latex/oberdiek/refcount.sty)) (./main.out) (./main.out)
(/usr/share/texmf/tex/latex/base/t1cmss.fd)
<logo.png, id=119, 325.215pt x 92.59593pt> <use logo.png>

Package JHEP Warning: E-mails are missing.
(JHEP)                Plese use \emailAdd macro to provide e-mails..

(/usr/share/texmf/tex/latex/amsfonts/umsa.fd)
(/usr/share/texmf/tex/latex/amsfonts/umsb.fd)
Underfull \hbox (badness 10000) in paragraph at lines 38--38


Underfull \hbox (badness 10000) in paragraph at lines 38--38


Underfull \hbox (badness 10000) in paragraph at lines 38--38


Underfull \hbox (badness 10000) in paragraph at lines 38--38

[0{/usr/share/texmf/fonts/map/pdftex/updmap/pdftex.map} <./logo.png (PNG copy)>
] (./main.toc) [1] (/usr/share/texmf/tex/latex/base/t1cmtt.fd)
Overfull \hbox (52.67569pt too wide) in paragraph at lines 50--107
\T1/cmtt/m/n/10 ma5>import /-afs/-cern.ch/-work/-b/-bkailasa/-MCGens/-madgraph/
-MG5_aMC_v2_6_7/-PROC_Tutorial_UFO_0/-

Overfull \hbox (52.67569pt too wide) in paragraph at lines 50--107
\T1/cmtt/m/n/10 ma5>import /-afs/-cern.ch/-work/-b/-bkailasa/-MCGens/-madgraph/
-MG5_aMC_v2_6_7/-PROC_Tutorial_UFO_0/-

Overfull \hbox (52.67569pt too wide) in paragraph at lines 50--107
\T1/cmtt/m/n/10 ma5>submit /-afs/-cern.ch/-work/-b/-bkailasa/-MCGens/-madgraph/
-MG5_aMC_v2_6_7/-PROC_Tutorial_UFO_0/-

Underfull \hbox (badness 10000) in paragraph at lines 50--107

(/usr/share/texmf/tex/latex/base/omscmr.fd) [2]
Underfull \hbox (badness 10000) in paragraph at lines 135--135
[]|\T1/cmr/m/n/10 PROC_Tutorial_UFO_0/-

Underfull \hbox (badness 10000) in paragraph at lines 135--135
\T1/cmr/m/n/10 Events/-run_01/-

Overfull \hbox (18.13213pt too wide) in paragraph at lines 131--138
 [] 
[3]
Overfull \hbox (18.48262pt too wide) in paragraph at lines 156--156
[]|\T1/cmr/m/n/10 unweighted_events| 

Overfull \hbox (55.33208pt too wide) in paragraph at lines 152--159
 [] 

Underfull \hbox (badness 10000) in paragraph at lines 149--160

<selection_0.png, id=177, 698.61pt x 473.77pt> <use selection_0.png> [4pdfTeX w
arning (ext4): destination with the same identifier (name{figure.1}) has been a
lready used, duplicate ignored
<to be read again> 
                   \endgroup \set@typeset@protect 
l.168       \newpage
                     <./selection_0.png (PNG copy)>]
Overfull \hbox (18.48262pt too wide) in paragraph at lines 178--178
[]|\T1/cmr/m/n/10 unweighted_events| 

Overfull \hbox (55.33208pt too wide) in paragraph at lines 174--181
 [] 

Underfull \hbox (badness 10000) in paragraph at lines 171--182

<selection_1.png, id=185, 698.61pt x 473.77pt> <use selection_1.png> [5pdfTeX w
arning (ext4): destination with the same identifier (name{figure.2}) has been a
lready used, duplicate ignored
<to be read again> 
                   \endgroup \set@typeset@protect 
l.190       \newpage
                     <./selection_1.png (PNG copy)>]
Overfull \hbox (18.48262pt too wide) in paragraph at lines 200--200
[]|\T1/cmr/m/n/10 unweighted_events| 

Overfull \hbox (55.33208pt too wide) in paragraph at lines 196--203
 [] 

Underfull \hbox (badness 10000) in paragraph at lines 193--204

<selection_2.png, id=191, 698.61pt x 473.77pt> <use selection_2.png> [6pdfTeX w
arning (ext4): destination with the same identifier (name{figure.3}) has been a
lready used, duplicate ignored
<to be read again> 
                   \endgroup \set@typeset@protect 
l.212       \newpage
                     <./selection_2.png (PNG copy)>]
Overfull \hbox (18.48262pt too wide) in paragraph at lines 222--222
[]|\T1/cmr/m/n/10 unweighted_events| 

Overfull \hbox (55.33208pt too wide) in paragraph at lines 218--225
 [] 

Underfull \hbox (badness 10000) in paragraph at lines 215--226

<selection_3.png, id=198, 698.61pt x 473.77pt> <use selection_3.png> [7pdfTeX w
arning (ext4): destination with the same identifier (name{figure.4}) has been a
lready used, duplicate ignored
<to be read again> 
                   \endgroup \set@typeset@protect 
l.234       \newpage
                     <./selection_3.png (PNG copy)>]
Overfull \hbox (18.48262pt too wide) in paragraph at lines 244--244
[]|\T1/cmr/m/n/10 unweighted_events| 

Overfull \hbox (55.33208pt too wide) in paragraph at lines 240--247
 [] 

Underfull \hbox (badness 10000) in paragraph at lines 237--248

<selection_4.png, id=204, 698.61pt x 473.77pt> <use selection_4.png> [8pdfTeX w
arning (ext4): destination with the same identifier (name{figure.5}) has been a
lready used, duplicate ignored
<to be read again> 
                   \endgroup \set@typeset@protect 
l.256       \newpage
                     <./selection_4.png (PNG copy)>]
Overfull \hbox (18.48262pt too wide) in paragraph at lines 266--266
[]|\T1/cmr/m/n/10 unweighted_events| 

Overfull \hbox (55.33208pt too wide) in paragraph at lines 262--269
 [] 

Underfull \hbox (badness 10000) in paragraph at lines 259--270

<selection_5.png, id=210, 698.61pt x 473.77pt> <use selection_5.png> [9pdfTeX w
arning (ext4): destination with the same identifier (name{figure.6}) has been a
lready used, duplicate ignored
<to be read again> 
                   \endgroup \set@typeset@protect 
l.278       \newpage
                     <./selection_5.png (PNG copy)>]
Overfull \hbox (18.48262pt too wide) in paragraph at lines 288--288
[]|\T1/cmr/m/n/10 unweighted_events| 

Overfull \hbox (55.33208pt too wide) in paragraph at lines 284--291
 [] 

Underfull \hbox (badness 10000) in paragraph at lines 281--292

<selection_6.png, id=216, 698.61pt x 473.77pt> <use selection_6.png> [10pdfTeX 
warning (ext4): destination with the same identifier (name{figure.7}) has been 
already used, duplicate ignored
<to be read again> 
                   \endgroup \set@typeset@protect 
l.300       \newpage
                     <./selection_6.png (PNG copy)>]
Overfull \hbox (18.48262pt too wide) in paragraph at lines 310--310
[]|\T1/cmr/m/n/10 unweighted_events| 

Overfull \hbox (55.33208pt too wide) in paragraph at lines 306--313
 [] 

Underfull \hbox (badness 10000) in paragraph at lines 303--314

<selection_7.png, id=222, 698.61pt x 473.77pt> <use selection_7.png> [11pdfTeX 
warning (ext4): destination with the same identifier (name{figure.8}) has been 
already used, duplicate ignored
<to be read again> 
                   \endgroup \set@typeset@protect 
l.322       \newpage
                     <./selection_7.png (PNG copy)>]
Overfull \hbox (18.48262pt too wide) in paragraph at lines 332--332
[]|\T1/cmr/m/n/10 unweighted_events| 

Overfull \hbox (55.33208pt too wide) in paragraph at lines 328--335
 [] 

Underfull \hbox (badness 10000) in paragraph at lines 325--336

<selection_8.png, id=228, 698.61pt x 473.77pt> <use selection_8.png> [12pdfTeX 
warning (ext4): destination with the same identifier (name{figure.9}) has been 
already used, duplicate ignored
<to be read again> 
                   \endgroup \set@typeset@protect 
l.344       \newpage
                     <./selection_8.png (PNG copy)>]
Overfull \hbox (18.48262pt too wide) in paragraph at lines 354--354
[]|\T1/cmr/m/n/10 unweighted_events| 

Overfull \hbox (55.33208pt too wide) in paragraph at lines 350--357
 [] 

Underfull \hbox (badness 10000) in paragraph at lines 347--358

<selection_9.png, id=235, 698.61pt x 473.77pt> <use selection_9.png> [13pdfTeX 
warning (ext4): destination with the same identifier (name{figure.10}) has been
 already used, duplicate ignored
<to be read again> 
                   \endgroup \set@typeset@protect 
l.366       \newpage
                     <./selection_9.png (PNG copy)>]
Overfull \hbox (18.48262pt too wide) in paragraph at lines 376--376
[]|\T1/cmr/m/n/10 unweighted_events| 

Overfull \hbox (55.33208pt too wide) in paragraph at lines 372--379
 [] 

Underfull \hbox (badness 10000) in paragraph at lines 369--380

<selection_10.png, id=241, 698.61pt x 473.77pt> <use selection_10.png> [14pdfTe
X warning (ext4): destination with the same identifier (name{figure.11}) has be
en already used, duplicate ignored
<to be read again> 
                   \endgroup \set@typeset@protect 
l.388       \newpage
                     <./selection_10.png (PNG copy)>]
Overfull \hbox (18.48262pt too wide) in paragraph at lines 398--398
[]|\T1/cmr/m/n/10 unweighted_events| 

Overfull \hbox (55.33208pt too wide) in paragraph at lines 394--401
 [] 

Underfull \hbox (badness 10000) in paragraph at lines 391--402

<selection_11.png, id=247, 698.61pt x 473.77pt> <use selection_11.png> [15pdfTe
X warning (ext4): destination with the same identifier (name{figure.12}) has be
en already used, duplicate ignored
<to be read again> 
                   \endgroup \set@typeset@protect 
l.410       \newpage
                     <./selection_11.png (PNG copy)>]
Overfull \hbox (18.48262pt too wide) in paragraph at lines 420--420
[]|\T1/cmr/m/n/10 unweighted_events| 

Overfull \hbox (55.33208pt too wide) in paragraph at lines 416--423
 [] 

Underfull \hbox (badness 10000) in paragraph at lines 413--424

<selection_12.png, id=253, 698.61pt x 473.77pt> <use selection_12.png> [16pdfTe
X warning (ext4): destination with the same identifier (name{figure.13}) has be
en already used, duplicate ignored
<to be read again> 
                   \endgroup \set@typeset@protect 
l.432       \newpage
                     <./selection_12.png (PNG copy)>]
Overfull \hbox (18.48262pt too wide) in paragraph at lines 442--442
[]|\T1/cmr/m/n/10 unweighted_events| 

Overfull \hbox (55.33208pt too wide) in paragraph at lines 438--445
 [] 

Underfull \hbox (badness 10000) in paragraph at lines 435--446

<selection_13.png, id=259, 698.61pt x 473.77pt> <use selection_13.png> [17pdfTe
X warning (ext4): destination with the same identifier (name{figure.14}) has be
en already used, duplicate ignored
<to be read again> 
                   \endgroup \set@typeset@protect 
l.454       \newpage
                     <./selection_13.png (PNG copy)>]
Overfull \hbox (18.48262pt too wide) in paragraph at lines 464--464
[]|\T1/cmr/m/n/10 unweighted_events| 

Overfull \hbox (55.33208pt too wide) in paragraph at lines 460--467
 [] 

Underfull \hbox (badness 10000) in paragraph at lines 457--468

<selection_14.png, id=265, 698.61pt x 473.77pt> <use selection_14.png> [18pdfTe
X warning (ext4): destination with the same identifier (name{figure.15}) has be
en already used, duplicate ignored
<to be read again> 
                   \endgroup \set@typeset@protect 
l.476       \newpage
                     <./selection_14.png (PNG copy)>]
Overfull \hbox (18.48262pt too wide) in paragraph at lines 486--486
[]|\T1/cmr/m/n/10 unweighted_events| 

Overfull \hbox (55.33208pt too wide) in paragraph at lines 482--489
 [] 

Underfull \hbox (badness 10000) in paragraph at lines 479--490

<selection_15.png, id=272, 698.61pt x 473.77pt> <use selection_15.png> [19pdfTe
X warning (ext4): destination with the same identifier (name{figure.16}) has be
en already used, duplicate ignored
<to be read again> 
                   \endgroup \set@typeset@protect 
l.498       \newpage
                     <./selection_15.png (PNG copy)>]
Overfull \hbox (18.48262pt too wide) in paragraph at lines 508--508
[]|\T1/cmr/m/n/10 unweighted_events| 

Overfull \hbox (55.33208pt too wide) in paragraph at lines 504--511
 [] 

Underfull \hbox (badness 10000) in paragraph at lines 501--512

<selection_16.png, id=278, 698.61pt x 473.77pt> <use selection_16.png> [20pdfTe
X warning (ext4): destination with the same identifier (name{figure.17}) has be
en already used, duplicate ignored
<to be read again> 
                   \endgroup \set@typeset@protect 
l.520       \newpage
                     <./selection_16.png (PNG copy)>]
Overfull \hbox (18.48262pt too wide) in paragraph at lines 530--530
[]|\T1/cmr/m/n/10 unweighted_events| 

Overfull \hbox (55.33208pt too wide) in paragraph at lines 526--533
 [] 

Underfull \hbox (badness 10000) in paragraph at lines 523--534

<selection_17.png, id=284, 698.61pt x 473.77pt> <use selection_17.png> [21pdfTe
X warning (ext4): destination with the same identifier (name{figure.18}) has be
en already used, duplicate ignored
<to be read again> 
                   \endgroup \set@typeset@protect 
l.542       \newpage
                     <./selection_17.png (PNG copy)>]
Overfull \hbox (18.48262pt too wide) in paragraph at lines 552--552
[]|\T1/cmr/m/n/10 unweighted_events| 

Overfull \hbox (55.33208pt too wide) in paragraph at lines 548--555
 [] 

Underfull \hbox (badness 10000) in paragraph at lines 545--556

<selection_18.png, id=290, 698.61pt x 473.77pt> <use selection_18.png> [22pdfTe
X warning (ext4): destination with the same identifier (name{figure.19}) has be
en already used, duplicate ignored
<to be read again> 
                   \endgroup \set@typeset@protect 
l.564       \newpage
                     <./selection_18.png (PNG copy)>]
Overfull \hbox (18.48262pt too wide) in paragraph at lines 574--574
[]|\T1/cmr/m/n/10 unweighted_events| 

Overfull \hbox (55.33208pt too wide) in paragraph at lines 570--577
 [] 

Underfull \hbox (badness 10000) in paragraph at lines 567--578

<selection_19.png, id=296, 698.61pt x 473.77pt> <use selection_19.png> [23pdfTe
X warning (ext4): destination with the same identifier (name{figure.20}) has be
en already used, duplicate ignored
<to be read again> 
                   \endgroup \set@typeset@protect 
l.586       \newpage
                     <./selection_19.png (PNG copy)>]
Overfull \hbox (18.48262pt too wide) in paragraph at lines 596--596
[]|\T1/cmr/m/n/10 unweighted_events| 

Overfull \hbox (55.33208pt too wide) in paragraph at lines 592--599
 [] 

Underfull \hbox (badness 10000) in paragraph at lines 589--600

<selection_20.png, id=302, 698.61pt x 473.77pt> <use selection_20.png> [24pdfTe
X warning (ext4): destination with the same identifier (name{figure.21}) has be
en already used, duplicate ignored
<to be read again> 
                   \endgroup \set@typeset@protect 
l.608       \newpage
                     <./selection_20.png (PNG copy)>]
Overfull \hbox (18.48262pt too wide) in paragraph at lines 618--618
[]|\T1/cmr/m/n/10 unweighted_events| 

Overfull \hbox (55.33208pt too wide) in paragraph at lines 614--621
 [] 

Underfull \hbox (badness 10000) in paragraph at lines 611--622

<selection_21.png, id=309, 698.61pt x 473.77pt> <use selection_21.png> [25pdfTe
X warning (ext4): destination with the same identifier (name{figure.22}) has be
en already used, duplicate ignored
<to be read again> 
                   \endgroup \set@typeset@protect 
l.630       \end{document}
                           <./selection_21.png (PNG copy)>] (./main.aux) )
(see the transcript file for additional information) </afs/cern.ch/user/b/bkail
asa/.texlive2007/texmf-var/fonts/pk/ljfour/jknappen/ec/ecrm0900.600pk> </afs/ce
rn.ch/user/b/bkailasa/.texlive2007/texmf-var/fonts/pk/ljfour/jknappen/ec/ecbx09
00.600pk> </afs/cern.ch/user/b/bkailasa/.texlive2007/texmf-var/fonts/pk/ljfour/
jknappen/ec/ectt1000.600pk> </afs/cern.ch/user/b/bkailasa/.texlive2007/texmf-va
r/fonts/pk/ljfour/jknappen/ec/ecbx1200.600pk> </afs/cern.ch/user/b/bkailasa/.te
xlive2007/texmf-var/fonts/pk/ljfour/jknappen/ec/ecti1000.600pk> </afs/cern.ch/u
ser/b/bkailasa/.texlive2007/texmf-var/fonts/pk/ljfour/jknappen/ec/ecbx1000.600p
k> </afs/cern.ch/user/b/bkailasa/.texlive2007/texmf-var/fonts/pk/ljfour/jknappe
n/ec/eccc1000.600pk> </afs/cern.ch/user/b/bkailasa/.texlive2007/texmf-var/fonts
/pk/ljfour/jknappen/ec/ecrm1000.600pk> </afs/cern.ch/user/b/bkailasa/.texlive20
07/texmf-var/fonts/pk/ljfour/jknappen/ec/ecsx1000.600pk> </afs/cern.ch/user/b/b
kailasa/.texlive2007/texmf-var/fonts/pk/ljfour/jknappen/ec/ecsx1728.600pk></usr
/share/texmf/fonts/type1/bluesky/cm/cmr7.pfb></usr/share/texmf/fonts/type1/blue
sky/cm/cmsy10.pfb></usr/share/texmf/fonts/type1/bluesky/cm/cmsy7.pfb>
Output written on main.pdf (26 pages, 373055 bytes).
Transcript written on main.log.
