This is pdfTeX, Version 3.1415926-2.5-1.40.14 (TeX Live 2013)
 restricted \write18 enabled.
entering extended mode
(./main.tex
LaTeX2e <2011/06/27>
Babel <v3.8m> and hyphenation patterns for english, dumylang, nohyphenation, lo
aded.
(/usr/share/texlive/texmf-dist/tex/latex/base/article.cls
Document Class: article 2007/10/19 v1.4h Standard LaTeX document class
(/usr/share/texlive/texmf-dist/tex/latex/base/size10.clo)) (./jheppub.sty
(/usr/share/texlive/texmf-dist/tex/latex/amsmath/amsmath.sty
For additional information on amsmath, use the `?' option.
(/usr/share/texlive/texmf-dist/tex/latex/amsmath/amstext.sty
(/usr/share/texlive/texmf-dist/tex/latex/amsmath/amsgen.sty))
(/usr/share/texlive/texmf-dist/tex/latex/amsmath/amsbsy.sty)
(/usr/share/texlive/texmf-dist/tex/latex/amsmath/amsopn.sty))
(/usr/share/texlive/texmf-dist/tex/latex/amsfonts/amssymb.sty
(/usr/share/texlive/texmf-dist/tex/latex/amsfonts/amsfonts.sty))
(/usr/share/texlive/texmf-dist/tex/latex/graphics/epsfig.sty
(/usr/share/texlive/texmf-dist/tex/latex/graphics/graphicx.sty
(/usr/share/texlive/texmf-dist/tex/latex/graphics/keyval.sty)
(/usr/share/texlive/texmf-dist/tex/latex/graphics/graphics.sty
(/usr/share/texlive/texmf-dist/tex/latex/graphics/trig.sty)
(/usr/share/texlive/texmf-dist/tex/latex/latexconfig/graphics.cfg)
(/usr/share/texlive/texmf-dist/tex/latex/graphics/dvips.def))))
(/usr/share/texlive/texmf-dist/tex/latex/natbib/natbib.sty)
(/usr/share/texlive/texmf-dist/tex/latex/graphics/color.sty
(/usr/share/texlive/texmf-dist/tex/latex/latexconfig/color.cfg)
(/usr/share/texlive/texmf-dist/tex/latex/graphics/dvipsnam.def))
(/usr/share/texlive/texmf-dist/tex/latex/hyperref/hyperref.sty
(/usr/share/texlive/texmf-dist/tex/generic/oberdiek/hobsub-hyperref.sty
(/usr/share/texlive/texmf-dist/tex/generic/oberdiek/hobsub-generic.sty))
(/usr/share/texlive/texmf-dist/tex/generic/ifxetex/ifxetex.sty)
(/usr/share/texlive/texmf-dist/tex/latex/oberdiek/auxhook.sty)
(/usr/share/texlive/texmf-dist/tex/latex/oberdiek/kvoptions.sty)
(/usr/share/texlive/texmf-dist/tex/latex/hyperref/pd1enc.def)
(/usr/share/texlive/texmf-dist/tex/latex/latexconfig/hyperref.cfg)

Package hyperref Warning: Option `pagecolor' is not available anymore.

(/usr/share/texlive/texmf-dist/tex/latex/url/url.sty))

Package hyperref Message: Driver (default): hdvips.

(/usr/share/texlive/texmf-dist/tex/latex/hyperref/hdvips.def
(/usr/share/texlive/texmf-dist/tex/latex/hyperref/pdfmark.def
(/usr/share/texlive/texmf-dist/tex/latex/oberdiek/rerunfilecheck.sty)))
(/usr/share/texlive/texmf-dist/tex/latex/psnfss/ot1phv.fd))
(/usr/share/texlive/texmf-dist/tex/latex/base/fontenc.sty
(/usr/share/texlive/texmf-dist/tex/latex/base/t1enc.def))
(/usr/share/texlive/texmf-dist/tex/latex/colortbl/colortbl.sty
(/usr/share/texlive/texmf-dist/tex/latex/tools/array.sty))
(/usr/share/texlive/texmf-dist/tex/latex/xcolor/xcolor.sty
(/usr/share/texlive/texmf-dist/tex/latex/latexconfig/color.cfg))
(/usr/share/texlive/texmf-dist/tex/latex/float/float.sty)
No file main.aux.
(/usr/share/texlive/texmf-dist/tex/latex/hyperref/nameref.sty
(/usr/share/texlive/texmf-dist/tex/generic/oberdiek/gettitlestring.sty))

Package hyperref Warning: Rerun to get /PageLabels entry.

(/usr/share/texlive/texmf-dist/tex/latex/base/t1cmss.fd) <logo.eps>

Package JHEP Warning: E-mails are missing.
(JHEP)                Plese use \emailAdd macro to provide e-mails..

(/usr/share/texlive/texmf-dist/tex/latex/amsfonts/umsa.fd)
(/usr/share/texlive/texmf-dist/tex/latex/amsfonts/umsb.fd)
Underfull \hbox (badness 10000) in paragraph at lines 38--38


Underfull \hbox (badness 10000) in paragraph at lines 38--38


Underfull \hbox (badness 10000) in paragraph at lines 38--38


Underfull \hbox (badness 10000) in paragraph at lines 38--38

[0] [1] (/usr/share/texlive/texmf-dist/tex/latex/base/t1cmtt.fd)
Overfull \hbox (0.1885pt too wide) in paragraph at lines 50--73
\T1/cmtt/m/n/10 ma5>import /-afs/-cern.ch/-work/-b/-bkailasa/-MCGens/-madgraph/
-MG5_aMC_v2_6_7/-MSSMD/-bin/-

Overfull \hbox (15.93466pt too wide) in paragraph at lines 50--73
\T1/cmtt/m/n/10 ma5>import /-afs/-cern.ch/-work/-b/-bkailasa/-MCGens/-madgraph/
-MG5_aMC_v2_6_7/-MSSMD/-Events/-

Overfull \hbox (126.15775pt too wide) in paragraph at lines 50--73
\T1/cmtt/m/n/10 ma5>submit /-afs/-cern.ch/-work/-b/-bkailasa/-MCGens/-madgraph/
-MG5_aMC_v2_6_7/-MSSMD/-MA5_PARTON_ANALYSIS_analysis1 

Underfull \hbox (badness 10000) in paragraph at lines 50--73

(/usr/share/texlive/texmf-dist/tex/latex/base/omscmr.fd) [2]
Underfull \hbox (badness 10000) in paragraph at lines 101--101
[]|\T1/cmr/m/n/10 Events/-run_02_decayed_1/-

Overfull \hbox (18.13213pt too wide) in paragraph at lines 97--104
 [] 
[3]
Overfull \hbox (18.48262pt too wide) in paragraph at lines 122--122
[]|\T1/cmr/m/n/10 unweighted_events| 

Overfull \hbox (55.33208pt too wide) in paragraph at lines 118--125
 [] 

Underfull \hbox (badness 10000) in paragraph at lines 115--126

<selection_0.eps> [4]
Overfull \hbox (18.48262pt too wide) in paragraph at lines 144--144
[]|\T1/cmr/m/n/10 unweighted_events| 

Overfull \hbox (55.33208pt too wide) in paragraph at lines 140--147
 [] 

Underfull \hbox (badness 10000) in paragraph at lines 137--148

<selection_1.eps> [5]
Overfull \hbox (18.48262pt too wide) in paragraph at lines 166--166
[]|\T1/cmr/m/n/10 unweighted_events| 

Overfull \hbox (55.33208pt too wide) in paragraph at lines 162--169
 [] 

Underfull \hbox (badness 10000) in paragraph at lines 159--170

<selection_2.eps> [6]
Overfull \hbox (18.48262pt too wide) in paragraph at lines 188--188
[]|\T1/cmr/m/n/10 unweighted_events| 

Overfull \hbox (55.33208pt too wide) in paragraph at lines 184--191
 [] 

Underfull \hbox (badness 10000) in paragraph at lines 181--192

<selection_3.eps> [7]
Overfull \hbox (18.48262pt too wide) in paragraph at lines 210--210
[]|\T1/cmr/m/n/10 unweighted_events| 

Overfull \hbox (55.33208pt too wide) in paragraph at lines 206--213
 [] 

Underfull \hbox (badness 10000) in paragraph at lines 203--214

<selection_4.eps> [8] (./main.aux)

Package rerunfilecheck Warning: File `main.out' has changed.
(rerunfilecheck)                Rerun to get outlines right
(rerunfilecheck)                or use package `bookmark'.

 )
(see the transcript file for additional information)
Output written on main.dvi (9 pages, 23504 bytes).
Transcript written on main.log.
This is pdfTeX, Version 3.1415926-2.5-1.40.14 (TeX Live 2013)
 restricted \write18 enabled.
entering extended mode
(./main.tex
LaTeX2e <2011/06/27>
Babel <v3.8m> and hyphenation patterns for english, dumylang, nohyphenation, lo
aded.
(/usr/share/texlive/texmf-dist/tex/latex/base/article.cls
Document Class: article 2007/10/19 v1.4h Standard LaTeX document class
(/usr/share/texlive/texmf-dist/tex/latex/base/size10.clo)) (./jheppub.sty
(/usr/share/texlive/texmf-dist/tex/latex/amsmath/amsmath.sty
For additional information on amsmath, use the `?' option.
(/usr/share/texlive/texmf-dist/tex/latex/amsmath/amstext.sty
(/usr/share/texlive/texmf-dist/tex/latex/amsmath/amsgen.sty))
(/usr/share/texlive/texmf-dist/tex/latex/amsmath/amsbsy.sty)
(/usr/share/texlive/texmf-dist/tex/latex/amsmath/amsopn.sty))
(/usr/share/texlive/texmf-dist/tex/latex/amsfonts/amssymb.sty
(/usr/share/texlive/texmf-dist/tex/latex/amsfonts/amsfonts.sty))
(/usr/share/texlive/texmf-dist/tex/latex/graphics/epsfig.sty
(/usr/share/texlive/texmf-dist/tex/latex/graphics/graphicx.sty
(/usr/share/texlive/texmf-dist/tex/latex/graphics/keyval.sty)
(/usr/share/texlive/texmf-dist/tex/latex/graphics/graphics.sty
(/usr/share/texlive/texmf-dist/tex/latex/graphics/trig.sty)
(/usr/share/texlive/texmf-dist/tex/latex/latexconfig/graphics.cfg)
(/usr/share/texlive/texmf-dist/tex/latex/graphics/dvips.def))))
(/usr/share/texlive/texmf-dist/tex/latex/natbib/natbib.sty)
(/usr/share/texlive/texmf-dist/tex/latex/graphics/color.sty
(/usr/share/texlive/texmf-dist/tex/latex/latexconfig/color.cfg)
(/usr/share/texlive/texmf-dist/tex/latex/graphics/dvipsnam.def))
(/usr/share/texlive/texmf-dist/tex/latex/hyperref/hyperref.sty
(/usr/share/texlive/texmf-dist/tex/generic/oberdiek/hobsub-hyperref.sty
(/usr/share/texlive/texmf-dist/tex/generic/oberdiek/hobsub-generic.sty))
(/usr/share/texlive/texmf-dist/tex/generic/ifxetex/ifxetex.sty)
(/usr/share/texlive/texmf-dist/tex/latex/oberdiek/auxhook.sty)
(/usr/share/texlive/texmf-dist/tex/latex/oberdiek/kvoptions.sty)
(/usr/share/texlive/texmf-dist/tex/latex/hyperref/pd1enc.def)
(/usr/share/texlive/texmf-dist/tex/latex/latexconfig/hyperref.cfg)

Package hyperref Warning: Option `pagecolor' is not available anymore.

(/usr/share/texlive/texmf-dist/tex/latex/url/url.sty))

Package hyperref Message: Driver (default): hdvips.

(/usr/share/texlive/texmf-dist/tex/latex/hyperref/hdvips.def
(/usr/share/texlive/texmf-dist/tex/latex/hyperref/pdfmark.def
(/usr/share/texlive/texmf-dist/tex/latex/oberdiek/rerunfilecheck.sty)))
(/usr/share/texlive/texmf-dist/tex/latex/psnfss/ot1phv.fd))
(/usr/share/texlive/texmf-dist/tex/latex/base/fontenc.sty
(/usr/share/texlive/texmf-dist/tex/latex/base/t1enc.def))
(/usr/share/texlive/texmf-dist/tex/latex/colortbl/colortbl.sty
(/usr/share/texlive/texmf-dist/tex/latex/tools/array.sty))
(/usr/share/texlive/texmf-dist/tex/latex/xcolor/xcolor.sty
(/usr/share/texlive/texmf-dist/tex/latex/latexconfig/color.cfg))
(/usr/share/texlive/texmf-dist/tex/latex/float/float.sty) (./main.aux)
(/usr/share/texlive/texmf-dist/tex/latex/hyperref/nameref.sty
(/usr/share/texlive/texmf-dist/tex/generic/oberdiek/gettitlestring.sty))
(./main.out) (./main.out)
(/usr/share/texlive/texmf-dist/tex/latex/base/t1cmss.fd) <logo.eps>

Package JHEP Warning: E-mails are missing.
(JHEP)                Plese use \emailAdd macro to provide e-mails..

(/usr/share/texlive/texmf-dist/tex/latex/amsfonts/umsa.fd)
(/usr/share/texlive/texmf-dist/tex/latex/amsfonts/umsb.fd)
Underfull \hbox (badness 10000) in paragraph at lines 38--38


Underfull \hbox (badness 10000) in paragraph at lines 38--38


Underfull \hbox (badness 10000) in paragraph at lines 38--38


Underfull \hbox (badness 10000) in paragraph at lines 38--38

[0] (./main.toc) [1] (/usr/share/texlive/texmf-dist/tex/latex/base/t1cmtt.fd)
Overfull \hbox (0.1885pt too wide) in paragraph at lines 50--73
\T1/cmtt/m/n/10 ma5>import /-afs/-cern.ch/-work/-b/-bkailasa/-MCGens/-madgraph/
-MG5_aMC_v2_6_7/-MSSMD/-bin/-

Overfull \hbox (15.93466pt too wide) in paragraph at lines 50--73
\T1/cmtt/m/n/10 ma5>import /-afs/-cern.ch/-work/-b/-bkailasa/-MCGens/-madgraph/
-MG5_aMC_v2_6_7/-MSSMD/-Events/-

Overfull \hbox (126.15775pt too wide) in paragraph at lines 50--73
\T1/cmtt/m/n/10 ma5>submit /-afs/-cern.ch/-work/-b/-bkailasa/-MCGens/-madgraph/
-MG5_aMC_v2_6_7/-MSSMD/-MA5_PARTON_ANALYSIS_analysis1 

Underfull \hbox (badness 10000) in paragraph at lines 50--73

(/usr/share/texlive/texmf-dist/tex/latex/base/omscmr.fd) [2]
Underfull \hbox (badness 10000) in paragraph at lines 101--101
[]|\T1/cmr/m/n/10 Events/-run_02_decayed_1/-

Overfull \hbox (18.13213pt too wide) in paragraph at lines 97--104
 [] 
[3]
Overfull \hbox (18.48262pt too wide) in paragraph at lines 122--122
[]|\T1/cmr/m/n/10 unweighted_events| 

Overfull \hbox (55.33208pt too wide) in paragraph at lines 118--125
 [] 

Underfull \hbox (badness 10000) in paragraph at lines 115--126

<selection_0.eps> [4]
Overfull \hbox (18.48262pt too wide) in paragraph at lines 144--144
[]|\T1/cmr/m/n/10 unweighted_events| 

Overfull \hbox (55.33208pt too wide) in paragraph at lines 140--147
 [] 

Underfull \hbox (badness 10000) in paragraph at lines 137--148

<selection_1.eps> [5]
Overfull \hbox (18.48262pt too wide) in paragraph at lines 166--166
[]|\T1/cmr/m/n/10 unweighted_events| 

Overfull \hbox (55.33208pt too wide) in paragraph at lines 162--169
 [] 

Underfull \hbox (badness 10000) in paragraph at lines 159--170

<selection_2.eps> [6]
Overfull \hbox (18.48262pt too wide) in paragraph at lines 188--188
[]|\T1/cmr/m/n/10 unweighted_events| 

Overfull \hbox (55.33208pt too wide) in paragraph at lines 184--191
 [] 

Underfull \hbox (badness 10000) in paragraph at lines 181--192

<selection_3.eps> [7]
Overfull \hbox (18.48262pt too wide) in paragraph at lines 210--210
[]|\T1/cmr/m/n/10 unweighted_events| 

Overfull \hbox (55.33208pt too wide) in paragraph at lines 206--213
 [] 

Underfull \hbox (badness 10000) in paragraph at lines 203--214

<selection_4.eps> [8] (./main.aux) )
(see the transcript file for additional information)
Output written on main.dvi (9 pages, 27700 bytes).
Transcript written on main.log.
