 Set environment variables
 Unpack LHAPDF
LHAPDF-6.1.6/
LHAPDF-6.1.6/aclocal.m4
LHAPDF-6.1.6/NEWS
LHAPDF-6.1.6/lhapdf-config.in
LHAPDF-6.1.6/config/
LHAPDF-6.1.6/config/test-driver
LHAPDF-6.1.6/config/compile
LHAPDF-6.1.6/config/depcomp
LHAPDF-6.1.6/config/config.h.in
LHAPDF-6.1.6/config/ltmain.sh
LHAPDF-6.1.6/config/config.guess
LHAPDF-6.1.6/config/install-sh
LHAPDF-6.1.6/config/missing
LHAPDF-6.1.6/config/config.sub
LHAPDF-6.1.6/tests/
LHAPDF-6.1.6/tests/testperf.cc
LHAPDF-6.1.6/tests/Makefile.in
LHAPDF-6.1.6/tests/testsetperf.cc
LHAPDF-6.1.6/tests/testpaths.cc
LHAPDF-6.1.6/tests/testindex.cc
LHAPDF-6.1.6/tests/Makefile.am
LHAPDF-6.1.6/tests/testnsetperf.cc
LHAPDF-6.1.6/tests/testinfo.cc
LHAPDF-6.1.6/tests/testgrid.cc
LHAPDF-6.1.6/tests/testalphas.cc
LHAPDF-6.1.6/Makefile.in
LHAPDF-6.1.6/configure.ac
LHAPDF-6.1.6/configure
LHAPDF-6.1.6/lhapdf.in
LHAPDF-6.1.6/ChangeLog
LHAPDF-6.1.6/lhapdf.pc.in
LHAPDF-6.1.6/lhapdf.pc
LHAPDF-6.1.6/TODO
LHAPDF-6.1.6/INSTALL
LHAPDF-6.1.6/examples/
LHAPDF-6.1.6/examples/testpdfunc.py
LHAPDF-6.1.6/examples/Makefile.in
LHAPDF-6.1.6/examples/fexample1.f
LHAPDF-6.1.6/examples/testpdfunc.cc
LHAPDF-6.1.6/examples/analyticpdf.cc
LHAPDF-6.1.6/examples/Makefile.am
LHAPDF-6.1.6/examples/compatibility.cc
LHAPDF-6.1.6/examples/hessian2replicas.cc
LHAPDF-6.1.6/examples/pythonexample.py
LHAPDF-6.1.6/examples/reweight.cc
LHAPDF-6.1.6/examples/testpdf.cc
LHAPDF-6.1.6/examples/testpdfset.cc
LHAPDF-6.1.6/AUTHORS
LHAPDF-6.1.6/Makefile.am
LHAPDF-6.1.6/pdfsets.index
LHAPDF-6.1.6/lhapdf.conf
LHAPDF-6.1.6/src/
LHAPDF-6.1.6/src/PDF.cc
LHAPDF-6.1.6/src/AlphaS.cc
LHAPDF-6.1.6/src/LogBicubicInterpolator.cc
LHAPDF-6.1.6/src/Makefile.in
LHAPDF-6.1.6/src/PDFInfo.cc
LHAPDF-6.1.6/src/ErrExtrapolator.cc
LHAPDF-6.1.6/src/AlphaS_ODE.cc
LHAPDF-6.1.6/src/NearestPointExtrapolator.cc
LHAPDF-6.1.6/src/Paths.cc
LHAPDF-6.1.6/src/CompositePDF.cc
LHAPDF-6.1.6/src/ContinuationExtrapolator.cc
LHAPDF-6.1.6/src/BilinearInterpolator.cc
LHAPDF-6.1.6/src/Makefile.am
LHAPDF-6.1.6/src/Info.cc
LHAPDF-6.1.6/src/GridPDF.cc
LHAPDF-6.1.6/src/PDFSet.cc
LHAPDF-6.1.6/src/Config.cc
LHAPDF-6.1.6/src/AlphaS_Ipol.cc
LHAPDF-6.1.6/src/BicubicInterpolator.cc
LHAPDF-6.1.6/src/LogBilinearInterpolator.cc
LHAPDF-6.1.6/src/LHAGlue.cc
LHAPDF-6.1.6/src/Factories.cc
LHAPDF-6.1.6/src/yamlcpp/
LHAPDF-6.1.6/src/yamlcpp/emitterstate.cpp
LHAPDF-6.1.6/src/yamlcpp/yaml-cpp/
LHAPDF-6.1.6/src/yamlcpp/yaml-cpp/mark.h
LHAPDF-6.1.6/src/yamlcpp/yaml-cpp/binary.h
LHAPDF-6.1.6/src/yamlcpp/yaml-cpp/yaml.h
LHAPDF-6.1.6/src/yamlcpp/yaml-cpp/emittermanip.h
LHAPDF-6.1.6/src/yamlcpp/yaml-cpp/nodeimpl.h
LHAPDF-6.1.6/src/yamlcpp/yaml-cpp/eventhandler.h
LHAPDF-6.1.6/src/yamlcpp/yaml-cpp/noncopyable.h
LHAPDF-6.1.6/src/yamlcpp/yaml-cpp/parser.h
LHAPDF-6.1.6/src/yamlcpp/yaml-cpp/stlnode.h
LHAPDF-6.1.6/src/yamlcpp/yaml-cpp/node.h
LHAPDF-6.1.6/src/yamlcpp/yaml-cpp/dll.h
LHAPDF-6.1.6/src/yamlcpp/yaml-cpp/contrib/
LHAPDF-6.1.6/src/yamlcpp/yaml-cpp/contrib/anchordict.h
LHAPDF-6.1.6/src/yamlcpp/yaml-cpp/contrib/graphbuilder.h
LHAPDF-6.1.6/src/yamlcpp/yaml-cpp/traits.h
LHAPDF-6.1.6/src/yamlcpp/yaml-cpp/null.h
LHAPDF-6.1.6/src/yamlcpp/yaml-cpp/conversion.h
LHAPDF-6.1.6/src/yamlcpp/yaml-cpp/emitter.h
LHAPDF-6.1.6/src/yamlcpp/yaml-cpp/stlemitter.h
LHAPDF-6.1.6/src/yamlcpp/yaml-cpp/aliasmanager.h
LHAPDF-6.1.6/src/yamlcpp/yaml-cpp/nodereadimpl.h
LHAPDF-6.1.6/src/yamlcpp/yaml-cpp/iterator.h
LHAPDF-6.1.6/src/yamlcpp/yaml-cpp/anchor.h
LHAPDF-6.1.6/src/yamlcpp/yaml-cpp/emitfromevents.h
LHAPDF-6.1.6/src/yamlcpp/yaml-cpp/nodeutil.h
LHAPDF-6.1.6/src/yamlcpp/yaml-cpp/ostream.h
LHAPDF-6.1.6/src/yamlcpp/yaml-cpp/ltnode.h
LHAPDF-6.1.6/src/yamlcpp/yaml-cpp/exceptions.h
LHAPDF-6.1.6/src/yamlcpp/Makefile.in
LHAPDF-6.1.6/src/yamlcpp/scanner.h
LHAPDF-6.1.6/src/yamlcpp/nodeownership.cpp
LHAPDF-6.1.6/src/yamlcpp/scantag.h
LHAPDF-6.1.6/src/yamlcpp/iterpriv.h
LHAPDF-6.1.6/src/yamlcpp/node.cpp
LHAPDF-6.1.6/src/yamlcpp/directives.h
LHAPDF-6.1.6/src/yamlcpp/stream.h
LHAPDF-6.1.6/src/yamlcpp/exp.cpp
LHAPDF-6.1.6/src/yamlcpp/nodebuilder.cpp
LHAPDF-6.1.6/src/yamlcpp/collectionstack.h
LHAPDF-6.1.6/src/yamlcpp/scantag.cpp
LHAPDF-6.1.6/src/yamlcpp/scanner.cpp
LHAPDF-6.1.6/src/yamlcpp/token.h
LHAPDF-6.1.6/src/yamlcpp/scantoken.cpp
LHAPDF-6.1.6/src/yamlcpp/binary.cpp
LHAPDF-6.1.6/src/yamlcpp/conversion.cpp
LHAPDF-6.1.6/src/yamlcpp/parser.cpp
LHAPDF-6.1.6/src/yamlcpp/emitfromevents.cpp
LHAPDF-6.1.6/src/yamlcpp/setting.h
LHAPDF-6.1.6/src/yamlcpp/singledocparser.cpp
LHAPDF-6.1.6/src/yamlcpp/exp.h
LHAPDF-6.1.6/src/yamlcpp/Makefile.am
LHAPDF-6.1.6/src/yamlcpp/tag.h
LHAPDF-6.1.6/src/yamlcpp/streamcharsource.h
LHAPDF-6.1.6/src/yamlcpp/regex.cpp
LHAPDF-6.1.6/src/yamlcpp/stream.cpp
LHAPDF-6.1.6/src/yamlcpp/regex.h
LHAPDF-6.1.6/src/yamlcpp/regeximpl.h
LHAPDF-6.1.6/src/yamlcpp/null.cpp
LHAPDF-6.1.6/src/yamlcpp/scanscalar.h
LHAPDF-6.1.6/src/yamlcpp/indentation.h
LHAPDF-6.1.6/src/yamlcpp/nodeownership.h
LHAPDF-6.1.6/src/yamlcpp/singledocparser.h
LHAPDF-6.1.6/src/yamlcpp/ptr_vector.h
LHAPDF-6.1.6/src/yamlcpp/iterator.cpp
LHAPDF-6.1.6/src/yamlcpp/simplekey.cpp
LHAPDF-6.1.6/src/yamlcpp/emitter.cpp
LHAPDF-6.1.6/src/yamlcpp/emitterutils.cpp
LHAPDF-6.1.6/src/yamlcpp/ostream.cpp
LHAPDF-6.1.6/src/yamlcpp/directives.cpp
LHAPDF-6.1.6/src/yamlcpp/scanscalar.cpp
LHAPDF-6.1.6/src/yamlcpp/emitterstate.h
LHAPDF-6.1.6/src/yamlcpp/aliasmanager.cpp
LHAPDF-6.1.6/src/yamlcpp/tag.cpp
LHAPDF-6.1.6/src/yamlcpp/ptr_stack.h
LHAPDF-6.1.6/src/yamlcpp/emitterutils.h
LHAPDF-6.1.6/src/yamlcpp/nodebuilder.h
LHAPDF-6.1.6/src/yamlcpp/stringsource.h
LHAPDF-6.1.6/src/AlphaS_Analytic.cc
LHAPDF-6.1.6/src/Interpolator.cc
LHAPDF-6.1.6/README
LHAPDF-6.1.6/COPYING
LHAPDF-6.1.6/include/
LHAPDF-6.1.6/include/Makefile.in
LHAPDF-6.1.6/include/Makefile.am
LHAPDF-6.1.6/include/LHAPDF/
LHAPDF-6.1.6/include/LHAPDF/BilinearInterpolator.h
LHAPDF-6.1.6/include/LHAPDF/Version.h.in
LHAPDF-6.1.6/include/LHAPDF/PDFSet.h
LHAPDF-6.1.6/include/LHAPDF/PDFIndex.h
LHAPDF-6.1.6/include/LHAPDF/ErrExtrapolator.h
LHAPDF-6.1.6/include/LHAPDF/LHAPDF.h
LHAPDF-6.1.6/include/LHAPDF/LogBilinearInterpolator.h
LHAPDF-6.1.6/include/LHAPDF/Makefile.in
LHAPDF-6.1.6/include/LHAPDF/Interpolator.h
LHAPDF-6.1.6/include/LHAPDF/Reweighting.h
LHAPDF-6.1.6/include/LHAPDF/CompositePDF.h
LHAPDF-6.1.6/include/LHAPDF/Info.h
LHAPDF-6.1.6/include/LHAPDF/Extrapolator.h
LHAPDF-6.1.6/include/LHAPDF/NearestPointExtrapolator.h
LHAPDF-6.1.6/include/LHAPDF/Makefile.am
LHAPDF-6.1.6/include/LHAPDF/BicubicInterpolator.h
LHAPDF-6.1.6/include/LHAPDF/Factories.h
LHAPDF-6.1.6/include/LHAPDF/KnotArray.h
LHAPDF-6.1.6/include/LHAPDF/Exceptions.h
LHAPDF-6.1.6/include/LHAPDF/AlphaS.h
LHAPDF-6.1.6/include/LHAPDF/Version.h
LHAPDF-6.1.6/include/LHAPDF/PDFInfo.h
LHAPDF-6.1.6/include/LHAPDF/Utils.h
LHAPDF-6.1.6/include/LHAPDF/GridPDF.h
LHAPDF-6.1.6/include/LHAPDF/PDF.h
LHAPDF-6.1.6/include/LHAPDF/LogBicubicInterpolator.h
LHAPDF-6.1.6/include/LHAPDF/Config.h
LHAPDF-6.1.6/include/LHAPDF/ContinuationExtrapolator.h
LHAPDF-6.1.6/include/LHAPDF/Paths.h
LHAPDF-6.1.6/include/LHAPDF/LHAGlue.h
LHAPDF-6.1.6/doc/
LHAPDF-6.1.6/doc/pdfsets.dox
LHAPDF-6.1.6/doc/Makefile.in
LHAPDF-6.1.6/doc/mkpdflist
LHAPDF-6.1.6/doc/Makefile.am
LHAPDF-6.1.6/doc/Doxyfile.in
LHAPDF-6.1.6/mkindex
LHAPDF-6.1.6/m4/
LHAPDF-6.1.6/m4/ax_cxx_compile_stdcxx_11.m4
LHAPDF-6.1.6/m4/boost.m4
LHAPDF-6.1.6/m4/cython.m4
LHAPDF-6.1.6/m4/ltsugar.m4
LHAPDF-6.1.6/m4/lt~obsolete.m4
LHAPDF-6.1.6/m4/ltoptions.m4
LHAPDF-6.1.6/m4/ltversion.m4
LHAPDF-6.1.6/m4/compilerflags.m4
LHAPDF-6.1.6/m4/boost_bug.m4
LHAPDF-6.1.6/m4/libtool.m4
LHAPDF-6.1.6/wrappers/
LHAPDF-6.1.6/wrappers/python/
LHAPDF-6.1.6/wrappers/python/setup.py.in
LHAPDF-6.1.6/wrappers/python/Makefile.in
LHAPDF-6.1.6/wrappers/python/Makefile.am
LHAPDF-6.1.6/wrappers/python/lhapdf.cpp
LHAPDF-6.1.6/wrappers/python/clhapdf.pxd
LHAPDF-6.1.6/wrappers/python/lhapdf.pyx
LHAPDF-6.1.6/wrappers/Makefile.in
LHAPDF-6.1.6/wrappers/Makefile.am
 Enter LHAPDF6 directory
 Configure LHAPDF
checking for a BSD-compatible install... /usr/bin/install -c
checking whether build environment is sane... yes
checking for a thread-safe mkdir -p... /bin/mkdir -p
checking for gawk... gawk
checking whether make sets $(MAKE)... yes
checking whether make supports nested variables... yes
checking whether make supports nested variables... (cached) yes
checking for sw_vers... no
checking whether the C++ compiler works... yes
checking for C++ compiler default output file name... a.out
checking for suffix of executables... 
checking whether we are cross compiling... no
checking for suffix of object files... o
checking whether we are using the GNU C++ compiler... yes
checking whether g++ accepts -g... yes
checking for style of include used by make... GNU
checking dependency style of g++... gcc3
checking whether to include C++11 flag for testing... no
checking for gcc... gcc
checking whether we are using the GNU C compiler... yes
checking whether gcc accepts -g... yes
checking for gcc option to accept ISO C89... none needed
checking whether gcc understands -c and -o together... yes
checking dependency style of gcc... gcc3
checking whether ln -s works... yes
checking build system type... x86_64-unknown-linux-gnu
checking host system type... x86_64-unknown-linux-gnu
checking how to print strings... printf
checking for a sed that does not truncate output... /bin/sed
checking for grep that handles long lines and -e... /bin/grep
checking for egrep... /bin/grep -E
checking for fgrep... /bin/grep -F
checking for ld used by gcc... /usr/bin/ld
checking if the linker (/usr/bin/ld) is GNU ld... yes
checking for BSD- or MS-compatible name lister (nm)... /usr/bin/nm -B
checking the name lister (/usr/bin/nm -B) interface... BSD nm
checking the maximum length of command line arguments... 1966080
checking whether the shell understands some XSI constructs... yes
checking whether the shell understands "+="... yes
checking how to convert x86_64-unknown-linux-gnu file names to x86_64-unknown-linux-gnu format... func_convert_file_noop
checking how to convert x86_64-unknown-linux-gnu file names to toolchain format... func_convert_file_noop
checking for /usr/bin/ld option to reload object files... -r
checking for objdump... objdump
checking how to recognize dependent libraries... pass_all
checking for dlltool... no
checking how to associate runtime and link libraries... printf %s\n
checking for ar... ar
checking for archiver @FILE support... @
checking for strip... strip
checking for ranlib... ranlib
checking command to parse /usr/bin/nm -B output from gcc object... ok
checking for sysroot... no
checking for mt... no
checking if : is a manifest tool... no
checking how to run the C preprocessor... gcc -E
checking for ANSI C header files... yes
checking for sys/types.h... yes
checking for sys/stat.h... yes
checking for stdlib.h... yes
checking for string.h... yes
checking for memory.h... yes
checking for strings.h... yes
checking for inttypes.h... yes
checking for stdint.h... yes
checking for unistd.h... yes
checking for dlfcn.h... yes
checking for objdir... .libs
checking if gcc supports -fno-rtti -fno-exceptions... no
checking for gcc option to produce PIC... -fPIC -DPIC
checking if gcc PIC flag -fPIC -DPIC works... yes
checking if gcc static flag -static works... yes
checking if gcc supports -c -o file.o... yes
checking if gcc supports -c -o file.o... (cached) yes
checking whether the gcc linker (/usr/bin/ld -m elf_x86_64) supports shared libraries... yes
checking whether -lc should be explicitly linked in... no
checking dynamic linker characteristics... GNU/Linux ld.so
checking how to hardcode library paths into programs... immediate
checking whether stripping libraries is possible... yes
checking if libtool supports shared libraries... yes
checking whether to build shared libraries... yes
checking whether to build static libraries... yes
checking how to run the C++ preprocessor... g++ -E
checking for ld used by g++... /usr/bin/ld -m elf_x86_64
checking if the linker (/usr/bin/ld -m elf_x86_64) is GNU ld... yes
checking whether the g++ linker (/usr/bin/ld -m elf_x86_64) supports shared libraries... yes
checking for g++ option to produce PIC... -fPIC -DPIC
checking if g++ PIC flag -fPIC -DPIC works... yes
checking if g++ static flag -static works... yes
checking if g++ supports -c -o file.o... yes
checking if g++ supports -c -o file.o... (cached) yes
checking whether the g++ linker (/usr/bin/ld -m elf_x86_64) supports shared libraries... yes
checking dynamic linker characteristics... (cached) GNU/Linux ld.so
checking how to hardcode library paths into programs... immediate
configure: Building LHAGLUE Fortran wrappers
configure: Building LHAGLUE C++ wrappers
checking for pdflatex... /usr/bin/pdflatex
checking for doxygen... /usr/bin/doxygen
checking for python... /usr/bin/python
checking for python version... 2.6
checking for python platform... linux2
checking for python script directory... ${prefix}/lib/python2.6/site-packages
checking for python extension module directory... ${exec_prefix}/lib64/python2.6/site-packages
checking for Cython >= 0.19... no
checking if the g++ compiler accepts the -pedantic flag... yes
checking if the g++ compiler accepts the -Wall flag... yes
checking if the g++ compiler accepts the -Wno-long-long flag... yes
checking if the g++ compiler accepts the -Qunused-arguments flag... no
checking for Boost headers version >= 1.41.0... /usr/include
checking for Boost's header version... 1_41
checking boost/foreach.hpp usability... yes
checking boost/foreach.hpp presence... yes
checking for boost/foreach.hpp... yes
checking boost/scoped_ptr.hpp usability... yes
checking boost/scoped_ptr.hpp presence... yes
checking for boost/scoped_ptr.hpp... yes
checking boost/shared_ptr.hpp usability... yes
checking boost/shared_ptr.hpp presence... yes
checking for boost/shared_ptr.hpp... yes
checking boost/algorithm/string.hpp usability... yes
checking boost/algorithm/string.hpp presence... yes
checking for boost/algorithm/string.hpp... yes
checking boost/lexical_cast.hpp usability... yes
checking boost/lexical_cast.hpp presence... yes
checking for boost/lexical_cast.hpp... yes
checking boost/range.hpp usability... yes
checking boost/range.hpp presence... yes
checking for boost/range.hpp... yes
checking boost/bind.hpp usability... yes
checking boost/bind.hpp presence... yes
checking for boost/bind.hpp... yes
checking boost/random.hpp usability... yes
checking boost/random.hpp presence... yes
checking for boost/random.hpp... yes
checking boost/math/distributions/chi_squared.hpp usability... yes
checking boost/math/distributions/chi_squared.hpp presence... yes
checking for boost/math/distributions/chi_squared.hpp... yes
checking boost/math/special_functions/erf.hpp usability... yes
checking boost/math/special_functions/erf.hpp presence... yes
checking for boost/math/special_functions/erf.hpp... yes
checking if boost rvalue bug is present... no
checking that generated files are newer than configure... done
configure: creating ./config.status
config.status: creating Makefile
config.status: creating src/Makefile
config.status: creating src/yamlcpp/Makefile
config.status: creating include/Makefile
config.status: creating include/LHAPDF/Makefile
config.status: creating examples/Makefile
config.status: creating tests/Makefile
config.status: creating doc/Makefile
config.status: creating doc/Doxyfile
config.status: creating lhapdf
config.status: creating lhapdf-config
config.status: creating lhapdf.pc
config.status: creating wrappers/Makefile
config.status: creating wrappers/python/Makefile
config.status: creating wrappers/python/setup.py
config.status: creating config/config.h
config.status: creating include/LHAPDF/Version.h
config.status: include/LHAPDF/Version.h is unchanged
config.status: executing depfiles commands
config.status: executing libtool commands

****************************************************************
IMPORTANT INFORMATION ABOUT PDF SETS

LHAPDF no longer bundles PDF set data in the package tarball.
The sets are instead all stored online at
  http://www.hepforge.org/archive/lhapdf/pdfsets/6.1/
and you should install those that you wish to use into
  /afs/cern.ch/work/b/bkailasa/MCGens/madgraph/MG5_aMC_v2_6_7/HEPTools/lhapdf6/share/LHAPDF

The downloadable PDF sets are packaged as tarballs, which
must be expanded to be used. Here is an example of how to
retrieve and install a PDF set from the command line:

 wget http://www.hepforge.org/archive/lhapdf/pdfsets/6.1/CT10nlo.tar.gz -O- | tar xz -C /afs/cern.ch/work/b/bkailasa/MCGens/madgraph/MG5_aMC_v2_6_7/HEPTools/lhapdf6/share/LHAPDF

****************************************************************

 Compile LHAPDF6
Making all in src
make[1]: Entering directory `/tmp/bkailasa/tmpNz4ViY/LHAPDF-6.1.6/src'
Making all in yamlcpp
make[2]: Entering directory `/tmp/bkailasa/tmpNz4ViY/LHAPDF-6.1.6/src/yamlcpp'
  CXX      liblhapdf_yaml_cpp_la-aliasmanager.lo
g++: unrecognized option '-static-libstdc++'
  CXX      liblhapdf_yaml_cpp_la-emitterutils.lo
g++: unrecognized option '-static-libstdc++'
  CXX      liblhapdf_yaml_cpp_la-ostream.lo
g++: unrecognized option '-static-libstdc++'
  CXX      liblhapdf_yaml_cpp_la-simplekey.lo
g++: unrecognized option '-static-libstdc++'
  CXX      liblhapdf_yaml_cpp_la-binary.lo
g++: unrecognized option '-static-libstdc++'
  CXX      liblhapdf_yaml_cpp_la-exp.lo
g++: unrecognized option '-static-libstdc++'
  CXX      liblhapdf_yaml_cpp_la-parser.lo
g++: unrecognized option '-static-libstdc++'
  CXX      liblhapdf_yaml_cpp_la-singledocparser.lo
g++: unrecognized option '-static-libstdc++'
  CXX      liblhapdf_yaml_cpp_la-conversion.lo
g++: unrecognized option '-static-libstdc++'
  CXX      liblhapdf_yaml_cpp_la-iterator.lo
g++: unrecognized option '-static-libstdc++'
  CXX      liblhapdf_yaml_cpp_la-regex.lo
g++: unrecognized option '-static-libstdc++'
  CXX      liblhapdf_yaml_cpp_la-stream.lo
g++: unrecognized option '-static-libstdc++'
  CXX      liblhapdf_yaml_cpp_la-directives.lo
g++: unrecognized option '-static-libstdc++'
  CXX      liblhapdf_yaml_cpp_la-nodebuilder.lo
g++: unrecognized option '-static-libstdc++'
  CXX      liblhapdf_yaml_cpp_la-scanner.lo
g++: unrecognized option '-static-libstdc++'
  CXX      liblhapdf_yaml_cpp_la-tag.lo
g++: unrecognized option '-static-libstdc++'
  CXX      liblhapdf_yaml_cpp_la-emitfromevents.lo
g++: unrecognized option '-static-libstdc++'
  CXX      liblhapdf_yaml_cpp_la-node.lo
g++: unrecognized option '-static-libstdc++'
  CXX      liblhapdf_yaml_cpp_la-scanscalar.lo
g++: unrecognized option '-static-libstdc++'
  CXX      liblhapdf_yaml_cpp_la-emitter.lo
g++: unrecognized option '-static-libstdc++'
  CXX      liblhapdf_yaml_cpp_la-nodeownership.lo
g++: unrecognized option '-static-libstdc++'
  CXX      liblhapdf_yaml_cpp_la-scantag.lo
g++: unrecognized option '-static-libstdc++'
  CXX      liblhapdf_yaml_cpp_la-emitterstate.lo
g++: unrecognized option '-static-libstdc++'
  CXX      liblhapdf_yaml_cpp_la-null.lo
g++: unrecognized option '-static-libstdc++'
  CXX      liblhapdf_yaml_cpp_la-scantoken.lo
g++: unrecognized option '-static-libstdc++'
  CXXLD    liblhapdf-yaml-cpp.la
make[2]: Leaving directory `/tmp/bkailasa/tmpNz4ViY/LHAPDF-6.1.6/src/yamlcpp'
make[2]: Entering directory `/tmp/bkailasa/tmpNz4ViY/LHAPDF-6.1.6/src'
  CXX      PDF.lo
g++: unrecognized option '-static-libstdc++'
  CXX      PDFSet.lo
g++: unrecognized option '-static-libstdc++'
  CXX      GridPDF.lo
g++: unrecognized option '-static-libstdc++'
  CXX      CompositePDF.lo
g++: unrecognized option '-static-libstdc++'
  CXX      PDFInfo.lo
g++: unrecognized option '-static-libstdc++'
  CXX      Interpolator.lo
g++: unrecognized option '-static-libstdc++'
  CXX      BilinearInterpolator.lo
g++: unrecognized option '-static-libstdc++'
  CXX      BicubicInterpolator.lo
g++: unrecognized option '-static-libstdc++'
  CXX      LogBilinearInterpolator.lo
g++: unrecognized option '-static-libstdc++'
  CXX      LogBicubicInterpolator.lo
g++: unrecognized option '-static-libstdc++'
  CXX      ErrExtrapolator.lo
g++: unrecognized option '-static-libstdc++'
  CXX      NearestPointExtrapolator.lo
g++: unrecognized option '-static-libstdc++'
  CXX      ContinuationExtrapolator.lo
g++: unrecognized option '-static-libstdc++'
  CXX      AlphaS.lo
g++: unrecognized option '-static-libstdc++'
  CXX      AlphaS_Analytic.lo
g++: unrecognized option '-static-libstdc++'
  CXX      AlphaS_ODE.lo
g++: unrecognized option '-static-libstdc++'
  CXX      AlphaS_Ipol.lo
g++: unrecognized option '-static-libstdc++'
  CXX      Config.lo
g++: unrecognized option '-static-libstdc++'
  CXX      Factories.lo
g++: unrecognized option '-static-libstdc++'
  CXX      libLHAPDFInfo_la-Info.lo
g++: unrecognized option '-static-libstdc++'
  CXXLD    libLHAPDFInfo.la
  CXX      libLHAPDFPaths_la-Paths.lo
g++: unrecognized option '-static-libstdc++'
  CXXLD    libLHAPDFPaths.la
  CXX      libLHAPDFGlue_la-LHAGlue.lo
g++: unrecognized option '-static-libstdc++'
  CXXLD    libLHAPDFGlue.la
  CXXLD    libLHAPDF.la
make[2]: Leaving directory `/tmp/bkailasa/tmpNz4ViY/LHAPDF-6.1.6/src'
make[1]: Leaving directory `/tmp/bkailasa/tmpNz4ViY/LHAPDF-6.1.6/src'
Making all in include
make[1]: Entering directory `/tmp/bkailasa/tmpNz4ViY/LHAPDF-6.1.6/include'
Making all in LHAPDF
make[2]: Entering directory `/tmp/bkailasa/tmpNz4ViY/LHAPDF-6.1.6/include/LHAPDF'
make  all-am
make[3]: Entering directory `/tmp/bkailasa/tmpNz4ViY/LHAPDF-6.1.6/include/LHAPDF'
make[3]: Leaving directory `/tmp/bkailasa/tmpNz4ViY/LHAPDF-6.1.6/include/LHAPDF'
make[2]: Leaving directory `/tmp/bkailasa/tmpNz4ViY/LHAPDF-6.1.6/include/LHAPDF'
make[2]: Entering directory `/tmp/bkailasa/tmpNz4ViY/LHAPDF-6.1.6/include'
make[2]: Nothing to be done for `all-am'.
make[2]: Leaving directory `/tmp/bkailasa/tmpNz4ViY/LHAPDF-6.1.6/include'
make[1]: Leaving directory `/tmp/bkailasa/tmpNz4ViY/LHAPDF-6.1.6/include'
Making all in wrappers
make[1]: Entering directory `/tmp/bkailasa/tmpNz4ViY/LHAPDF-6.1.6/wrappers'
Making all in python
make[2]: Entering directory `/tmp/bkailasa/tmpNz4ViY/LHAPDF-6.1.6/wrappers/python'
for i in lhapdf.cpp lhapdf.pyx clhapdf.pxd; do \
	  orig="$i"; \
	  build="$(basename $i)"; \
	  if [ ! -e ${build} ]; then cp ${orig} ${build}; \
	  echo ${build} >> fix-out-of-source; fi; \
	done
touch fix-out-of-source
CC=gcc CXX=g++ /usr/bin/python setup.py install --install-lib=build/ --force
running install
running build
running build_ext
building 'lhapdf' extension
creating build
creating build/temp.linux-x86_64-2.6
gcc -fno-strict-aliasing -O2 -g -pipe -Wall -Wp,-D_FORTIFY_SOURCE=2 -fexceptions -fstack-protector --param=ssp-buffer-size=4 -m64 -mtune=generic -D_GNU_SOURCE -fPIC -fwrapv -DNDEBUG -O2 -g -pipe -Wall -Wp,-D_FORTIFY_SOURCE=2 -fexceptions -fstack-protector --param=ssp-buffer-size=4 -m64 -mtune=generic -D_GNU_SOURCE -fPIC -fwrapv -fPIC -I/tmp/bkailasa/tmpNz4ViY/LHAPDF-6.1.6/include -I/tmp/bkailasa/tmpNz4ViY/LHAPDF-6.1.6/include -I/usr/include/python2.6 -c lhapdf.cpp -o build/temp.linux-x86_64-2.6/lhapdf.o -I/usr/include -I/afs/cern.ch/work/b/bkailasa/MCGens/madgraph/MG5_aMC_v2_6_7/HEPTools/lhapdf6/include
creating build/lib.linux-x86_64-2.6
gcc -pthread -shared build/temp.linux-x86_64-2.6/lhapdf.o -L/tmp/bkailasa/tmpNz4ViY/LHAPDF-6.1.6/src/.libs -L/usr/lib64 -lstdc++ -lLHAPDF -lpython2.6 -o build/lib.linux-x86_64-2.6/lhapdf.so
running install_lib
copying build/lib.linux-x86_64-2.6/lhapdf.so -> build
running install_egg_info
Writing build/LHAPDF-6.1.6-py2.6.egg-info
make[2]: Leaving directory `/tmp/bkailasa/tmpNz4ViY/LHAPDF-6.1.6/wrappers/python'
make[2]: Entering directory `/tmp/bkailasa/tmpNz4ViY/LHAPDF-6.1.6/wrappers'
make[2]: Nothing to be done for `all-am'.
make[2]: Leaving directory `/tmp/bkailasa/tmpNz4ViY/LHAPDF-6.1.6/wrappers'
make[1]: Leaving directory `/tmp/bkailasa/tmpNz4ViY/LHAPDF-6.1.6/wrappers'
Making all in tests
make[1]: Entering directory `/tmp/bkailasa/tmpNz4ViY/LHAPDF-6.1.6/tests'
make[1]: Nothing to be done for `all'.
make[1]: Leaving directory `/tmp/bkailasa/tmpNz4ViY/LHAPDF-6.1.6/tests'
make[1]: Entering directory `/tmp/bkailasa/tmpNz4ViY/LHAPDF-6.1.6'
make[1]: Nothing to be done for `all-am'.
make[1]: Leaving directory `/tmp/bkailasa/tmpNz4ViY/LHAPDF-6.1.6'
 Install LHAPDF6
Making install in src
make[1]: Entering directory `/tmp/bkailasa/tmpNz4ViY/LHAPDF-6.1.6/src'
Making install in yamlcpp
make[2]: Entering directory `/tmp/bkailasa/tmpNz4ViY/LHAPDF-6.1.6/src/yamlcpp'
make[3]: Entering directory `/tmp/bkailasa/tmpNz4ViY/LHAPDF-6.1.6/src/yamlcpp'
make[3]: Nothing to be done for `install-exec-am'.
make[3]: Nothing to be done for `install-data-am'.
make[3]: Leaving directory `/tmp/bkailasa/tmpNz4ViY/LHAPDF-6.1.6/src/yamlcpp'
make[2]: Leaving directory `/tmp/bkailasa/tmpNz4ViY/LHAPDF-6.1.6/src/yamlcpp'
make[2]: Entering directory `/tmp/bkailasa/tmpNz4ViY/LHAPDF-6.1.6/src'
make[3]: Entering directory `/tmp/bkailasa/tmpNz4ViY/LHAPDF-6.1.6/src'
 /bin/mkdir -p '/afs/cern.ch/work/b/bkailasa/MCGens/madgraph/MG5_aMC_v2_6_7/HEPTools/lhapdf6//lib'
 /bin/sh ../libtool   --mode=install /usr/bin/install -c   libLHAPDF.la '/afs/cern.ch/work/b/bkailasa/MCGens/madgraph/MG5_aMC_v2_6_7/HEPTools/lhapdf6//lib'
libtool: install: /usr/bin/install -c .libs/libLHAPDF.so /afs/cern.ch/work/b/bkailasa/MCGens/madgraph/MG5_aMC_v2_6_7/HEPTools/lhapdf6//lib/libLHAPDF.so
libtool: install: /usr/bin/install -c .libs/libLHAPDF.lai /afs/cern.ch/work/b/bkailasa/MCGens/madgraph/MG5_aMC_v2_6_7/HEPTools/lhapdf6//lib/libLHAPDF.la
libtool: install: /usr/bin/install -c .libs/libLHAPDF.a /afs/cern.ch/work/b/bkailasa/MCGens/madgraph/MG5_aMC_v2_6_7/HEPTools/lhapdf6//lib/libLHAPDF.a
libtool: install: chmod 644 /afs/cern.ch/work/b/bkailasa/MCGens/madgraph/MG5_aMC_v2_6_7/HEPTools/lhapdf6//lib/libLHAPDF.a
libtool: install: ranlib /afs/cern.ch/work/b/bkailasa/MCGens/madgraph/MG5_aMC_v2_6_7/HEPTools/lhapdf6//lib/libLHAPDF.a
libtool: finish: PATH="/afs/cern.ch/work/b/bkailasa/MCGens/madgraph/MG5_aMC_v2_6_7/HEPTools/bin:/afs/cern.ch/cms/caf/scripts:/cvmfs/cms.cern.ch/common:/cvmfs/cms.cern.ch/bin:/usr/sue/bin:/usr/lib64/qt-3.3/bin:/usr/kerberos/sbin:/usr/kerberos/bin:/usr/local/bin:/bin:/usr/bin:/usr/local/sbin:/usr/sbin:/sbin:/opt/puppetlabs/bin:/afs/cern.ch/user/b/bkailasa/bin:/sbin" ldconfig -n /afs/cern.ch/work/b/bkailasa/MCGens/madgraph/MG5_aMC_v2_6_7/HEPTools/lhapdf6//lib
----------------------------------------------------------------------
Libraries have been installed in:
   /afs/cern.ch/work/b/bkailasa/MCGens/madgraph/MG5_aMC_v2_6_7/HEPTools/lhapdf6//lib

If you ever happen to want to link against installed libraries
in a given directory, LIBDIR, you must either use libtool, and
specify the full pathname of the library, or use the `-LLIBDIR'
flag during linking and do at least one of the following:
   - add LIBDIR to the `LD_LIBRARY_PATH' environment variable
     during execution
   - add LIBDIR to the `LD_RUN_PATH' environment variable
     during linking
   - use the `-Wl,-rpath -Wl,LIBDIR' linker flag
   - have your system administrator add LIBDIR to `/etc/ld.so.conf'

See any operating system documentation about shared libraries for
more information, such as the ld(1) and ld.so(8) manual pages.
----------------------------------------------------------------------
make[3]: Nothing to be done for `install-data-am'.
make[3]: Leaving directory `/tmp/bkailasa/tmpNz4ViY/LHAPDF-6.1.6/src'
make[2]: Leaving directory `/tmp/bkailasa/tmpNz4ViY/LHAPDF-6.1.6/src'
make[1]: Leaving directory `/tmp/bkailasa/tmpNz4ViY/LHAPDF-6.1.6/src'
Making install in include
make[1]: Entering directory `/tmp/bkailasa/tmpNz4ViY/LHAPDF-6.1.6/include'
Making install in LHAPDF
make[2]: Entering directory `/tmp/bkailasa/tmpNz4ViY/LHAPDF-6.1.6/include/LHAPDF'
make[3]: Entering directory `/tmp/bkailasa/tmpNz4ViY/LHAPDF-6.1.6/include/LHAPDF'
make[3]: Nothing to be done for `install-exec-am'.
 /bin/mkdir -p '/afs/cern.ch/work/b/bkailasa/MCGens/madgraph/MG5_aMC_v2_6_7/HEPTools/lhapdf6/include/LHAPDF'
 /usr/bin/install -c -m 644 LHAPDF.h Version.h Info.h Config.h PDFSet.h PDFInfo.h PDF.h GridPDF.h CompositePDF.h KnotArray.h Utils.h Paths.h Exceptions.h Factories.h PDFIndex.h Reweighting.h Interpolator.h BilinearInterpolator.h BicubicInterpolator.h LogBilinearInterpolator.h LogBicubicInterpolator.h Extrapolator.h ErrExtrapolator.h NearestPointExtrapolator.h ContinuationExtrapolator.h AlphaS.h LHAGlue.h '/afs/cern.ch/work/b/bkailasa/MCGens/madgraph/MG5_aMC_v2_6_7/HEPTools/lhapdf6/include/LHAPDF'
make[3]: Leaving directory `/tmp/bkailasa/tmpNz4ViY/LHAPDF-6.1.6/include/LHAPDF'
make[2]: Leaving directory `/tmp/bkailasa/tmpNz4ViY/LHAPDF-6.1.6/include/LHAPDF'
make[2]: Entering directory `/tmp/bkailasa/tmpNz4ViY/LHAPDF-6.1.6/include'
make[3]: Entering directory `/tmp/bkailasa/tmpNz4ViY/LHAPDF-6.1.6/include'
make[3]: Nothing to be done for `install-exec-am'.
make[3]: Nothing to be done for `install-data-am'.
make[3]: Leaving directory `/tmp/bkailasa/tmpNz4ViY/LHAPDF-6.1.6/include'
make[2]: Leaving directory `/tmp/bkailasa/tmpNz4ViY/LHAPDF-6.1.6/include'
make[1]: Leaving directory `/tmp/bkailasa/tmpNz4ViY/LHAPDF-6.1.6/include'
Making install in wrappers
make[1]: Entering directory `/tmp/bkailasa/tmpNz4ViY/LHAPDF-6.1.6/wrappers'
Making install in python
make[2]: Entering directory `/tmp/bkailasa/tmpNz4ViY/LHAPDF-6.1.6/wrappers/python'
CC=gcc CXX=g++ /usr/bin/python setup.py install --install-lib=build/ --force
running install
running build
running build_ext
running install_lib
copying build/lib.linux-x86_64-2.6/lhapdf.so -> build
running install_egg_info
Removing build/LHAPDF-6.1.6-py2.6.egg-info
Writing build/LHAPDF-6.1.6-py2.6.egg-info
make[3]: Entering directory `/tmp/bkailasa/tmpNz4ViY/LHAPDF-6.1.6/wrappers/python'
CC=gcc CXX=g++ /usr/bin/python setup.py install --prefix=/afs/cern.ch/work/b/bkailasa/MCGens/madgraph/MG5_aMC_v2_6_7/HEPTools/lhapdf6 --force
running install
running build
running build_ext
running install_lib
creating /afs/cern.ch/work/b/bkailasa/MCGens/madgraph/MG5_aMC_v2_6_7/HEPTools/lhapdf6/lib64
creating /afs/cern.ch/work/b/bkailasa/MCGens/madgraph/MG5_aMC_v2_6_7/HEPTools/lhapdf6/lib64/python2.6
creating /afs/cern.ch/work/b/bkailasa/MCGens/madgraph/MG5_aMC_v2_6_7/HEPTools/lhapdf6/lib64/python2.6/site-packages
copying build/lib.linux-x86_64-2.6/lhapdf.so -> /afs/cern.ch/work/b/bkailasa/MCGens/madgraph/MG5_aMC_v2_6_7/HEPTools/lhapdf6/lib64/python2.6/site-packages
running install_egg_info
Writing /afs/cern.ch/work/b/bkailasa/MCGens/madgraph/MG5_aMC_v2_6_7/HEPTools/lhapdf6/lib64/python2.6/site-packages/LHAPDF-6.1.6-py2.6.egg-info
make[3]: Nothing to be done for `install-data-am'.
make[3]: Leaving directory `/tmp/bkailasa/tmpNz4ViY/LHAPDF-6.1.6/wrappers/python'
make[2]: Leaving directory `/tmp/bkailasa/tmpNz4ViY/LHAPDF-6.1.6/wrappers/python'
make[2]: Entering directory `/tmp/bkailasa/tmpNz4ViY/LHAPDF-6.1.6/wrappers'
make[3]: Entering directory `/tmp/bkailasa/tmpNz4ViY/LHAPDF-6.1.6/wrappers'
make[3]: Nothing to be done for `install-exec-am'.
make[3]: Nothing to be done for `install-data-am'.
make[3]: Leaving directory `/tmp/bkailasa/tmpNz4ViY/LHAPDF-6.1.6/wrappers'
make[2]: Leaving directory `/tmp/bkailasa/tmpNz4ViY/LHAPDF-6.1.6/wrappers'
make[1]: Leaving directory `/tmp/bkailasa/tmpNz4ViY/LHAPDF-6.1.6/wrappers'
Making install in tests
make[1]: Entering directory `/tmp/bkailasa/tmpNz4ViY/LHAPDF-6.1.6/tests'
make[2]: Entering directory `/tmp/bkailasa/tmpNz4ViY/LHAPDF-6.1.6/tests'
make[2]: Nothing to be done for `install-exec-am'.
make[2]: Nothing to be done for `install-data-am'.
make[2]: Leaving directory `/tmp/bkailasa/tmpNz4ViY/LHAPDF-6.1.6/tests'
make[1]: Leaving directory `/tmp/bkailasa/tmpNz4ViY/LHAPDF-6.1.6/tests'
make[1]: Entering directory `/tmp/bkailasa/tmpNz4ViY/LHAPDF-6.1.6'
make[2]: Entering directory `/tmp/bkailasa/tmpNz4ViY/LHAPDF-6.1.6'
 /bin/mkdir -p '/afs/cern.ch/work/b/bkailasa/MCGens/madgraph/MG5_aMC_v2_6_7/HEPTools/lhapdf6//bin'
 /usr/bin/install -c lhapdf-config lhapdf '/afs/cern.ch/work/b/bkailasa/MCGens/madgraph/MG5_aMC_v2_6_7/HEPTools/lhapdf6//bin'
 /bin/mkdir -p '/afs/cern.ch/work/b/bkailasa/MCGens/madgraph/MG5_aMC_v2_6_7/HEPTools/lhapdf6//lib/pkgconfig'
 /usr/bin/install -c -m 644 lhapdf.pc '/afs/cern.ch/work/b/bkailasa/MCGens/madgraph/MG5_aMC_v2_6_7/HEPTools/lhapdf6//lib/pkgconfig'
 /bin/mkdir -p '/afs/cern.ch/work/b/bkailasa/MCGens/madgraph/MG5_aMC_v2_6_7/HEPTools/lhapdf6//share/LHAPDF'
 /usr/bin/install -c -m 644 lhapdf.conf pdfsets.index '/afs/cern.ch/work/b/bkailasa/MCGens/madgraph/MG5_aMC_v2_6_7/HEPTools/lhapdf6//share/LHAPDF'
make  install-data-hook
make[3]: Entering directory `/tmp/bkailasa/tmpNz4ViY/LHAPDF-6.1.6'
test -e /afs/cern.ch/work/b/bkailasa/MCGens/madgraph/MG5_aMC_v2_6_7/HEPTools/lhapdf6//share/LHAPDF/sets && rmdir /afs/cern.ch/work/b/bkailasa/MCGens/madgraph/MG5_aMC_v2_6_7/HEPTools/lhapdf6//share/LHAPDF/sets || true
make[3]: Leaving directory `/tmp/bkailasa/tmpNz4ViY/LHAPDF-6.1.6'
make[2]: Leaving directory `/tmp/bkailasa/tmpNz4ViY/LHAPDF-6.1.6'
make[1]: Leaving directory `/tmp/bkailasa/tmpNz4ViY/LHAPDF-6.1.6'
copy index and conf file
cp: `./share/LHAPDF/pdfsets.index' and `/afs/cern.ch/work/b/bkailasa/MCGens/madgraph/MG5_aMC_v2_6_7/HEPTools/lhapdf6//share/LHAPDF/pdfsets.index' are the same file
cp: `./share/LHAPDF/lhapdf.conf' and `/afs/cern.ch/work/b/bkailasa/MCGens/madgraph/MG5_aMC_v2_6_7/HEPTools/lhapdf6//share/LHAPDF/lhapdf.conf' are the same file
--2019-11-11 22:53:16--  https://lhapdf.hepforge.org/downloads?f=pdfsets/6.1/NNPDF23_lo_as_0130_qed.tar.gz
Resolving lhapdf.hepforge.org... 129.234.186.186
Connecting to lhapdf.hepforge.org|129.234.186.186|:443... connected.
HTTP request sent, awaiting response... 200 OK
Length: unspecified [application/x-gzip]
Saving to: “NNPDF23_lo_as_0130_qed.tar.gz”

     0K .......... .......... .......... .......... ..........  586K
    50K .......... .......... .......... .......... .......... 2.08M
   100K .......... .......... .......... .......... ..........  751K
   150K .......... .......... .......... .......... .......... 17.8M
   200K .......... .......... .......... .......... .......... 1.58M
   250K .......... .......... .......... .......... ..........  106M
   300K .......... .......... .......... .......... ..........  108M
   350K .......... .......... .......... .......... .......... 2.00M
   400K .......... .......... .......... .......... .......... 13.1M
   450K .......... .......... .......... .......... .......... 2.35M
   500K .......... .......... .......... .......... .......... 7.23M
   550K .......... .......... .......... .......... .......... 13.5M
   600K .......... .......... .......... .......... .......... 4.40M
   650K .......... .......... .......... .......... .......... 8.61M
   700K .......... .......... .......... .......... .......... 8.22M
   750K .......... .......... .......... .......... .......... 12.1M
   800K .......... .......... .......... .......... .......... 3.87M
   850K .......... .......... .......... .......... .......... 8.19M
   900K .......... .......... .......... .......... .......... 9.95M
   950K .......... .......... .......... .......... .......... 2.15M
  1000K .......... .......... .......... .......... .......... 15.6M
  1050K .......... .......... .......... .......... .......... 1.57M
  1100K .......... .......... .......... .......... .......... 44.0M
  1150K .......... .......... .......... .......... .......... 81.3M
  1200K .......... .......... .......... .......... .......... 4.50M
  1250K .......... .......... .......... .......... .......... 7.16M
  1300K .......... .......... .......... .......... .......... 8.33M
  1350K .......... .......... .......... .......... .......... 3.45M
  1400K .......... .......... .......... .......... .......... 7.94M
  1450K .......... .......... .......... .......... .......... 3.89M
  1500K .......... .......... .......... .......... .......... 6.19M
  1550K .......... .......... .......... .......... .......... 7.33M
  1600K .......... .......... .......... .......... .......... 2.98M
  1650K .......... .......... .......... .......... .......... 10.9M
  1700K .......... .......... .......... .......... .......... 3.34M
  1750K .......... .......... .......... .......... .......... 7.68M
  1800K .......... .......... .......... .......... .......... 8.72M
  1850K .......... .......... .......... .......... .......... 3.48M
  1900K .......... .......... .......... .......... .......... 7.81M
  1950K .......... .......... .......... .......... .......... 2.05M
  2000K .......... .......... .......... .......... .......... 11.2M
  2050K .......... .......... .......... .......... .......... 13.5M
  2100K .......... .......... .......... .......... .......... 2.59M
  2150K .......... .......... .......... .......... .......... 10.2M
  2200K .......... .......... .......... .......... .......... 3.09M
  2250K .......... .......... .......... .......... .......... 9.32M
  2300K .......... .......... .......... .......... .......... 10.2M
  2350K .......... .......... .......... .......... .......... 3.07M
  2400K .......... .......... .......... .......... .......... 8.05M
  2450K .......... .......... .......... .......... .......... 3.24M
  2500K .......... .......... .......... .......... .......... 8.23M
  2550K .......... .......... .......... .......... .......... 9.82M
  2600K .......... .......... .......... .......... .......... 3.17M
  2650K .......... .......... .......... .......... .......... 9.47M
  2700K .......... .......... .......... .......... .......... 3.38M
  2750K .......... .......... .......... .......... .......... 8.51M
  2800K .......... .......... .......... .......... .......... 7.02M
  2850K .......... .......... .......... .......... .......... 3.34M
  2900K .......... .......... .......... .......... .......... 8.79M
  2950K .......... .......... .......... .......... .......... 1.81M
  3000K .......... .......... .......... .......... .......... 15.3M
  3050K .......... .......... .......... .......... .......... 1.58M
  3100K .......... .......... .......... .......... .......... 66.1M
  3150K .......... .......... .......... .......... .......... 93.3M
  3200K .......... .......... .......... .......... .......... 3.51M
  3250K .......... .......... .......... .......... .......... 6.49M
  3300K .......... .......... .......... .......... .......... 2.91M
  3350K .......... .......... .......... .......... .......... 6.49M
  3400K .......... .......... .......... .......... .......... 3.05M
  3450K .......... .......... .......... .......... .......... 5.91M
  3500K .......... .......... .......... .......... .......... 3.07M
  3550K .......... .......... .......... .......... .......... 6.79M
  3600K .......... .......... .......... .......... .......... 2.61M
  3650K .......... .......... .......... .......... .......... 6.83M
  3700K .......... .......... .......... .......... .......... 2.96M
  3750K .......... .......... .......... .......... .......... 1.71M
  3800K .......... .......... .......... .......... .......... 16.9M
  3850K .......... .......... .......... .......... .......... 14.1M
  3900K .......... .......... .......... .......... .......... 2.26M
  3950K .......... .......... .......... .......... .......... 2.53M
  4000K .......... .......... .......... .......... .......... 8.15M
  4050K .......... .......... .......... .......... .......... 2.51M
  4100K .......... .......... .......... .......... .......... 10.6M
  4150K .......... .......... .......... .......... .......... 2.62M
  4200K .......... .......... .......... .......... .......... 8.32M
  4250K .......... .......... .......... .......... .......... 2.87M
  4300K .......... .......... .......... .......... .......... 6.97M
  4350K .......... .......... .......... .......... .......... 2.99M
  4400K .......... .......... .......... .......... .......... 5.45M
  4450K .......... .......... .......... .......... .......... 3.00M
  4500K .......... .......... .......... .......... .......... 5.48M
  4550K .......... .......... .......... .......... .......... 1.57M
  4600K .......... .......... .......... .......... .......... 11.2M
  4650K .......... .......... .......... .......... .......... 1.87M
  4700K .......... .......... .......... .......... .......... 9.73M
  4750K .......... .......... .......... .......... .......... 2.65M
  4800K .......... .......... .......... .......... .......... 5.44M
  4850K .......... .......... .......... .......... .......... 2.86M
  4900K .......... .......... .......... .......... .......... 5.90M
  4950K .......... .......... .......... .......... .......... 3.40M
  5000K .......... .......... .......... .......... .......... 3.88M
  5050K .......... .......... .......... .......... .......... 16.9M
  5100K .......... .......... .......... .......... .......... 2.41M
  5150K .......... .......... .......... .......... .......... 8.63M
  5200K .......... .......... .......... .......... .......... 2.50M
  5250K .......... .......... .......... .......... .......... 8.07M
  5300K .......... .......... .......... .......... .......... 1.92M
  5350K .......... .......... .......... .......... .......... 15.2M
  5400K .......... .......... .......... .......... .......... 2.39M
  5450K .......... .......... .......... .......... .......... 10.5M
  5500K .......... .......... .......... .......... .......... 2.73M
  5550K .......... .......... .......... .......... .......... 8.66M
  5600K .......... .......... .......... .......... .......... 2.62M
  5650K .......... .......... .......... .......... .......... 9.24M
  5700K .......... .......... .......... .......... .......... 11.3M
  5750K .......... .......... .......... .......... .......... 2.68M
  5800K .......... .......... .......... .......... .......... 9.77M
  5850K .......... .......... .......... .......... .......... 2.90M
  5900K .......... .......... .......... .......... .......... 8.72M
  5950K .......... .......... .......... .......... .......... 2.97M
  6000K .......... .......... .......... .......... .......... 6.77M
  6050K .......... .......... .......... .......... .......... 2.99M
  6100K .......... .......... .......... .......... .......... 8.49M
  6150K .......... .......... .......... .......... .......... 1.82M
  6200K .......... .......... .......... .......... .......... 15.4M
  6250K .......... .......... .......... .......... .......... 1.64M
  6300K .......... .......... .......... .......... .......... 87.0M
  6350K .......... .......... .......... .......... .......... 94.3M
  6400K .......... .......... .......... .......... .......... 2.24M
  6450K .......... .......... .......... .......... .......... 2.63M
  6500K .......... .......... .......... .......... .......... 6.90M
  6550K .......... .......... .......... .......... .......... 2.50M
  6600K .......... .......... .......... .......... .......... 2.92M
  6650K .......... .......... .......... .......... .......... 5.95M
  6700K .......... .......... .......... .......... .......... 2.76M
  6750K .......... .......... .......... .......... .......... 6.00M
  6800K .......... .......... .......... .......... .......... 2.31M
  6850K .......... .......... .......... .......... .......... 1.76M
  6900K .......... .......... .......... .......... .......... 16.6M
  6950K .......... .......... .......... .......... .......... 2.15M
  7000K .......... .......... .......... .......... .......... 2.44M
  7050K .......... .......... .......... .......... .......... 9.95M
  7100K .......... .......... .......... .......... .......... 2.50M
  7150K .......... .......... .......... .......... .......... 9.10M
  7200K .......... .......... .......... .......... .......... 2.24M
  7250K .......... .......... .......... .......... .......... 11.8M
  7300K .......... .......... .......... .......... .......... 2.40M
  7350K .......... .......... .......... .......... .......... 2.62M
  7400K .......... .......... .......... .......... .......... 8.02M
  7450K .......... .......... .......... .......... .......... 2.59M
  7500K .......... .......... .......... .......... .......... 8.35M
  7550K .......... .......... .......... .......... .......... 71.5K
  7600K .......... .......... .......... .......... .......... 2.17M
  7650K .......... .......... .......... .......... .......... 6.89M
  7700K .......... .......... .......... .......... .......... 2.84M
  7750K .......... .......... .......... .......... .......... 5.79M
  7800K .......... .......... .......... .......... .......... 2.88M
  7850K .......... .......... .......... .......... .......... 7.77M
  7900K .......... .......... .......... .......... .......... 3.47M
  7950K .......... .......... .......... .......... .......... 5.44M
  8000K .......... .......... .......... .......... .......... 1.88M
  8050K .......... .......... .......... .......... .......... 15.4M
  8100K .......... .......... .......... .......... .......... 2.46M
  8150K .......... .......... .......... .......... .......... 10.4M
  8200K .......... .......... .......... .......... .......... 11.7M
  8250K .......... .......... .......... .......... .......... 2.78M
  8300K .......... .......... .......... .......... .......... 10.6M
  8350K .......... .......... .......... .......... .......... 2.81M
  8400K .......... .......... .......... .......... .......... 7.55M
  8450K .......... .......... .......... .......... .......... 3.08M
  8500K .......... .......... .......... .......... .......... 9.05M
  8550K .......... .......... .......... .......... .......... 10.7M
  8600K .......... .......... .......... .......... .......... 2.80M
  8650K .......... .......... .......... .......... .......... 13.5M
  8700K .......... .......... .......... .......... .......... 11.2M
  8750K .......... .......... .......... .......... .......... 2.64M
  8800K .......... .......... .......... .......... .......... 6.64M
  8850K .......... .......... .......... .......... .......... 3.55M
  8900K .......... .......... .......... .......... .......... 9.89M
  8950K .......... .......... .......... .......... .......... 7.74M
  9000K .......... .......... .......... .......... .......... 2.17M
  9050K .......... .......... .......... .......... .......... 16.4M
  9100K .......... .......... .......... .......... .......... 13.7M
  9150K .......... .......... .......... .......... .......... 2.63M
  9200K .......... .......... .......... .......... .......... 7.54M
  9250K .......... .......... .......... .......... .......... 14.6M
  9300K .......... .......... .......... .......... .......... 3.26M
  9350K .......... .......... .......... .......... .......... 9.97M
  9400K .......... .......... .......... .......... .......... 10.6M
  9450K .......... .......... .......... .......... .......... 3.85M
  9500K .......... .......... .......... .......... .......... 10.4M
  9550K .......... .......... .......... .......... .......... 10.0M
  9600K .......... .......... .......... .......... .......... 3.54M
  9650K .......... .......... .......... .......... .......... 10.3M
  9700K .......... .......... .......... .......... .......... 10.6M
  9750K .......... .......... .......... .......... .......... 5.38M
  9800K .......... .......... .......... .......... .......... 6.62M
  9850K .......... .......... .......... .......... .......... 10.4M
  9900K .......... .......... .......... .......... .......... 11.3M
  9950K .......... .......... .......... .......... .......... 5.74M
 10000K .......... .......... .......... .......... .......... 5.42M
 10050K .......... .......... .......... .......... .......... 10.9M
 10100K .......... .......... .......... .......... .......... 11.0M
 10150K .......... .......... .......... .......... .......... 4.82M
 10200K .......... .......... .......... .......... .......... 9.53M
 10250K .......... .......... .......... .......... .......... 11.1M
 10300K .......... .......... .......... .......... .......... 1.07M
 10350K .......... .......... .......... .......... .......... 94.0M
 10400K .......... .......... .......... .......... .......... 3.09M
 10450K .......... .......... .......... .......... .......... 45.1M
 10500K .......... .......... .......... .......... .......... 75.2M
 10550K .......... .......... .......... .......... .......... 87.2M
 10600K .......... .......... .......... .......... .......... 9.25M
 10650K .......... .......... .......... .......... .......... 5.01M
 10700K .......... .......... .......... .......... .......... 6.21M
 10750K .......... .......... .......... .......... .......... 6.22M
 10800K .......... .......... .......... .......... .......... 3.99M
 10850K .......... .......... .......... .......... .......... 8.40M
 10900K .......... .......... .......... .......... .......... 5.39M
 10950K .......... .......... .......... .......... .......... 6.48M
 11000K .......... .......... .......... .......... .......... 5.90M
 11050K .......... .......... .......... .......... .......... 5.98M
 11100K .......... .......... .......... .......... .......... 5.62M
 11150K .......... .......... .......... .......... .......... 7.17M
 11200K .......... .......... .......... .......... .......... 4.26M
 11250K .......... .......... .......... .......... .......... 5.24M
 11300K .......... .......... .......... .......... .......... 7.20M
 11350K .......... .......... .......... .......... .......... 6.61M
 11400K .......... .......... .......... .......... .......... 1.90M
 11450K .......... .......... .......... .......... .......... 15.1M
 11500K .......... .......... .......... .......... .......... 1.54M
 11550K .......... .......... .......... .......... .......... 58.9M
 11600K .......... .......... .......... .......... .......... 63.6M
 11650K .......... .......... .......... .......... .......... 4.83M
 11700K .......... .......... .......... .......... .......... 5.97M
 11750K .......... .......... .......... .......... .......... 8.77M
 11800K .......... .......... .......... .......... .......... 2.91M
 11850K .......... .......... .......... .......... .......... 7.63M
 11900K .......... .......... .......... .......... .......... 2.93M
 11950K .......... .......... .......... .......... .......... 9.42M
 12000K .......... .......... .......... .......... .......... 2.52M
 12050K .......... .......... .......... .......... .......... 8.49M
 12100K .......... .......... .......... .......... .......... 2.94M
 12150K .......... .......... .......... .......... .......... 7.38M
 12200K .......... .......... .......... .......... .......... 3.26M
 12250K .......... .......... .......... .......... .......... 7.01M
 12300K .......... .......... .......... .......... .......... 1.93M
 12350K .......... .......... .......... .......... .......... 16.2M
 12400K .......... .......... .......... .......... .......... 1.71M
 12450K .......... .......... .......... .......... ..........  106M
 12500K .......... .......... .......... .......... .......... 2.62M
 12550K .......... .......... .......... .......... .......... 2.51M
 12600K .......... .......... .......... .......... .......... 6.54M
 12650K .......... .......... .......... .......... .......... 2.54M
 12700K .......... .......... .......... .......... .......... 2.50M
 12750K .......... .......... .......... .......... .......... 6.61M
 12800K .......... .......... .......... .......... .......... 2.26M
 12850K .......... .......... .......... .......... .......... 2.54M
 12900K .......... .......... .......... .......... .......... 7.04M
 12950K .......... .......... .......... .......... ..........  750K
 13000K .......... .......... .......... .......... .......... 16.1M
 13050K .......... .......... .......... .......... .......... 2.09M
 13100K .......... .......... .......... .......... .......... 2.41M
 13150K .......... .......... .......... .......... .......... 8.67M
 13200K .......... .......... .......... .......... .......... 2.30M
 13250K .......... .......... .......... .......... .......... 2.44M
 13300K .......... .......... .......... .......... .......... 8.63M
 13350K .......... .......... .......... .......... .......... 2.54M
 13400K .......... .......... .......... .......... .......... 8.75M
 13450K .......... .......... .......... .......... ..........  838K
 13500K .......... .......... .......... .......... .......... 83.3M
 13550K .......... .......... .......... .......... .......... 6.74M
 13600K .......... .......... .......... .......... .......... 2.01M
 13650K .......... .......... .......... .......... .......... 2.24M
 13700K .......... .......... .......... .......... .......... 2.25M
 13750K .......... .......... .......... .......... .......... 2.35M
 13800K .......... .......... .......... .......... .......... 2.35M
 13850K .......... .......... .......... .......... .......... 5.54M
 13900K .......... .......... .......... .......... .......... 2.27M
 13950K .......... .......... .......... .......... ..........  748K
 14000K .......... .......... .......... .......... .......... 1.99M
 14050K .......... .......... .......... .......... .......... 2.22M
 14100K .......... .......... .......... .......... .......... 10.0M
 14150K .......... .......... .......... .......... .......... 2.19M
 14200K .......... .......... .......... .......... .......... 2.25M
 14250K .......... .......... .......... .......... .......... 2.23M
 14300K .......... .......... .......... .......... .......... 9.89M
 14350K .......... .......... .......... .......... .......... 1.21M
 14400K .......... .......... .......... .......... .......... 2.10M
 14450K .......... .......... .......... .......... .......... 11.1M
 14500K .......... .......... .......... .......... .......... 2.21M
 14550K .......... .......... .......... .......... .......... 2.29M
 14600K .......... .......... .......... .......... .......... 2.37M
 14650K .......... .......... .......... .......... .......... 8.32M
 14700K .......... .......... .......... .......... .......... 2.26M
 14750K .......... .......... .......... .......... .......... 2.34M
 14800K .......... .......... .......... .......... .......... 2.26M
 14850K .......... .......... .......... .......... .......... 7.36M
 14900K .......... .......... .......... .......... ..........  745K
 14950K .......... .......... .......... .......... .......... 2.21M
 15000K .......... .......... .......... .......... .......... 10.6M
 15050K .......... .......... .......... .......... .......... 2.23M
 15100K .......... .......... .......... .......... .......... 2.39M
 15150K .......... .......... .......... .......... .......... 9.31M
 15200K .......... .......... .......... .......... .......... 2.14M
 15250K .......... .......... .......... .......... .......... 2.39M
 15300K .......... .......... .......... .......... .......... 9.57M
 15350K .......... .......... .......... .......... .......... 1.22M
 15400K .......... .......... .......... .......... .......... 12.4M
 15450K .......... .......... .......... .......... .......... 2.23M
 15500K .......... .......... .......... .......... .......... 10.5M
 15550K .......... .......... .......... .......... .......... 2.29M
 15600K .......... .......... .......... .......... .......... 2.24M
 15650K .......... .......... .......... .......... .......... 2.46M
 15700K .......... .......... .......... .......... .......... 9.56M
 15750K .......... .......... .......... .......... .......... 2.33M
 15800K .......... .......... .......... .......... .......... 9.58M
 15850K .......... .......... .......... .......... .......... 2.47M
 15900K .......... .......... .......... .......... .......... 2.51M
 15950K .......... .......... .......... .......... .......... 8.22M
 16000K .......... .......... .......... .......... ..........  730K
 16050K .......... .......... .......... .......... .......... 16.3M
 16100K .......... .......... .......... .......... .......... 2.10M
 16150K .......... .......... .......... .......... .......... 2.48M
 16200K .......... .......... .......... .......... .......... 8.59M
 16250K .......... .......... .......... .......... .......... 2.56M
 16300K .......... .......... .......... .......... .......... 8.38M
 16350K .......... .......... .......... .......... .......... 2.56M
 16400K .......... .......... .......... .......... .......... 2.31M
 16450K .......... .......... .......... .......... .......... 8.71M
 16500K .......... .......... .......... .......... .......... 2.47M
 16550K .......... .......... .......... .......... .......... 2.17M
 16600K .......... .......... .......... .......... .......... 13.6M
 16650K .......... .......... .......... .......... .......... 2.23M
 16700K .......... .......... .......... .......... .......... 2.55M
 16750K .......... .......... .......... .......... .......... 9.66M
 16800K .......... .......... .......... .......... .......... 2.31M
 16850K .......... .......... .......... .......... .......... 9.60M
 16900K .......... .......... .......... .......... .......... 2.53M
 16950K .......... .......... .......... .......... .......... 2.49M
 17000K .......... .......... .......... .......... .......... 10.1M
 17050K .......... .......... .......... .......... .......... 2.53M
 17100K .......... .......... .......... .......... .......... 9.64M
 17150K .......... .......... .......... .......... .......... 2.56M
 17200K .......... .......... .......... .......... .......... 7.34M
 17250K .......... .......... .......... .......... .......... 71.5K
 17300K .......... .......... .......... .......... .......... 14.9M
 17350K .......... .......... .......... .......... .......... 2.19M
 17400K .......... .......... .......... .......... .......... 12.1M
 17450K .......... .......... .......... .......... .......... 2.50M
 17500K .......... .......... .......... .......... .......... 10.2M
 17550K .......... .......... .......... .......... .......... 2.70M
 17600K .......... .......... .......... .......... .......... 7.48M
 17650K .......... .......... .......... .......... .......... 2.67M
 17700K .......... .......... .......... .......... .......... 11.1M
 17750K .......... .......... .......... .......... ..........  760K
 17800K .......... .......... .......... .......... .......... 15.9M
 17850K .......... .......... .......... .......... .......... 2.50M
 17900K .......... .......... .......... .......... .......... 10.6M
 17950K .......... .......... .......... .......... .......... 11.2M
 18000K .......... .......... .......... .......... .......... 2.52M
 18050K .......... .......... .......... .......... .......... 10.7M
 18100K .......... .......... .......... .......... .......... 2.93M
 18150K .......... .......... .......... .......... .......... 9.97M
 18200K .......... .......... .......... .......... .......... 3.14M
 18250K .......... .......... .......... .......... .......... 10.0M
 18300K .......... .......... .......... .......... .......... 10.0M
 18350K .......... .......... .......... .......... .......... 3.12M
 18400K .......... .......... .......... .......... .......... 7.63M
 18450K .......... .......... .......... .......... .......... 3.31M
 18500K .......... .......... .......... .......... .......... 2.13M
 18550K .......... .......... .......... .......... .......... 13.9M
 18600K .......... .......... .......... .......... .......... 15.9M
 18650K .......... .......... .......... .......... .......... 1.67M
 18700K .......... .......... .......... .......... ..........  103M
 18750K .......... .......... .......... .......... ..........  104M
 18800K .......... .......... .......... .......... .......... 3.20M
 18850K .......... .......... .......... .......... .......... 6.61M
 18900K .......... .......... .......... .......... .......... 3.18M
 18950K .......... .......... .......... .......... .......... 6.82M
 19000K .......... .......... .......... .......... .......... 3.29M
 19050K .......... .......... .......... .......... .......... 6.46M
 19100K .......... .......... .......... .......... .......... 3.24M
 19150K .......... .......... .......... .......... .......... 6.80M
 19200K .......... .......... .......... .......... .......... 2.82M
 19250K .......... .......... .......... .......... .......... 6.66M
 19300K .......... .......... .......... .......... .......... 3.27M
 19350K .......... .......... .......... .......... .......... 6.46M
 19400K .......... .......... .......... .......... .......... 1.83M
 19450K .......... .......... .......... .......... .......... 15.6M
 19500K .......... .......... .......... .......... .......... 1.69M
 19550K .......... .......... .......... .......... .......... 95.1M
 19600K .......... .......... .......... .......... .......... 2.92M
 19650K .......... .......... .......... .......... .......... 7.15M
 19700K .......... .......... .......... .......... .......... 2.54M
 19750K .......... .......... .......... .......... .......... 2.61M
 19800K .......... .......... .......... .......... .......... 6.39M
 19850K .......... .......... .......... .......... .......... 2.54M
 19900K .......... .......... .......... .......... .......... 7.47M
 19950K .......... .......... .......... .......... .......... 2.50M
 20000K .......... .......... .......... .......... .......... 2.36M
 20050K .......... .......... .......... .......... ..........  717K
 20100K .......... .......... .......... .......... .......... 17.0M
 20150K .......... .......... .......... .......... .......... 2.20M
 20200K .......... .......... .......... .......... .......... 10.9M
 20250K .......... .......... .......... .......... .......... 2.37M
 20300K .......... .......... .......... .......... .......... 2.47M
 20350K .......... .......... .......... .......... .......... 8.98M
 20400K .......... .......... .......... .......... .......... 2.24M
 20450K .......... .......... .......... .......... .......... 10.1M
 20500K .......... .......... .......... .......... .......... 2.47M
 20550K .......... .......... .......... .......... .......... 2.48M
 20600K .......... .......... .......... .......... .......... 2.10M
 20650K .......... .......... .......... .......... .......... 2.44M
 20700K .......... .......... .......... .......... .......... 8.82M
 20750K .......... .......... .......... .......... .......... 2.54M
 20800K .......... .......... .......... .......... .......... 2.25M
 20850K .......... .......... .......... .......... .......... 8.93M
 20900K .......... .......... .......... .......... .......... 2.54M
 20950K .......... .......... .......... .......... .......... 8.73M
 21000K .......... .......... .......... .......... .......... 2.55M
 21050K .......... .......... .......... .......... .......... 8.85M
 21100K .......... .......... .......... .......... .......... 2.53M
 21150K .......... .......... .......... .......... .......... 8.91M
 21200K .......... .......... .......... .......... .......... 2.33M
 21250K .......... .......... .......... .......... ..........  199K
 21300K .......... .......... .......... .......... .......... 16.6M
 21350K .......... .......... .......... .......... .......... 2.14M
 21400K .......... .......... .......... .......... .......... 12.2M
 21450K .......... .......... .......... .......... .......... 2.48M
 21500K .......... .......... .......... .......... .......... 10.8M
 21550K .......... .......... .......... .......... .......... 2.58M
 21600K .......... .......... .......... .......... .......... 8.04M
 21650K .......... .......... .......... .......... .......... 2.64M
 21700K .......... .......... .......... .......... .......... 9.95M
 21750K .......... .......... .......... .......... .......... 2.72M
 21800K .......... .......... .......... .......... .......... 10.1M
 21850K .......... .......... .......... .......... .......... 2.87M
 21900K .......... .......... .......... .......... .......... 9.71M
 21950K .......... .......... .......... .......... .......... 2.94M
 22000K .......... .......... .......... .......... .......... 7.38M
 22050K .......... .......... .......... .......... .......... 10.4M
 22100K .......... .......... .......... .......... .......... 2.98M
 22150K .......... .......... .......... .......... .......... 10.3M
 22200K .......... .......... .......... .......... .......... 3.14M
 22250K .......... .......... .......... .......... .......... 9.15M
 22300K .......... .......... .......... .......... .......... 10.4M
 22350K .......... .......... .......... .......... .......... 3.19M
 22400K .......... .......... .......... .......... .......... 7.08M
 22450K .......... .......... .......... .......... .......... 3.73M
 22500K .......... .......... .......... .......... .......... 8.15M
 22550K .......... .......... .......... .......... .......... 9.43M
 22600K .......... .......... .......... .......... .......... 3.90M
 22650K .......... .......... .......... .......... .......... 7.53M
 22700K .......... .......... .......... .......... .......... 10.7M
 22750K .......... .......... .......... .......... .......... 4.09M
 22800K .......... .......... .......... .......... .......... 5.82M
 22850K .......... .......... .......... .......... .......... 10.1M
 22900K .......... .......... .......... .......... .......... 4.11M
 22950K .......... .......... .......... .......... .......... 8.71M
 23000K .......... .......... .......... .......... .......... 9.35M
 23050K .......... .......... .......... .......... .......... 10.8M
 23100K .......... .......... .......... .......... .......... 4.02M
 23150K .......... .......... .......... .......... .......... 9.46M
 23200K .......... .......... .......... .......... .......... 7.45M
 23250K .......... .......... .......... .......... .......... 4.48M
 23300K .......... .......... .......... .......... .......... 9.54M
 23350K .......... .......... .......... .......... .......... 9.78M
 23400K .......... .......... .......... .......... .......... 10.2M
 23450K .......... .......... .......... .......... .......... 4.46M
 23500K .......... .......... .......... .......... .......... 11.2M
 23550K .......... .......... .......... .......... .......... 9.56M
 23600K .......... .......... .......... .......... .......... 4.54M
 23650K .......... .......... .......... .......... .......... 8.16M
 23700K .......... .......... .......... .......... .......... 10.9M
 23750K .......... .......... .......... .......... .......... 11.2M
 23800K .......... .......... .......... .......... .......... 5.43M
 23850K .......... .......... .......... .......... .......... 8.99M
 23900K .......... .......... .......... .......... .......... 8.40M
 23950K .......... .......... .......... .......... .......... 10.4M
 24000K .......... .......... .......... .......... .......... 5.33M
 24050K .......... .......... .......... .......... .......... 10.2M
 24100K .......... .......... .......... .......... .......... 8.37M
 24150K .......... .......... .......... .......... .......... 10.4M
 24200K .......... .......... .......... .......... .......... 8.03M
 24250K .......... .......... .......... .......... .......... 8.87M
 24300K .......... .......... .......... .......... .......... 8.74M
 24350K .......... .......... .......... .......... .......... 10.7M
 24400K .......... .......... .......... .......... .......... 6.25M
 24450K .......... .......... .......... .......... .......... 9.25M
 24500K .......... .......... .......... .......... .......... 10.9M
 24550K .......... .......... .......... .......... .......... 9.17M
 24600K .......... .......... .......... .......... .......... 11.0M
 24650K .......... .......... .......... .......... .......... 8.98M
 24700K .......... .......... .......... .......... .......... 8.62M
 24750K .......... .......... .......... .......... .......... 11.0M
 24800K .......... .......... .......... .......... .......... 8.08M
 24850K .......... .......... .......... .......... .......... 11.0M
 24900K .......... .......... .......... .......... .......... 9.49M
 24950K .......... .......... .......... .......... .......... 8.93M
 25000K .......... .......... .......... .......... .......... 11.1M
 25050K .......... .......... .......... .......... .......... 10.9M
 25100K .......... .......... .......... .......... .......... 10.9M
 25150K .......... .......... .......... .......... .......... 10.5M
 25200K .......... .......... .......... .......... .......... 7.84M
 25250K .......... .......... .......... .......... .......... 9.78M
 25300K .......... .......... .......... .......... .......... 12.5M
 25350K .......... .......... .......... .......... .......... 9.44M
 25400K .......... .......... .......... .......... .......... 10.6M
 25450K .......... .......... .......... .......... .......... 13.1M
 25500K .......... .......... .......... .......... .......... 10.2M
 25550K .......... .......... .......... .......... .......... 11.9M
 25600K .......... .......... .......... .......... .......... 7.58M
 25650K .......... .......... .......... .......... .......... 11.6M
 25700K .......... .......... .......... .......... .......... 9.55M
 25750K .......... .......... .......... .......... .......... 11.9M
 25800K .......... .......... .......... .......... .......... 10.9M
 25850K .......... .......... .......... .......... .......... 12.5M
 25900K .......... .......... .......... .......... .......... 10.1M
 25950K .......... .......... .......... .......... .......... 11.3M
 26000K .......... .......... .......... .......... .......... 8.17M
 26050K .......... .......... .......... .......... .......... 10.3M
 26100K .......... .......... .......... .......... .......... 13.4M
 26150K .......... .......... .......... .......... .......... 10.7M
 26200K .......... .......... .......... .......... .......... 10.9M
 26250K .......... .......... .......... .......... .......... 9.68M
 26300K .......... .......... .......... .......... .......... 11.9M
 26350K .......... .......... .......... .......... .......... 11.1M
 26400K .......... .......... .......... .......... .......... 8.24M
 26450K .......... .......... .......... .......... .......... 10.2M
 26500K .......... .......... .......... .......... .......... 11.5M
 26550K .......... .......... .......... .......... .......... 10.8M
 26600K .......... .......... .......... .......... .......... 11.0M
 26650K .......... .......... .......... .......... .......... 11.4M
 26700K .......... .......... .......... .......... .......... 10.6M
 26750K .......... .......... .......... .......... .......... 13.3M
 26800K .......... .......... .......... .......... .......... 8.00M
 26850K .......... .......... .......... .......... .......... 9.50M
 26900K .......... .......... .......... .......... .......... 13.2M
 26950K .......... .......... ........                         15.8M=8.1s

2019-11-11 22:53:24 (3.24 MB/s) - “NNPDF23_lo_as_0130_qed.tar.gz” saved [27625668]

NNPDF23_lo_as_0130_qed/NNPDF23_lo_as_0130_qed_0000.dat
NNPDF23_lo_as_0130_qed/NNPDF23_lo_as_0130_qed_0001.dat
NNPDF23_lo_as_0130_qed/NNPDF23_lo_as_0130_qed_0002.dat
NNPDF23_lo_as_0130_qed/NNPDF23_lo_as_0130_qed_0003.dat
NNPDF23_lo_as_0130_qed/NNPDF23_lo_as_0130_qed_0004.dat
NNPDF23_lo_as_0130_qed/NNPDF23_lo_as_0130_qed_0005.dat
NNPDF23_lo_as_0130_qed/NNPDF23_lo_as_0130_qed_0006.dat
NNPDF23_lo_as_0130_qed/NNPDF23_lo_as_0130_qed_0007.dat
NNPDF23_lo_as_0130_qed/NNPDF23_lo_as_0130_qed_0008.dat
NNPDF23_lo_as_0130_qed/NNPDF23_lo_as_0130_qed_0009.dat
NNPDF23_lo_as_0130_qed/NNPDF23_lo_as_0130_qed_0010.dat
NNPDF23_lo_as_0130_qed/NNPDF23_lo_as_0130_qed_0011.dat
NNPDF23_lo_as_0130_qed/NNPDF23_lo_as_0130_qed_0012.dat
NNPDF23_lo_as_0130_qed/NNPDF23_lo_as_0130_qed_0013.dat
NNPDF23_lo_as_0130_qed/NNPDF23_lo_as_0130_qed_0014.dat
NNPDF23_lo_as_0130_qed/NNPDF23_lo_as_0130_qed_0015.dat
NNPDF23_lo_as_0130_qed/NNPDF23_lo_as_0130_qed_0016.dat
NNPDF23_lo_as_0130_qed/NNPDF23_lo_as_0130_qed_0017.dat
NNPDF23_lo_as_0130_qed/NNPDF23_lo_as_0130_qed_0018.dat
NNPDF23_lo_as_0130_qed/NNPDF23_lo_as_0130_qed_0019.dat
NNPDF23_lo_as_0130_qed/NNPDF23_lo_as_0130_qed_0020.dat
NNPDF23_lo_as_0130_qed/NNPDF23_lo_as_0130_qed_0021.dat
NNPDF23_lo_as_0130_qed/NNPDF23_lo_as_0130_qed_0022.dat
NNPDF23_lo_as_0130_qed/NNPDF23_lo_as_0130_qed_0023.dat
NNPDF23_lo_as_0130_qed/NNPDF23_lo_as_0130_qed_0024.dat
NNPDF23_lo_as_0130_qed/NNPDF23_lo_as_0130_qed_0025.dat
NNPDF23_lo_as_0130_qed/NNPDF23_lo_as_0130_qed_0026.dat
NNPDF23_lo_as_0130_qed/NNPDF23_lo_as_0130_qed_0027.dat
NNPDF23_lo_as_0130_qed/NNPDF23_lo_as_0130_qed_0028.dat
NNPDF23_lo_as_0130_qed/NNPDF23_lo_as_0130_qed_0029.dat
NNPDF23_lo_as_0130_qed/NNPDF23_lo_as_0130_qed_0030.dat
NNPDF23_lo_as_0130_qed/NNPDF23_lo_as_0130_qed_0031.dat
NNPDF23_lo_as_0130_qed/NNPDF23_lo_as_0130_qed_0032.dat
NNPDF23_lo_as_0130_qed/NNPDF23_lo_as_0130_qed_0033.dat
NNPDF23_lo_as_0130_qed/NNPDF23_lo_as_0130_qed_0034.dat
NNPDF23_lo_as_0130_qed/NNPDF23_lo_as_0130_qed_0035.dat
NNPDF23_lo_as_0130_qed/NNPDF23_lo_as_0130_qed_0036.dat
NNPDF23_lo_as_0130_qed/NNPDF23_lo_as_0130_qed_0037.dat
NNPDF23_lo_as_0130_qed/NNPDF23_lo_as_0130_qed_0038.dat
NNPDF23_lo_as_0130_qed/NNPDF23_lo_as_0130_qed_0039.dat
NNPDF23_lo_as_0130_qed/NNPDF23_lo_as_0130_qed_0040.dat
NNPDF23_lo_as_0130_qed/NNPDF23_lo_as_0130_qed_0041.dat
NNPDF23_lo_as_0130_qed/NNPDF23_lo_as_0130_qed_0042.dat
NNPDF23_lo_as_0130_qed/NNPDF23_lo_as_0130_qed_0043.dat
NNPDF23_lo_as_0130_qed/NNPDF23_lo_as_0130_qed_0044.dat
NNPDF23_lo_as_0130_qed/NNPDF23_lo_as_0130_qed_0045.dat
NNPDF23_lo_as_0130_qed/NNPDF23_lo_as_0130_qed_0046.dat
NNPDF23_lo_as_0130_qed/NNPDF23_lo_as_0130_qed_0047.dat
NNPDF23_lo_as_0130_qed/NNPDF23_lo_as_0130_qed_0048.dat
NNPDF23_lo_as_0130_qed/NNPDF23_lo_as_0130_qed_0049.dat
NNPDF23_lo_as_0130_qed/NNPDF23_lo_as_0130_qed_0050.dat
NNPDF23_lo_as_0130_qed/NNPDF23_lo_as_0130_qed_0051.dat
NNPDF23_lo_as_0130_qed/NNPDF23_lo_as_0130_qed_0052.dat
NNPDF23_lo_as_0130_qed/NNPDF23_lo_as_0130_qed_0053.dat
NNPDF23_lo_as_0130_qed/NNPDF23_lo_as_0130_qed_0054.dat
NNPDF23_lo_as_0130_qed/NNPDF23_lo_as_0130_qed_0055.dat
NNPDF23_lo_as_0130_qed/NNPDF23_lo_as_0130_qed_0056.dat
NNPDF23_lo_as_0130_qed/NNPDF23_lo_as_0130_qed_0057.dat
NNPDF23_lo_as_0130_qed/NNPDF23_lo_as_0130_qed_0058.dat
NNPDF23_lo_as_0130_qed/NNPDF23_lo_as_0130_qed_0059.dat
NNPDF23_lo_as_0130_qed/NNPDF23_lo_as_0130_qed_0060.dat
NNPDF23_lo_as_0130_qed/NNPDF23_lo_as_0130_qed_0061.dat
NNPDF23_lo_as_0130_qed/NNPDF23_lo_as_0130_qed_0062.dat
NNPDF23_lo_as_0130_qed/NNPDF23_lo_as_0130_qed_0063.dat
NNPDF23_lo_as_0130_qed/NNPDF23_lo_as_0130_qed_0064.dat
NNPDF23_lo_as_0130_qed/NNPDF23_lo_as_0130_qed_0065.dat
NNPDF23_lo_as_0130_qed/NNPDF23_lo_as_0130_qed_0066.dat
NNPDF23_lo_as_0130_qed/NNPDF23_lo_as_0130_qed_0067.dat
NNPDF23_lo_as_0130_qed/NNPDF23_lo_as_0130_qed_0068.dat
NNPDF23_lo_as_0130_qed/NNPDF23_lo_as_0130_qed_0069.dat
NNPDF23_lo_as_0130_qed/NNPDF23_lo_as_0130_qed_0070.dat
NNPDF23_lo_as_0130_qed/NNPDF23_lo_as_0130_qed_0071.dat
NNPDF23_lo_as_0130_qed/NNPDF23_lo_as_0130_qed_0072.dat
NNPDF23_lo_as_0130_qed/NNPDF23_lo_as_0130_qed_0073.dat
NNPDF23_lo_as_0130_qed/NNPDF23_lo_as_0130_qed_0074.dat
NNPDF23_lo_as_0130_qed/NNPDF23_lo_as_0130_qed_0075.dat
NNPDF23_lo_as_0130_qed/NNPDF23_lo_as_0130_qed_0076.dat
NNPDF23_lo_as_0130_qed/NNPDF23_lo_as_0130_qed_0077.dat
NNPDF23_lo_as_0130_qed/NNPDF23_lo_as_0130_qed_0078.dat
NNPDF23_lo_as_0130_qed/NNPDF23_lo_as_0130_qed_0079.dat
NNPDF23_lo_as_0130_qed/NNPDF23_lo_as_0130_qed_0080.dat
NNPDF23_lo_as_0130_qed/NNPDF23_lo_as_0130_qed_0081.dat
NNPDF23_lo_as_0130_qed/NNPDF23_lo_as_0130_qed_0082.dat
NNPDF23_lo_as_0130_qed/NNPDF23_lo_as_0130_qed_0083.dat
NNPDF23_lo_as_0130_qed/NNPDF23_lo_as_0130_qed_0084.dat
NNPDF23_lo_as_0130_qed/NNPDF23_lo_as_0130_qed_0085.dat
NNPDF23_lo_as_0130_qed/NNPDF23_lo_as_0130_qed_0086.dat
NNPDF23_lo_as_0130_qed/NNPDF23_lo_as_0130_qed_0087.dat
NNPDF23_lo_as_0130_qed/NNPDF23_lo_as_0130_qed_0088.dat
NNPDF23_lo_as_0130_qed/NNPDF23_lo_as_0130_qed_0089.dat
NNPDF23_lo_as_0130_qed/NNPDF23_lo_as_0130_qed_0090.dat
NNPDF23_lo_as_0130_qed/NNPDF23_lo_as_0130_qed_0091.dat
NNPDF23_lo_as_0130_qed/NNPDF23_lo_as_0130_qed_0092.dat
NNPDF23_lo_as_0130_qed/NNPDF23_lo_as_0130_qed_0093.dat
NNPDF23_lo_as_0130_qed/NNPDF23_lo_as_0130_qed_0094.dat
NNPDF23_lo_as_0130_qed/NNPDF23_lo_as_0130_qed_0095.dat
NNPDF23_lo_as_0130_qed/NNPDF23_lo_as_0130_qed_0096.dat
NNPDF23_lo_as_0130_qed/NNPDF23_lo_as_0130_qed_0097.dat
NNPDF23_lo_as_0130_qed/NNPDF23_lo_as_0130_qed_0098.dat
NNPDF23_lo_as_0130_qed/NNPDF23_lo_as_0130_qed_0099.dat
NNPDF23_lo_as_0130_qed/NNPDF23_lo_as_0130_qed_0100.dat
NNPDF23_lo_as_0130_qed/NNPDF23_lo_as_0130_qed.info
 Finished LHAPDF6 installation
