# This file was automatically created by FeynRules 2.3.35
# Mathematica version: 12.0.0 for Linux x86 (64-bit) (April 7, 2019)
# Date: Thu 28 Nov 2019 17:41:40


# 
# This is the logfile for the model Tutorial

# Authors: Chiara
# Model version: 1.0
# Checking the Quantum numbers
   * Electric charge defined.
# Checking the Lagrangians
   * All Lagrangians are ok.
#
# Particle definitions
#

   * No particles removed. All particles correspond to GenInt setup.

# Automatically assigned PDG numbers
   * Assigned PDG number 9000001 to particle ghA
   * Assigned PDG number 9000002 to particle ghZ
   * Assigned PDG number 9000003 to particle ghWp
   * Assigned PDG number 9000004 to particle ghWm
   * Assigned PDG number 9000005 to particle uv
   * Assigned PDG number 9000006 to particle ev
   * Assigned PDG number 9000007 to particle p1
   * Assigned PDG number 9000008 to particle p2


# Compulsory PDG codes:
   * Class SM leptons complete.
   * Class SM neutrinos complete.
   * Class SM quarks complete.
   * Class SM gauge bosons complete.
#
# Parameter definitions
#

   * All parameters are ok.


# Vertices
   * Calling FeynmanRules for 1 Lagrangians.
   * Number of classes vertices: 106
   * Number of flavored vertices: 132
   * Saved vertices in InterfaceRun[ 1 ].
   * Checked QNumber conservation.
      - Quantum number GhostNumber conserved in all vertices.
      - Quantum number LeptonNumber NOT conserved in the following vertices
          {p2, ebar, ev}
          {p1, ebar, ev}
          {p2, evbar, e}
          {p1, evbar, e}
      - Quantum number Q conserved in all vertices.
      - Quantum number Y NOT conserved in the following vertices
          {p2, ebar, ev}
          {p1, ebar, ev}
          {p2, tbar, uv}
          {p1, tbar, uv}
          {p2, evbar, e}
          {p1, evbar, e}
          {p2, uvbar, t}
          {p1, uvbar, t}
   * particles.py written.
   * parameters.py written.
#
# Vertex definitions
#

   * 132 vertices written.
   * vertices.py written.
#
# Lorentz structure definitions
#

   * 19 lorentz structures written.
   * lorentz.py written.
#
# Coupling definitions
#

   * 76 couplings written.
   * couplings.py written.
#
# Coupling order definitions
#

   * 0 couplings orders written.
   * coupling_orders.py written.
#
# Decay definitions
#

   * 10 decays written.
   * decay.py not written
#
# CTCoupling definitions
#

   * 0 CTcouplings written.
   * CT_couplings.py written.
