mv: cannot stat `COLLIER-*': No such file or directory
Decompressing COLLIER
COLLIER-1.2.3/
COLLIER-1.2.3/COPYING
COLLIER-1.2.3/CMakeLists.txt
COLLIER-1.2.3/demos/
COLLIER-1.2.3/demos/demo.f90
COLLIER-1.2.3/demos/democache.f90
COLLIER-1.2.3/manual/
COLLIER-1.2.3/manual/collier.bib
COLLIER-1.2.3/manual/collier.tex
COLLIER-1.2.3/manual/collier.pdf
COLLIER-1.2.3/config/
COLLIER-1.2.3/config/PackageConfigInstall.cmake
COLLIER-1.2.3/config/CMakeCheckCompilerFlagCommonPatterns.cmake
COLLIER-1.2.3/config/PackageConfigVersion.cmake.in
COLLIER-1.2.3/config/CheckFortranCompilerFlag.cmake
COLLIER-1.2.3/config/CMakeUninstall.cmake.in
COLLIER-1.2.3/config/PackageConfig.cmake.in
COLLIER-1.2.3/config/CheckFortranSourceCompiles.cmake
COLLIER-1.2.3/modules/
COLLIER-1.2.3/build/
COLLIER-1.2.3/makefile_basic
COLLIER-1.2.3/src/
COLLIER-1.2.3/src/COLI/
COLLIER-1.2.3/src/COLI/reductionD.F90
COLLIER-1.2.3/src/COLI/coli_d0reg.F
COLLIER-1.2.3/src/COLI/coli_aux2.F90
COLLIER-1.2.3/src/COLI/coli_b0.F
COLLIER-1.2.3/src/COLI/checkparams_coli.h
COLLIER-1.2.3/src/COLI/common_coli.h
COLLIER-1.2.3/src/COLI/reductionEFG.F90
COLLIER-1.2.3/src/COLI/coli_stat.F90
COLLIER-1.2.3/src/COLI/coli_c0.F
COLLIER-1.2.3/src/COLI/coli_aux.F
COLLIER-1.2.3/src/COLI/coli_d0.F
COLLIER-1.2.3/src/COLI/params_coli.h
COLLIER-1.2.3/src/COLI/reductionAB.F90
COLLIER-1.2.3/src/COLI/reductionC.F90
COLLIER-1.2.3/src/COLI/interfaceAD.F90
COLLIER-1.2.3/src/COLI/reductionTN.F90
COLLIER-1.2.3/src/COLI/global_coli.h
COLLIER-1.2.3/src/collier_tensors.F90
COLLIER-1.2.3/src/Aux/
COLLIER-1.2.3/src/Aux/Combinatorics.F90
COLLIER-1.2.3/src/Aux/master.F90
COLLIER-1.2.3/src/Aux/cache.F90
COLLIER-1.2.3/src/collier_global.F90
COLLIER-1.2.3/src/tensors/
COLLIER-1.2.3/src/tensors/TensorReduction.F90
COLLIER-1.2.3/src/tensors/BuildTensors.F90
COLLIER-1.2.3/src/tensors/InitTensors.F90
COLLIER-1.2.3/src/collier_coefs.F90
COLLIER-1.2.3/src/collier_init.F90
COLLIER-1.2.3/src/DDlib/
COLLIER-1.2.3/src/DDlib/makefile
COLLIER-1.2.3/src/DDlib/DD_to_COLLIER.F
COLLIER-1.2.3/src/DDlib/DD_6pt.F
COLLIER-1.2.3/src/DDlib/DD_5pt.F
COLLIER-1.2.3/src/DDlib/DD_global.F90
COLLIER-1.2.3/src/DDlib/DD_2pt.F
COLLIER-1.2.3/src/DDlib/DD_4pt.F
COLLIER-1.2.3/src/DDlib/DD_aux.F
COLLIER-1.2.3/src/DDlib/DD_3pt.F
COLLIER-1.2.3/src/COLLIER.F90
COLLIER-1.2.3/src/collier_aux.F90
Enter COLLIER directory and installing COLLIER
-- The C compiler identification is GNU 4.4.7
-- The CXX compiler identification is GNU 4.4.7
-- Check for working C compiler: /usr/bin/cc
-- Check for working C compiler: /usr/bin/cc -- works
-- Detecting C compiler ABI info
-- Detecting C compiler ABI info - done
-- Check for working CXX compiler: /usr/bin/g++
-- Check for working CXX compiler: /usr/bin/g++ -- works
-- Detecting CXX compiler ABI info
-- Detecting CXX compiler ABI info - done
-- The Fortran compiler identification is GNU
-- Check for working Fortran compiler: /usr/bin/gfortran
-- Check for working Fortran compiler: /usr/bin/gfortran  -- works
-- Detecting Fortran compiler ABI info
-- Detecting Fortran compiler ABI info - done
-- Checking whether /usr/bin/gfortran supports Fortran 90
-- Checking whether /usr/bin/gfortran supports Fortran 90 -- yes
Using Fortran compiler: gfortran
Build type: Release
Collier:  Fortran compiler  = gfortran
          Fortran flags    = -fPIC -Dcollierdd -DSING -ffixed-line-length-132  -fno-default-integer-8 -O2 -funroll-loops -ffast-math -Wtabs

Building COLLIER as static library
Collier install include prefix: /usr/local/include
Collier install library prefix: /usr/local/lib
-- Configuring done
-- Generating done
-- Build files have been written to: /afs/cern.ch/work/b/bkailasa/MCGens/madgraph/MG5_aMC_v2_6_7/HEPTools/collier/COLLIER-1.2.3/build
Scanning dependencies of target collier
[  3%] Building Fortran object CMakeFiles/collier.dir/src/collier_global.F90.o
[  6%] Building Fortran object CMakeFiles/collier.dir/src/Aux/Combinatorics.F90.o
[  9%] Building Fortran object CMakeFiles/collier.dir/src/Aux/master.F90.o
[ 12%] Building Fortran object CMakeFiles/collier.dir/src/COLI/coli_aux2.F90.o
[ 15%] Building Fortran object CMakeFiles/collier.dir/src/COLI/coli_stat.F90.o
[ 18%] Building Fortran object CMakeFiles/collier.dir/src/collier_aux.F90.o
[ 21%] Building Fortran object CMakeFiles/collier.dir/src/Aux/cache.F90.o
/afs/cern.ch/work/b/bkailasa/MCGens/madgraph/MG5_aMC_v2_6_7/HEPTools/collier/COLLIER-1.2.3/src/Aux/cache.F90:66.74:

  integer, allocatable :: cachesize(:), new_cachesize(:),  cachesize_alloc
                                                                          1
Error: Scalar object 'cachesize_alloc' at (1) may not be ALLOCATABLE
make[3]: *** [CMakeFiles/collier.dir/src/Aux/cache.F90.o] Error 1
make[2]: *** [CMakeFiles/collier.dir/src/Aux/cache.F90.o.provides] Error 2
make[1]: *** [CMakeFiles/collier.dir/all] Error 2
make: *** [all] Error 2
Copying the static library and modules generated to target directory
cp: cannot stat `libcollier.a': No such file or directory
Finished installing COLLIER
