The system is: Linux - 2.6.32-754.23.1.el6.x86_64 - x86_64
Compiling the C compiler identification source file "CMakeCCompilerId.c" succeeded.
Compiler: /usr/bin/cc 
Build flags: 
Id flags: 

The output was:
0


Compilation of the C compiler identification source "CMakeCCompilerId.c" produced "a.out"

The C compiler identification is GNU, found in "/afs/cern.ch/work/b/bkailasa/MCGens/madgraph/MG5_aMC_v2_6_7/HEPTools/collier/COLLIER-1.2.3/build/CMakeFiles/2.8.12.2/CompilerIdC/a.out"

Compiling the CXX compiler identification source file "CMakeCXXCompilerId.cpp" succeeded.
Compiler: /usr/bin/g++ 
Build flags: 
Id flags: 

The output was:
0


Compilation of the CXX compiler identification source "CMakeCXXCompilerId.cpp" produced "a.out"

The CXX compiler identification is GNU, found in "/afs/cern.ch/work/b/bkailasa/MCGens/madgraph/MG5_aMC_v2_6_7/HEPTools/collier/COLLIER-1.2.3/build/CMakeFiles/2.8.12.2/CompilerIdCXX/a.out"

Determining if the C compiler works passed with the following output:
Change Dir: /afs/cern.ch/work/b/bkailasa/MCGens/madgraph/MG5_aMC_v2_6_7/HEPTools/collier/COLLIER-1.2.3/build/CMakeFiles/CMakeTmp

Run Build Command:/usr/bin/gmake "cmTryCompileExec2820711339/fast"
/usr/bin/gmake -f CMakeFiles/cmTryCompileExec2820711339.dir/build.make CMakeFiles/cmTryCompileExec2820711339.dir/build
gmake[1]: Entering directory `/afs/cern.ch/work/b/bkailasa/MCGens/madgraph/MG5_aMC_v2_6_7/HEPTools/collier/COLLIER-1.2.3/build/CMakeFiles/CMakeTmp'
/usr/bin/cmake -E cmake_progress_report /afs/cern.ch/work/b/bkailasa/MCGens/madgraph/MG5_aMC_v2_6_7/HEPTools/collier/COLLIER-1.2.3/build/CMakeFiles/CMakeTmp/CMakeFiles 1
Building C object CMakeFiles/cmTryCompileExec2820711339.dir/testCCompiler.c.o
/usr/bin/cc    -o CMakeFiles/cmTryCompileExec2820711339.dir/testCCompiler.c.o   -c /afs/cern.ch/work/b/bkailasa/MCGens/madgraph/MG5_aMC_v2_6_7/HEPTools/collier/COLLIER-1.2.3/build/CMakeFiles/CMakeTmp/testCCompiler.c
Linking C executable cmTryCompileExec2820711339
/usr/bin/cmake -E cmake_link_script CMakeFiles/cmTryCompileExec2820711339.dir/link.txt --verbose=1
/usr/bin/cc       CMakeFiles/cmTryCompileExec2820711339.dir/testCCompiler.c.o  -o cmTryCompileExec2820711339 -rdynamic 
gmake[1]: Leaving directory `/afs/cern.ch/work/b/bkailasa/MCGens/madgraph/MG5_aMC_v2_6_7/HEPTools/collier/COLLIER-1.2.3/build/CMakeFiles/CMakeTmp'


Detecting C compiler ABI info compiled with the following output:
Change Dir: /afs/cern.ch/work/b/bkailasa/MCGens/madgraph/MG5_aMC_v2_6_7/HEPTools/collier/COLLIER-1.2.3/build/CMakeFiles/CMakeTmp

Run Build Command:/usr/bin/gmake "cmTryCompileExec4246239388/fast"
/usr/bin/gmake -f CMakeFiles/cmTryCompileExec4246239388.dir/build.make CMakeFiles/cmTryCompileExec4246239388.dir/build
gmake[1]: Entering directory `/afs/cern.ch/work/b/bkailasa/MCGens/madgraph/MG5_aMC_v2_6_7/HEPTools/collier/COLLIER-1.2.3/build/CMakeFiles/CMakeTmp'
/usr/bin/cmake -E cmake_progress_report /afs/cern.ch/work/b/bkailasa/MCGens/madgraph/MG5_aMC_v2_6_7/HEPTools/collier/COLLIER-1.2.3/build/CMakeFiles/CMakeTmp/CMakeFiles 1
Building C object CMakeFiles/cmTryCompileExec4246239388.dir/CMakeCCompilerABI.c.o
/usr/bin/cc    -o CMakeFiles/cmTryCompileExec4246239388.dir/CMakeCCompilerABI.c.o   -c /usr/share/cmake/Modules/CMakeCCompilerABI.c
Linking C executable cmTryCompileExec4246239388
/usr/bin/cmake -E cmake_link_script CMakeFiles/cmTryCompileExec4246239388.dir/link.txt --verbose=1
/usr/bin/cc     -v CMakeFiles/cmTryCompileExec4246239388.dir/CMakeCCompilerABI.c.o  -o cmTryCompileExec4246239388 -rdynamic  
Using built-in specs.
Target: x86_64-redhat-linux
Configured with: ../configure --prefix=/usr --mandir=/usr/share/man --infodir=/usr/share/info --with-bugurl=http://bugzilla.redhat.com/bugzilla --enable-bootstrap --enable-shared --enable-threads=posix --enable-checking=release --with-system-zlib --enable-__cxa_atexit --disable-libunwind-exceptions --enable-gnu-unique-object --enable-languages=c,c++,objc,obj-c++,java,fortran,ada --enable-java-awt=gtk --disable-dssi --with-java-home=/usr/lib/jvm/java-1.5.0-gcj-1.5.0.0/jre --enable-libgcj-multifile --enable-java-maintainer-mode --with-ecj-jar=/usr/share/java/eclipse-ecj.jar --disable-libjava-multilib --with-ppl --with-cloog --with-tune=generic --with-arch_32=i686 --build=x86_64-redhat-linux
Thread model: posix
gcc version 4.4.7 20120313 (Red Hat 4.4.7-23) (GCC) 
COMPILER_PATH=/usr/libexec/gcc/x86_64-redhat-linux/4.4.7/:/usr/libexec/gcc/x86_64-redhat-linux/4.4.7/:/usr/libexec/gcc/x86_64-redhat-linux/:/usr/lib/gcc/x86_64-redhat-linux/4.4.7/:/usr/lib/gcc/x86_64-redhat-linux/:/usr/libexec/gcc/x86_64-redhat-linux/4.4.7/:/usr/libexec/gcc/x86_64-redhat-linux/:/usr/lib/gcc/x86_64-redhat-linux/4.4.7/:/usr/lib/gcc/x86_64-redhat-linux/
LIBRARY_PATH=/usr/lib/gcc/x86_64-redhat-linux/4.4.7/:/usr/lib/gcc/x86_64-redhat-linux/4.4.7/:/usr/lib/gcc/x86_64-redhat-linux/4.4.7/../../../../lib64/:/lib/../lib64/:/usr/lib/../lib64/:/usr/lib/gcc/x86_64-redhat-linux/4.4.7/../../../:/lib/:/usr/lib/
COLLECT_GCC_OPTIONS='-v' '-o' 'cmTryCompileExec4246239388' '-rdynamic' '-mtune=generic'
 /usr/libexec/gcc/x86_64-redhat-linux/4.4.7/collect2 --eh-frame-hdr --build-id -m elf_x86_64 --hash-style=gnu -export-dynamic -dynamic-linker /lib64/ld-linux-x86-64.so.2 -o cmTryCompileExec4246239388 /usr/lib/gcc/x86_64-redhat-linux/4.4.7/../../../../lib64/crt1.o /usr/lib/gcc/x86_64-redhat-linux/4.4.7/../../../../lib64/crti.o /usr/lib/gcc/x86_64-redhat-linux/4.4.7/crtbegin.o -L/usr/lib/gcc/x86_64-redhat-linux/4.4.7 -L/usr/lib/gcc/x86_64-redhat-linux/4.4.7 -L/usr/lib/gcc/x86_64-redhat-linux/4.4.7/../../../../lib64 -L/lib/../lib64 -L/usr/lib/../lib64 -L/usr/lib/gcc/x86_64-redhat-linux/4.4.7/../../.. CMakeFiles/cmTryCompileExec4246239388.dir/CMakeCCompilerABI.c.o -lgcc --as-needed -lgcc_s --no-as-needed -lc -lgcc --as-needed -lgcc_s --no-as-needed /usr/lib/gcc/x86_64-redhat-linux/4.4.7/crtend.o /usr/lib/gcc/x86_64-redhat-linux/4.4.7/../../../../lib64/crtn.o
gmake[1]: Leaving directory `/afs/cern.ch/work/b/bkailasa/MCGens/madgraph/MG5_aMC_v2_6_7/HEPTools/collier/COLLIER-1.2.3/build/CMakeFiles/CMakeTmp'


Parsed C implicit link information from above output:
  link line regex: [^( *|.*[/\])(ld|([^/\]+-)?ld|collect2)[^/\]*( |$)]
  ignore line: [Change Dir: /afs/cern.ch/work/b/bkailasa/MCGens/madgraph/MG5_aMC_v2_6_7/HEPTools/collier/COLLIER-1.2.3/build/CMakeFiles/CMakeTmp]
  ignore line: []
  ignore line: [Run Build Command:/usr/bin/gmake "cmTryCompileExec4246239388/fast"]
  ignore line: [/usr/bin/gmake -f CMakeFiles/cmTryCompileExec4246239388.dir/build.make CMakeFiles/cmTryCompileExec4246239388.dir/build]
  ignore line: [gmake[1]: Entering directory `/afs/cern.ch/work/b/bkailasa/MCGens/madgraph/MG5_aMC_v2_6_7/HEPTools/collier/COLLIER-1.2.3/build/CMakeFiles/CMakeTmp']
  ignore line: [/usr/bin/cmake -E cmake_progress_report /afs/cern.ch/work/b/bkailasa/MCGens/madgraph/MG5_aMC_v2_6_7/HEPTools/collier/COLLIER-1.2.3/build/CMakeFiles/CMakeTmp/CMakeFiles 1]
  ignore line: [Building C object CMakeFiles/cmTryCompileExec4246239388.dir/CMakeCCompilerABI.c.o]
  ignore line: [/usr/bin/cc    -o CMakeFiles/cmTryCompileExec4246239388.dir/CMakeCCompilerABI.c.o   -c /usr/share/cmake/Modules/CMakeCCompilerABI.c]
  ignore line: [Linking C executable cmTryCompileExec4246239388]
  ignore line: [/usr/bin/cmake -E cmake_link_script CMakeFiles/cmTryCompileExec4246239388.dir/link.txt --verbose=1]
  ignore line: [/usr/bin/cc     -v CMakeFiles/cmTryCompileExec4246239388.dir/CMakeCCompilerABI.c.o  -o cmTryCompileExec4246239388 -rdynamic  ]
  ignore line: [Using built-in specs.]
  ignore line: [Target: x86_64-redhat-linux]
  ignore line: [Configured with: ../configure --prefix=/usr --mandir=/usr/share/man --infodir=/usr/share/info --with-bugurl=http://bugzilla.redhat.com/bugzilla --enable-bootstrap --enable-shared --enable-threads=posix --enable-checking=release --with-system-zlib --enable-__cxa_atexit --disable-libunwind-exceptions --enable-gnu-unique-object --enable-languages=c,c++,objc,obj-c++,java,fortran,ada --enable-java-awt=gtk --disable-dssi --with-java-home=/usr/lib/jvm/java-1.5.0-gcj-1.5.0.0/jre --enable-libgcj-multifile --enable-java-maintainer-mode --with-ecj-jar=/usr/share/java/eclipse-ecj.jar --disable-libjava-multilib --with-ppl --with-cloog --with-tune=generic --with-arch_32=i686 --build=x86_64-redhat-linux]
  ignore line: [Thread model: posix]
  ignore line: [gcc version 4.4.7 20120313 (Red Hat 4.4.7-23) (GCC) ]
  ignore line: [COMPILER_PATH=/usr/libexec/gcc/x86_64-redhat-linux/4.4.7/:/usr/libexec/gcc/x86_64-redhat-linux/4.4.7/:/usr/libexec/gcc/x86_64-redhat-linux/:/usr/lib/gcc/x86_64-redhat-linux/4.4.7/:/usr/lib/gcc/x86_64-redhat-linux/:/usr/libexec/gcc/x86_64-redhat-linux/4.4.7/:/usr/libexec/gcc/x86_64-redhat-linux/:/usr/lib/gcc/x86_64-redhat-linux/4.4.7/:/usr/lib/gcc/x86_64-redhat-linux/]
  ignore line: [LIBRARY_PATH=/usr/lib/gcc/x86_64-redhat-linux/4.4.7/:/usr/lib/gcc/x86_64-redhat-linux/4.4.7/:/usr/lib/gcc/x86_64-redhat-linux/4.4.7/../../../../lib64/:/lib/../lib64/:/usr/lib/../lib64/:/usr/lib/gcc/x86_64-redhat-linux/4.4.7/../../../:/lib/:/usr/lib/]
  ignore line: [COLLECT_GCC_OPTIONS='-v' '-o' 'cmTryCompileExec4246239388' '-rdynamic' '-mtune=generic']
  link line: [ /usr/libexec/gcc/x86_64-redhat-linux/4.4.7/collect2 --eh-frame-hdr --build-id -m elf_x86_64 --hash-style=gnu -export-dynamic -dynamic-linker /lib64/ld-linux-x86-64.so.2 -o cmTryCompileExec4246239388 /usr/lib/gcc/x86_64-redhat-linux/4.4.7/../../../../lib64/crt1.o /usr/lib/gcc/x86_64-redhat-linux/4.4.7/../../../../lib64/crti.o /usr/lib/gcc/x86_64-redhat-linux/4.4.7/crtbegin.o -L/usr/lib/gcc/x86_64-redhat-linux/4.4.7 -L/usr/lib/gcc/x86_64-redhat-linux/4.4.7 -L/usr/lib/gcc/x86_64-redhat-linux/4.4.7/../../../../lib64 -L/lib/../lib64 -L/usr/lib/../lib64 -L/usr/lib/gcc/x86_64-redhat-linux/4.4.7/../../.. CMakeFiles/cmTryCompileExec4246239388.dir/CMakeCCompilerABI.c.o -lgcc --as-needed -lgcc_s --no-as-needed -lc -lgcc --as-needed -lgcc_s --no-as-needed /usr/lib/gcc/x86_64-redhat-linux/4.4.7/crtend.o /usr/lib/gcc/x86_64-redhat-linux/4.4.7/../../../../lib64/crtn.o]
    arg [/usr/libexec/gcc/x86_64-redhat-linux/4.4.7/collect2] ==> ignore
    arg [--eh-frame-hdr] ==> ignore
    arg [--build-id] ==> ignore
    arg [-m] ==> ignore
    arg [elf_x86_64] ==> ignore
    arg [--hash-style=gnu] ==> ignore
    arg [-export-dynamic] ==> ignore
    arg [-dynamic-linker] ==> ignore
    arg [/lib64/ld-linux-x86-64.so.2] ==> ignore
    arg [-o] ==> ignore
    arg [cmTryCompileExec4246239388] ==> ignore
    arg [/usr/lib/gcc/x86_64-redhat-linux/4.4.7/../../../../lib64/crt1.o] ==> ignore
    arg [/usr/lib/gcc/x86_64-redhat-linux/4.4.7/../../../../lib64/crti.o] ==> ignore
    arg [/usr/lib/gcc/x86_64-redhat-linux/4.4.7/crtbegin.o] ==> ignore
    arg [-L/usr/lib/gcc/x86_64-redhat-linux/4.4.7] ==> dir [/usr/lib/gcc/x86_64-redhat-linux/4.4.7]
    arg [-L/usr/lib/gcc/x86_64-redhat-linux/4.4.7] ==> dir [/usr/lib/gcc/x86_64-redhat-linux/4.4.7]
    arg [-L/usr/lib/gcc/x86_64-redhat-linux/4.4.7/../../../../lib64] ==> dir [/usr/lib/gcc/x86_64-redhat-linux/4.4.7/../../../../lib64]
    arg [-L/lib/../lib64] ==> dir [/lib/../lib64]
    arg [-L/usr/lib/../lib64] ==> dir [/usr/lib/../lib64]
    arg [-L/usr/lib/gcc/x86_64-redhat-linux/4.4.7/../../..] ==> dir [/usr/lib/gcc/x86_64-redhat-linux/4.4.7/../../..]
    arg [CMakeFiles/cmTryCompileExec4246239388.dir/CMakeCCompilerABI.c.o] ==> ignore
    arg [-lgcc] ==> lib [gcc]
    arg [--as-needed] ==> ignore
    arg [-lgcc_s] ==> lib [gcc_s]
    arg [--no-as-needed] ==> ignore
    arg [-lc] ==> lib [c]
    arg [-lgcc] ==> lib [gcc]
    arg [--as-needed] ==> ignore
    arg [-lgcc_s] ==> lib [gcc_s]
    arg [--no-as-needed] ==> ignore
    arg [/usr/lib/gcc/x86_64-redhat-linux/4.4.7/crtend.o] ==> ignore
    arg [/usr/lib/gcc/x86_64-redhat-linux/4.4.7/../../../../lib64/crtn.o] ==> ignore
  remove lib [gcc]
  remove lib [gcc_s]
  remove lib [gcc]
  remove lib [gcc_s]
  collapse library dir [/usr/lib/gcc/x86_64-redhat-linux/4.4.7] ==> [/usr/lib/gcc/x86_64-redhat-linux/4.4.7]
  collapse library dir [/usr/lib/gcc/x86_64-redhat-linux/4.4.7] ==> [/usr/lib/gcc/x86_64-redhat-linux/4.4.7]
  collapse library dir [/usr/lib/gcc/x86_64-redhat-linux/4.4.7/../../../../lib64] ==> [/usr/lib64]
  collapse library dir [/lib/../lib64] ==> [/lib64]
  collapse library dir [/usr/lib/../lib64] ==> [/usr/lib64]
  collapse library dir [/usr/lib/gcc/x86_64-redhat-linux/4.4.7/../../..] ==> [/usr/lib]
  implicit libs: [c]
  implicit dirs: [/usr/lib/gcc/x86_64-redhat-linux/4.4.7;/usr/lib64;/lib64;/usr/lib]
  implicit fwks: []


Determining if the CXX compiler works passed with the following output:
Change Dir: /afs/cern.ch/work/b/bkailasa/MCGens/madgraph/MG5_aMC_v2_6_7/HEPTools/collier/COLLIER-1.2.3/build/CMakeFiles/CMakeTmp

Run Build Command:/usr/bin/gmake "cmTryCompileExec3206046482/fast"
/usr/bin/gmake -f CMakeFiles/cmTryCompileExec3206046482.dir/build.make CMakeFiles/cmTryCompileExec3206046482.dir/build
gmake[1]: Entering directory `/afs/cern.ch/work/b/bkailasa/MCGens/madgraph/MG5_aMC_v2_6_7/HEPTools/collier/COLLIER-1.2.3/build/CMakeFiles/CMakeTmp'
/usr/bin/cmake -E cmake_progress_report /afs/cern.ch/work/b/bkailasa/MCGens/madgraph/MG5_aMC_v2_6_7/HEPTools/collier/COLLIER-1.2.3/build/CMakeFiles/CMakeTmp/CMakeFiles 1
Building CXX object CMakeFiles/cmTryCompileExec3206046482.dir/testCXXCompiler.cxx.o
/usr/bin/g++     -o CMakeFiles/cmTryCompileExec3206046482.dir/testCXXCompiler.cxx.o -c /afs/cern.ch/work/b/bkailasa/MCGens/madgraph/MG5_aMC_v2_6_7/HEPTools/collier/COLLIER-1.2.3/build/CMakeFiles/CMakeTmp/testCXXCompiler.cxx
Linking CXX executable cmTryCompileExec3206046482
/usr/bin/cmake -E cmake_link_script CMakeFiles/cmTryCompileExec3206046482.dir/link.txt --verbose=1
/usr/bin/g++        CMakeFiles/cmTryCompileExec3206046482.dir/testCXXCompiler.cxx.o  -o cmTryCompileExec3206046482 -rdynamic 
gmake[1]: Leaving directory `/afs/cern.ch/work/b/bkailasa/MCGens/madgraph/MG5_aMC_v2_6_7/HEPTools/collier/COLLIER-1.2.3/build/CMakeFiles/CMakeTmp'


Detecting CXX compiler ABI info compiled with the following output:
Change Dir: /afs/cern.ch/work/b/bkailasa/MCGens/madgraph/MG5_aMC_v2_6_7/HEPTools/collier/COLLIER-1.2.3/build/CMakeFiles/CMakeTmp

Run Build Command:/usr/bin/gmake "cmTryCompileExec3772830441/fast"
/usr/bin/gmake -f CMakeFiles/cmTryCompileExec3772830441.dir/build.make CMakeFiles/cmTryCompileExec3772830441.dir/build
gmake[1]: Entering directory `/afs/cern.ch/work/b/bkailasa/MCGens/madgraph/MG5_aMC_v2_6_7/HEPTools/collier/COLLIER-1.2.3/build/CMakeFiles/CMakeTmp'
/usr/bin/cmake -E cmake_progress_report /afs/cern.ch/work/b/bkailasa/MCGens/madgraph/MG5_aMC_v2_6_7/HEPTools/collier/COLLIER-1.2.3/build/CMakeFiles/CMakeTmp/CMakeFiles 1
Building CXX object CMakeFiles/cmTryCompileExec3772830441.dir/CMakeCXXCompilerABI.cpp.o
/usr/bin/g++     -o CMakeFiles/cmTryCompileExec3772830441.dir/CMakeCXXCompilerABI.cpp.o -c /usr/share/cmake/Modules/CMakeCXXCompilerABI.cpp
Linking CXX executable cmTryCompileExec3772830441
/usr/bin/cmake -E cmake_link_script CMakeFiles/cmTryCompileExec3772830441.dir/link.txt --verbose=1
/usr/bin/g++      -v CMakeFiles/cmTryCompileExec3772830441.dir/CMakeCXXCompilerABI.cpp.o  -o cmTryCompileExec3772830441 -rdynamic  
Using built-in specs.
Target: x86_64-redhat-linux
Configured with: ../configure --prefix=/usr --mandir=/usr/share/man --infodir=/usr/share/info --with-bugurl=http://bugzilla.redhat.com/bugzilla --enable-bootstrap --enable-shared --enable-threads=posix --enable-checking=release --with-system-zlib --enable-__cxa_atexit --disable-libunwind-exceptions --enable-gnu-unique-object --enable-languages=c,c++,objc,obj-c++,java,fortran,ada --enable-java-awt=gtk --disable-dssi --with-java-home=/usr/lib/jvm/java-1.5.0-gcj-1.5.0.0/jre --enable-libgcj-multifile --enable-java-maintainer-mode --with-ecj-jar=/usr/share/java/eclipse-ecj.jar --disable-libjava-multilib --with-ppl --with-cloog --with-tune=generic --with-arch_32=i686 --build=x86_64-redhat-linux
Thread model: posix
gcc version 4.4.7 20120313 (Red Hat 4.4.7-23) (GCC) 
COMPILER_PATH=/usr/libexec/gcc/x86_64-redhat-linux/4.4.7/:/usr/libexec/gcc/x86_64-redhat-linux/4.4.7/:/usr/libexec/gcc/x86_64-redhat-linux/:/usr/lib/gcc/x86_64-redhat-linux/4.4.7/:/usr/lib/gcc/x86_64-redhat-linux/:/usr/libexec/gcc/x86_64-redhat-linux/4.4.7/:/usr/libexec/gcc/x86_64-redhat-linux/:/usr/lib/gcc/x86_64-redhat-linux/4.4.7/:/usr/lib/gcc/x86_64-redhat-linux/
LIBRARY_PATH=/usr/lib/gcc/x86_64-redhat-linux/4.4.7/:/usr/lib/gcc/x86_64-redhat-linux/4.4.7/:/usr/lib/gcc/x86_64-redhat-linux/4.4.7/../../../../lib64/:/lib/../lib64/:/usr/lib/../lib64/:/usr/lib/gcc/x86_64-redhat-linux/4.4.7/../../../:/lib/:/usr/lib/
COLLECT_GCC_OPTIONS='-v' '-o' 'cmTryCompileExec3772830441' '-rdynamic' '-shared-libgcc' '-mtune=generic'
 /usr/libexec/gcc/x86_64-redhat-linux/4.4.7/collect2 --eh-frame-hdr --build-id -m elf_x86_64 --hash-style=gnu -export-dynamic -dynamic-linker /lib64/ld-linux-x86-64.so.2 -o cmTryCompileExec3772830441 /usr/lib/gcc/x86_64-redhat-linux/4.4.7/../../../../lib64/crt1.o /usr/lib/gcc/x86_64-redhat-linux/4.4.7/../../../../lib64/crti.o /usr/lib/gcc/x86_64-redhat-linux/4.4.7/crtbegin.o -L/usr/lib/gcc/x86_64-redhat-linux/4.4.7 -L/usr/lib/gcc/x86_64-redhat-linux/4.4.7 -L/usr/lib/gcc/x86_64-redhat-linux/4.4.7/../../../../lib64 -L/lib/../lib64 -L/usr/lib/../lib64 -L/usr/lib/gcc/x86_64-redhat-linux/4.4.7/../../.. CMakeFiles/cmTryCompileExec3772830441.dir/CMakeCXXCompilerABI.cpp.o -lstdc++ -lm -lgcc_s -lgcc -lc -lgcc_s -lgcc /usr/lib/gcc/x86_64-redhat-linux/4.4.7/crtend.o /usr/lib/gcc/x86_64-redhat-linux/4.4.7/../../../../lib64/crtn.o
gmake[1]: Leaving directory `/afs/cern.ch/work/b/bkailasa/MCGens/madgraph/MG5_aMC_v2_6_7/HEPTools/collier/COLLIER-1.2.3/build/CMakeFiles/CMakeTmp'


Parsed CXX implicit link information from above output:
  link line regex: [^( *|.*[/\])(ld|([^/\]+-)?ld|collect2)[^/\]*( |$)]
  ignore line: [Change Dir: /afs/cern.ch/work/b/bkailasa/MCGens/madgraph/MG5_aMC_v2_6_7/HEPTools/collier/COLLIER-1.2.3/build/CMakeFiles/CMakeTmp]
  ignore line: []
  ignore line: [Run Build Command:/usr/bin/gmake "cmTryCompileExec3772830441/fast"]
  ignore line: [/usr/bin/gmake -f CMakeFiles/cmTryCompileExec3772830441.dir/build.make CMakeFiles/cmTryCompileExec3772830441.dir/build]
  ignore line: [gmake[1]: Entering directory `/afs/cern.ch/work/b/bkailasa/MCGens/madgraph/MG5_aMC_v2_6_7/HEPTools/collier/COLLIER-1.2.3/build/CMakeFiles/CMakeTmp']
  ignore line: [/usr/bin/cmake -E cmake_progress_report /afs/cern.ch/work/b/bkailasa/MCGens/madgraph/MG5_aMC_v2_6_7/HEPTools/collier/COLLIER-1.2.3/build/CMakeFiles/CMakeTmp/CMakeFiles 1]
  ignore line: [Building CXX object CMakeFiles/cmTryCompileExec3772830441.dir/CMakeCXXCompilerABI.cpp.o]
  ignore line: [/usr/bin/g++     -o CMakeFiles/cmTryCompileExec3772830441.dir/CMakeCXXCompilerABI.cpp.o -c /usr/share/cmake/Modules/CMakeCXXCompilerABI.cpp]
  ignore line: [Linking CXX executable cmTryCompileExec3772830441]
  ignore line: [/usr/bin/cmake -E cmake_link_script CMakeFiles/cmTryCompileExec3772830441.dir/link.txt --verbose=1]
  ignore line: [/usr/bin/g++      -v CMakeFiles/cmTryCompileExec3772830441.dir/CMakeCXXCompilerABI.cpp.o  -o cmTryCompileExec3772830441 -rdynamic  ]
  ignore line: [Using built-in specs.]
  ignore line: [Target: x86_64-redhat-linux]
  ignore line: [Configured with: ../configure --prefix=/usr --mandir=/usr/share/man --infodir=/usr/share/info --with-bugurl=http://bugzilla.redhat.com/bugzilla --enable-bootstrap --enable-shared --enable-threads=posix --enable-checking=release --with-system-zlib --enable-__cxa_atexit --disable-libunwind-exceptions --enable-gnu-unique-object --enable-languages=c,c++,objc,obj-c++,java,fortran,ada --enable-java-awt=gtk --disable-dssi --with-java-home=/usr/lib/jvm/java-1.5.0-gcj-1.5.0.0/jre --enable-libgcj-multifile --enable-java-maintainer-mode --with-ecj-jar=/usr/share/java/eclipse-ecj.jar --disable-libjava-multilib --with-ppl --with-cloog --with-tune=generic --with-arch_32=i686 --build=x86_64-redhat-linux]
  ignore line: [Thread model: posix]
  ignore line: [gcc version 4.4.7 20120313 (Red Hat 4.4.7-23) (GCC) ]
  ignore line: [COMPILER_PATH=/usr/libexec/gcc/x86_64-redhat-linux/4.4.7/:/usr/libexec/gcc/x86_64-redhat-linux/4.4.7/:/usr/libexec/gcc/x86_64-redhat-linux/:/usr/lib/gcc/x86_64-redhat-linux/4.4.7/:/usr/lib/gcc/x86_64-redhat-linux/:/usr/libexec/gcc/x86_64-redhat-linux/4.4.7/:/usr/libexec/gcc/x86_64-redhat-linux/:/usr/lib/gcc/x86_64-redhat-linux/4.4.7/:/usr/lib/gcc/x86_64-redhat-linux/]
  ignore line: [LIBRARY_PATH=/usr/lib/gcc/x86_64-redhat-linux/4.4.7/:/usr/lib/gcc/x86_64-redhat-linux/4.4.7/:/usr/lib/gcc/x86_64-redhat-linux/4.4.7/../../../../lib64/:/lib/../lib64/:/usr/lib/../lib64/:/usr/lib/gcc/x86_64-redhat-linux/4.4.7/../../../:/lib/:/usr/lib/]
  ignore line: [COLLECT_GCC_OPTIONS='-v' '-o' 'cmTryCompileExec3772830441' '-rdynamic' '-shared-libgcc' '-mtune=generic']
  link line: [ /usr/libexec/gcc/x86_64-redhat-linux/4.4.7/collect2 --eh-frame-hdr --build-id -m elf_x86_64 --hash-style=gnu -export-dynamic -dynamic-linker /lib64/ld-linux-x86-64.so.2 -o cmTryCompileExec3772830441 /usr/lib/gcc/x86_64-redhat-linux/4.4.7/../../../../lib64/crt1.o /usr/lib/gcc/x86_64-redhat-linux/4.4.7/../../../../lib64/crti.o /usr/lib/gcc/x86_64-redhat-linux/4.4.7/crtbegin.o -L/usr/lib/gcc/x86_64-redhat-linux/4.4.7 -L/usr/lib/gcc/x86_64-redhat-linux/4.4.7 -L/usr/lib/gcc/x86_64-redhat-linux/4.4.7/../../../../lib64 -L/lib/../lib64 -L/usr/lib/../lib64 -L/usr/lib/gcc/x86_64-redhat-linux/4.4.7/../../.. CMakeFiles/cmTryCompileExec3772830441.dir/CMakeCXXCompilerABI.cpp.o -lstdc++ -lm -lgcc_s -lgcc -lc -lgcc_s -lgcc /usr/lib/gcc/x86_64-redhat-linux/4.4.7/crtend.o /usr/lib/gcc/x86_64-redhat-linux/4.4.7/../../../../lib64/crtn.o]
    arg [/usr/libexec/gcc/x86_64-redhat-linux/4.4.7/collect2] ==> ignore
    arg [--eh-frame-hdr] ==> ignore
    arg [--build-id] ==> ignore
    arg [-m] ==> ignore
    arg [elf_x86_64] ==> ignore
    arg [--hash-style=gnu] ==> ignore
    arg [-export-dynamic] ==> ignore
    arg [-dynamic-linker] ==> ignore
    arg [/lib64/ld-linux-x86-64.so.2] ==> ignore
    arg [-o] ==> ignore
    arg [cmTryCompileExec3772830441] ==> ignore
    arg [/usr/lib/gcc/x86_64-redhat-linux/4.4.7/../../../../lib64/crt1.o] ==> ignore
    arg [/usr/lib/gcc/x86_64-redhat-linux/4.4.7/../../../../lib64/crti.o] ==> ignore
    arg [/usr/lib/gcc/x86_64-redhat-linux/4.4.7/crtbegin.o] ==> ignore
    arg [-L/usr/lib/gcc/x86_64-redhat-linux/4.4.7] ==> dir [/usr/lib/gcc/x86_64-redhat-linux/4.4.7]
    arg [-L/usr/lib/gcc/x86_64-redhat-linux/4.4.7] ==> dir [/usr/lib/gcc/x86_64-redhat-linux/4.4.7]
    arg [-L/usr/lib/gcc/x86_64-redhat-linux/4.4.7/../../../../lib64] ==> dir [/usr/lib/gcc/x86_64-redhat-linux/4.4.7/../../../../lib64]
    arg [-L/lib/../lib64] ==> dir [/lib/../lib64]
    arg [-L/usr/lib/../lib64] ==> dir [/usr/lib/../lib64]
    arg [-L/usr/lib/gcc/x86_64-redhat-linux/4.4.7/../../..] ==> dir [/usr/lib/gcc/x86_64-redhat-linux/4.4.7/../../..]
    arg [CMakeFiles/cmTryCompileExec3772830441.dir/CMakeCXXCompilerABI.cpp.o] ==> ignore
    arg [-lstdc++] ==> lib [stdc++]
    arg [-lm] ==> lib [m]
    arg [-lgcc_s] ==> lib [gcc_s]
    arg [-lgcc] ==> lib [gcc]
    arg [-lc] ==> lib [c]
    arg [-lgcc_s] ==> lib [gcc_s]
    arg [-lgcc] ==> lib [gcc]
    arg [/usr/lib/gcc/x86_64-redhat-linux/4.4.7/crtend.o] ==> ignore
    arg [/usr/lib/gcc/x86_64-redhat-linux/4.4.7/../../../../lib64/crtn.o] ==> ignore
  remove lib [gcc_s]
  remove lib [gcc]
  remove lib [gcc_s]
  remove lib [gcc]
  collapse library dir [/usr/lib/gcc/x86_64-redhat-linux/4.4.7] ==> [/usr/lib/gcc/x86_64-redhat-linux/4.4.7]
  collapse library dir [/usr/lib/gcc/x86_64-redhat-linux/4.4.7] ==> [/usr/lib/gcc/x86_64-redhat-linux/4.4.7]
  collapse library dir [/usr/lib/gcc/x86_64-redhat-linux/4.4.7/../../../../lib64] ==> [/usr/lib64]
  collapse library dir [/lib/../lib64] ==> [/lib64]
  collapse library dir [/usr/lib/../lib64] ==> [/usr/lib64]
  collapse library dir [/usr/lib/gcc/x86_64-redhat-linux/4.4.7/../../..] ==> [/usr/lib]
  implicit libs: [stdc++;m;c]
  implicit dirs: [/usr/lib/gcc/x86_64-redhat-linux/4.4.7;/usr/lib64;/lib64;/usr/lib]
  implicit fwks: []


Compiling the Fortran compiler identification source file "CMakeFortranCompilerId.F" succeeded.
Compiler: /usr/bin/gfortran 
Build flags: 
Id flags: 

The output was:
0


Compilation of the Fortran compiler identification source "CMakeFortranCompilerId.F" produced "a.out"

The Fortran compiler identification is GNU, found in "/afs/cern.ch/work/b/bkailasa/MCGens/madgraph/MG5_aMC_v2_6_7/HEPTools/collier/COLLIER-1.2.3/build/CMakeFiles/2.8.12.2/CompilerIdFortran/a.out"

Determining if the Fortran compiler works passed with the following output:
Change Dir: /afs/cern.ch/work/b/bkailasa/MCGens/madgraph/MG5_aMC_v2_6_7/HEPTools/collier/COLLIER-1.2.3/build/CMakeFiles/CMakeTmp

Run Build Command:/usr/bin/gmake "cmTryCompileExec3150880534/fast"
/usr/bin/gmake -f CMakeFiles/cmTryCompileExec3150880534.dir/build.make CMakeFiles/cmTryCompileExec3150880534.dir/build
gmake[1]: Entering directory `/afs/cern.ch/work/b/bkailasa/MCGens/madgraph/MG5_aMC_v2_6_7/HEPTools/collier/COLLIER-1.2.3/build/CMakeFiles/CMakeTmp'
/usr/bin/cmake -E cmake_progress_report /afs/cern.ch/work/b/bkailasa/MCGens/madgraph/MG5_aMC_v2_6_7/HEPTools/collier/COLLIER-1.2.3/build/CMakeFiles/CMakeTmp/CMakeFiles 1
Building Fortran object CMakeFiles/cmTryCompileExec3150880534.dir/testFortranCompiler.f.o
/usr/bin/gfortran    -c /afs/cern.ch/work/b/bkailasa/MCGens/madgraph/MG5_aMC_v2_6_7/HEPTools/collier/COLLIER-1.2.3/build/CMakeFiles/CMakeTmp/testFortranCompiler.f -o CMakeFiles/cmTryCompileExec3150880534.dir/testFortranCompiler.f.o
Linking Fortran executable cmTryCompileExec3150880534
/usr/bin/cmake -E cmake_link_script CMakeFiles/cmTryCompileExec3150880534.dir/link.txt --verbose=1
/usr/bin/gfortran       CMakeFiles/cmTryCompileExec3150880534.dir/testFortranCompiler.f.o  -o cmTryCompileExec3150880534 -rdynamic 
gmake[1]: Leaving directory `/afs/cern.ch/work/b/bkailasa/MCGens/madgraph/MG5_aMC_v2_6_7/HEPTools/collier/COLLIER-1.2.3/build/CMakeFiles/CMakeTmp'


Detecting Fortran compiler ABI info compiled with the following output:
Change Dir: /afs/cern.ch/work/b/bkailasa/MCGens/madgraph/MG5_aMC_v2_6_7/HEPTools/collier/COLLIER-1.2.3/build/CMakeFiles/CMakeTmp

Run Build Command:/usr/bin/gmake "cmTryCompileExec217210193/fast"
/usr/bin/gmake -f CMakeFiles/cmTryCompileExec217210193.dir/build.make CMakeFiles/cmTryCompileExec217210193.dir/build
gmake[1]: Entering directory `/afs/cern.ch/work/b/bkailasa/MCGens/madgraph/MG5_aMC_v2_6_7/HEPTools/collier/COLLIER-1.2.3/build/CMakeFiles/CMakeTmp'
/usr/bin/cmake -E cmake_progress_report /afs/cern.ch/work/b/bkailasa/MCGens/madgraph/MG5_aMC_v2_6_7/HEPTools/collier/COLLIER-1.2.3/build/CMakeFiles/CMakeTmp/CMakeFiles 1
Building Fortran object CMakeFiles/cmTryCompileExec217210193.dir/CMakeFortranCompilerABI.F.o
/usr/bin/gfortran    -c /usr/share/cmake/Modules/CMakeFortranCompilerABI.F -o CMakeFiles/cmTryCompileExec217210193.dir/CMakeFortranCompilerABI.F.o
Linking Fortran executable cmTryCompileExec217210193
/usr/bin/cmake -E cmake_link_script CMakeFiles/cmTryCompileExec217210193.dir/link.txt --verbose=1
/usr/bin/gfortran   -v   CMakeFiles/cmTryCompileExec217210193.dir/CMakeFortranCompilerABI.F.o  -o cmTryCompileExec217210193 -rdynamic  
Driving: /usr/bin/gfortran -v CMakeFiles/cmTryCompileExec217210193.dir/CMakeFortranCompilerABI.F.o -o cmTryCompileExec217210193 -rdynamic -lgfortranbegin -lgfortran -lm -shared-libgcc
Using built-in specs.
Target: x86_64-redhat-linux
Configured with: ../configure --prefix=/usr --mandir=/usr/share/man --infodir=/usr/share/info --with-bugurl=http://bugzilla.redhat.com/bugzilla --enable-bootstrap --enable-shared --enable-threads=posix --enable-checking=release --with-system-zlib --enable-__cxa_atexit --disable-libunwind-exceptions --enable-gnu-unique-object --enable-languages=c,c++,objc,obj-c++,java,fortran,ada --enable-java-awt=gtk --disable-dssi --with-java-home=/usr/lib/jvm/java-1.5.0-gcj-1.5.0.0/jre --enable-libgcj-multifile --enable-java-maintainer-mode --with-ecj-jar=/usr/share/java/eclipse-ecj.jar --disable-libjava-multilib --with-ppl --with-cloog --with-tune=generic --with-arch_32=i686 --build=x86_64-redhat-linux
Thread model: posix
gcc version 4.4.7 20120313 (Red Hat 4.4.7-23) (GCC) 
COMPILER_PATH=/usr/libexec/gcc/x86_64-redhat-linux/4.4.7/:/usr/libexec/gcc/x86_64-redhat-linux/4.4.7/:/usr/libexec/gcc/x86_64-redhat-linux/:/usr/lib/gcc/x86_64-redhat-linux/4.4.7/:/usr/lib/gcc/x86_64-redhat-linux/:/usr/libexec/gcc/x86_64-redhat-linux/4.4.7/:/usr/libexec/gcc/x86_64-redhat-linux/:/usr/lib/gcc/x86_64-redhat-linux/4.4.7/:/usr/lib/gcc/x86_64-redhat-linux/
LIBRARY_PATH=/usr/lib/gcc/x86_64-redhat-linux/4.4.7/:/usr/lib/gcc/x86_64-redhat-linux/4.4.7/:/usr/lib/gcc/x86_64-redhat-linux/4.4.7/../../../../lib64/:/lib/../lib64/:/usr/lib/../lib64/:/usr/lib/gcc/x86_64-redhat-linux/4.4.7/../../../:/lib/:/usr/lib/
COLLECT_GCC_OPTIONS='-v' '-o' 'cmTryCompileExec217210193' '-rdynamic' '-shared-libgcc' '-mtune=generic'
 /usr/libexec/gcc/x86_64-redhat-linux/4.4.7/collect2 --eh-frame-hdr --build-id -m elf_x86_64 --hash-style=gnu -export-dynamic -dynamic-linker /lib64/ld-linux-x86-64.so.2 -o cmTryCompileExec217210193 /usr/lib/gcc/x86_64-redhat-linux/4.4.7/../../../../lib64/crt1.o /usr/lib/gcc/x86_64-redhat-linux/4.4.7/../../../../lib64/crti.o /usr/lib/gcc/x86_64-redhat-linux/4.4.7/crtbegin.o -L/usr/lib/gcc/x86_64-redhat-linux/4.4.7 -L/usr/lib/gcc/x86_64-redhat-linux/4.4.7 -L/usr/lib/gcc/x86_64-redhat-linux/4.4.7/../../../../lib64 -L/lib/../lib64 -L/usr/lib/../lib64 -L/usr/lib/gcc/x86_64-redhat-linux/4.4.7/../../.. CMakeFiles/cmTryCompileExec217210193.dir/CMakeFortranCompilerABI.F.o -lgfortranbegin -lgfortran -lm -lgcc_s -lgcc -lc -lgcc_s -lgcc /usr/lib/gcc/x86_64-redhat-linux/4.4.7/crtend.o /usr/lib/gcc/x86_64-redhat-linux/4.4.7/../../../../lib64/crtn.o
gmake[1]: Leaving directory `/afs/cern.ch/work/b/bkailasa/MCGens/madgraph/MG5_aMC_v2_6_7/HEPTools/collier/COLLIER-1.2.3/build/CMakeFiles/CMakeTmp'


Parsed Fortran implicit link information from above output:
  link line regex: [^( *|.*[/\])(ld|([^/\]+-)?ld|collect2)[^/\]*( |$)]
  ignore line: [Change Dir: /afs/cern.ch/work/b/bkailasa/MCGens/madgraph/MG5_aMC_v2_6_7/HEPTools/collier/COLLIER-1.2.3/build/CMakeFiles/CMakeTmp]
  ignore line: []
  ignore line: [Run Build Command:/usr/bin/gmake "cmTryCompileExec217210193/fast"]
  ignore line: [/usr/bin/gmake -f CMakeFiles/cmTryCompileExec217210193.dir/build.make CMakeFiles/cmTryCompileExec217210193.dir/build]
  ignore line: [gmake[1]: Entering directory `/afs/cern.ch/work/b/bkailasa/MCGens/madgraph/MG5_aMC_v2_6_7/HEPTools/collier/COLLIER-1.2.3/build/CMakeFiles/CMakeTmp']
  ignore line: [/usr/bin/cmake -E cmake_progress_report /afs/cern.ch/work/b/bkailasa/MCGens/madgraph/MG5_aMC_v2_6_7/HEPTools/collier/COLLIER-1.2.3/build/CMakeFiles/CMakeTmp/CMakeFiles 1]
  ignore line: [Building Fortran object CMakeFiles/cmTryCompileExec217210193.dir/CMakeFortranCompilerABI.F.o]
  ignore line: [/usr/bin/gfortran    -c /usr/share/cmake/Modules/CMakeFortranCompilerABI.F -o CMakeFiles/cmTryCompileExec217210193.dir/CMakeFortranCompilerABI.F.o]
  ignore line: [Linking Fortran executable cmTryCompileExec217210193]
  ignore line: [/usr/bin/cmake -E cmake_link_script CMakeFiles/cmTryCompileExec217210193.dir/link.txt --verbose=1]
  ignore line: [/usr/bin/gfortran   -v   CMakeFiles/cmTryCompileExec217210193.dir/CMakeFortranCompilerABI.F.o  -o cmTryCompileExec217210193 -rdynamic  ]
  ignore line: [Driving: /usr/bin/gfortran -v CMakeFiles/cmTryCompileExec217210193.dir/CMakeFortranCompilerABI.F.o -o cmTryCompileExec217210193 -rdynamic -lgfortranbegin -lgfortran -lm -shared-libgcc]
  ignore line: [Using built-in specs.]
  ignore line: [Target: x86_64-redhat-linux]
  ignore line: [Configured with: ../configure --prefix=/usr --mandir=/usr/share/man --infodir=/usr/share/info --with-bugurl=http://bugzilla.redhat.com/bugzilla --enable-bootstrap --enable-shared --enable-threads=posix --enable-checking=release --with-system-zlib --enable-__cxa_atexit --disable-libunwind-exceptions --enable-gnu-unique-object --enable-languages=c,c++,objc,obj-c++,java,fortran,ada --enable-java-awt=gtk --disable-dssi --with-java-home=/usr/lib/jvm/java-1.5.0-gcj-1.5.0.0/jre --enable-libgcj-multifile --enable-java-maintainer-mode --with-ecj-jar=/usr/share/java/eclipse-ecj.jar --disable-libjava-multilib --with-ppl --with-cloog --with-tune=generic --with-arch_32=i686 --build=x86_64-redhat-linux]
  ignore line: [Thread model: posix]
  ignore line: [gcc version 4.4.7 20120313 (Red Hat 4.4.7-23) (GCC) ]
  ignore line: [COMPILER_PATH=/usr/libexec/gcc/x86_64-redhat-linux/4.4.7/:/usr/libexec/gcc/x86_64-redhat-linux/4.4.7/:/usr/libexec/gcc/x86_64-redhat-linux/:/usr/lib/gcc/x86_64-redhat-linux/4.4.7/:/usr/lib/gcc/x86_64-redhat-linux/:/usr/libexec/gcc/x86_64-redhat-linux/4.4.7/:/usr/libexec/gcc/x86_64-redhat-linux/:/usr/lib/gcc/x86_64-redhat-linux/4.4.7/:/usr/lib/gcc/x86_64-redhat-linux/]
  ignore line: [LIBRARY_PATH=/usr/lib/gcc/x86_64-redhat-linux/4.4.7/:/usr/lib/gcc/x86_64-redhat-linux/4.4.7/:/usr/lib/gcc/x86_64-redhat-linux/4.4.7/../../../../lib64/:/lib/../lib64/:/usr/lib/../lib64/:/usr/lib/gcc/x86_64-redhat-linux/4.4.7/../../../:/lib/:/usr/lib/]
  ignore line: [COLLECT_GCC_OPTIONS='-v' '-o' 'cmTryCompileExec217210193' '-rdynamic' '-shared-libgcc' '-mtune=generic']
  link line: [ /usr/libexec/gcc/x86_64-redhat-linux/4.4.7/collect2 --eh-frame-hdr --build-id -m elf_x86_64 --hash-style=gnu -export-dynamic -dynamic-linker /lib64/ld-linux-x86-64.so.2 -o cmTryCompileExec217210193 /usr/lib/gcc/x86_64-redhat-linux/4.4.7/../../../../lib64/crt1.o /usr/lib/gcc/x86_64-redhat-linux/4.4.7/../../../../lib64/crti.o /usr/lib/gcc/x86_64-redhat-linux/4.4.7/crtbegin.o -L/usr/lib/gcc/x86_64-redhat-linux/4.4.7 -L/usr/lib/gcc/x86_64-redhat-linux/4.4.7 -L/usr/lib/gcc/x86_64-redhat-linux/4.4.7/../../../../lib64 -L/lib/../lib64 -L/usr/lib/../lib64 -L/usr/lib/gcc/x86_64-redhat-linux/4.4.7/../../.. CMakeFiles/cmTryCompileExec217210193.dir/CMakeFortranCompilerABI.F.o -lgfortranbegin -lgfortran -lm -lgcc_s -lgcc -lc -lgcc_s -lgcc /usr/lib/gcc/x86_64-redhat-linux/4.4.7/crtend.o /usr/lib/gcc/x86_64-redhat-linux/4.4.7/../../../../lib64/crtn.o]
    arg [/usr/libexec/gcc/x86_64-redhat-linux/4.4.7/collect2] ==> ignore
    arg [--eh-frame-hdr] ==> ignore
    arg [--build-id] ==> ignore
    arg [-m] ==> ignore
    arg [elf_x86_64] ==> ignore
    arg [--hash-style=gnu] ==> ignore
    arg [-export-dynamic] ==> ignore
    arg [-dynamic-linker] ==> ignore
    arg [/lib64/ld-linux-x86-64.so.2] ==> ignore
    arg [-o] ==> ignore
    arg [cmTryCompileExec217210193] ==> ignore
    arg [/usr/lib/gcc/x86_64-redhat-linux/4.4.7/../../../../lib64/crt1.o] ==> ignore
    arg [/usr/lib/gcc/x86_64-redhat-linux/4.4.7/../../../../lib64/crti.o] ==> ignore
    arg [/usr/lib/gcc/x86_64-redhat-linux/4.4.7/crtbegin.o] ==> ignore
    arg [-L/usr/lib/gcc/x86_64-redhat-linux/4.4.7] ==> dir [/usr/lib/gcc/x86_64-redhat-linux/4.4.7]
    arg [-L/usr/lib/gcc/x86_64-redhat-linux/4.4.7] ==> dir [/usr/lib/gcc/x86_64-redhat-linux/4.4.7]
    arg [-L/usr/lib/gcc/x86_64-redhat-linux/4.4.7/../../../../lib64] ==> dir [/usr/lib/gcc/x86_64-redhat-linux/4.4.7/../../../../lib64]
    arg [-L/lib/../lib64] ==> dir [/lib/../lib64]
    arg [-L/usr/lib/../lib64] ==> dir [/usr/lib/../lib64]
    arg [-L/usr/lib/gcc/x86_64-redhat-linux/4.4.7/../../..] ==> dir [/usr/lib/gcc/x86_64-redhat-linux/4.4.7/../../..]
    arg [CMakeFiles/cmTryCompileExec217210193.dir/CMakeFortranCompilerABI.F.o] ==> ignore
    arg [-lgfortranbegin] ==> lib [gfortranbegin]
    arg [-lgfortran] ==> lib [gfortran]
    arg [-lm] ==> lib [m]
    arg [-lgcc_s] ==> lib [gcc_s]
    arg [-lgcc] ==> lib [gcc]
    arg [-lc] ==> lib [c]
    arg [-lgcc_s] ==> lib [gcc_s]
    arg [-lgcc] ==> lib [gcc]
    arg [/usr/lib/gcc/x86_64-redhat-linux/4.4.7/crtend.o] ==> ignore
    arg [/usr/lib/gcc/x86_64-redhat-linux/4.4.7/../../../../lib64/crtn.o] ==> ignore
  remove lib [gcc_s]
  remove lib [gcc]
  remove lib [gcc_s]
  remove lib [gcc]
  collapse library dir [/usr/lib/gcc/x86_64-redhat-linux/4.4.7] ==> [/usr/lib/gcc/x86_64-redhat-linux/4.4.7]
  collapse library dir [/usr/lib/gcc/x86_64-redhat-linux/4.4.7] ==> [/usr/lib/gcc/x86_64-redhat-linux/4.4.7]
  collapse library dir [/usr/lib/gcc/x86_64-redhat-linux/4.4.7/../../../../lib64] ==> [/usr/lib64]
  collapse library dir [/lib/../lib64] ==> [/lib64]
  collapse library dir [/usr/lib/../lib64] ==> [/usr/lib64]
  collapse library dir [/usr/lib/gcc/x86_64-redhat-linux/4.4.7/../../..] ==> [/usr/lib]
  implicit libs: [gfortranbegin;gfortran;m;c]
  implicit dirs: [/usr/lib/gcc/x86_64-redhat-linux/4.4.7;/usr/lib64;/lib64;/usr/lib]
  implicit fwks: []


Determining if the Fortran compiler supports Fortran 90 passed with the following output:
Change Dir: /afs/cern.ch/work/b/bkailasa/MCGens/madgraph/MG5_aMC_v2_6_7/HEPTools/collier/COLLIER-1.2.3/build/CMakeFiles/CMakeTmp

Run Build Command:/usr/bin/gmake "cmTryCompileExec777592823/fast"
/usr/bin/gmake -f CMakeFiles/cmTryCompileExec777592823.dir/build.make CMakeFiles/cmTryCompileExec777592823.dir/build
gmake[1]: Entering directory `/afs/cern.ch/work/b/bkailasa/MCGens/madgraph/MG5_aMC_v2_6_7/HEPTools/collier/COLLIER-1.2.3/build/CMakeFiles/CMakeTmp'
/usr/bin/cmake -E cmake_progress_report /afs/cern.ch/work/b/bkailasa/MCGens/madgraph/MG5_aMC_v2_6_7/HEPTools/collier/COLLIER-1.2.3/build/CMakeFiles/CMakeTmp/CMakeFiles 1
Building Fortran object CMakeFiles/cmTryCompileExec777592823.dir/testFortranCompilerF90.f90.o
/usr/bin/gfortran    -c /afs/cern.ch/work/b/bkailasa/MCGens/madgraph/MG5_aMC_v2_6_7/HEPTools/collier/COLLIER-1.2.3/build/CMakeFiles/CMakeTmp/testFortranCompilerF90.f90 -o CMakeFiles/cmTryCompileExec777592823.dir/testFortranCompilerF90.f90.o
Linking Fortran executable cmTryCompileExec777592823
/usr/bin/cmake -E cmake_link_script CMakeFiles/cmTryCompileExec777592823.dir/link.txt --verbose=1
/usr/bin/gfortran       CMakeFiles/cmTryCompileExec777592823.dir/testFortranCompilerF90.f90.o  -o cmTryCompileExec777592823 -rdynamic 
gmake[1]: Leaving directory `/afs/cern.ch/work/b/bkailasa/MCGens/madgraph/MG5_aMC_v2_6_7/HEPTools/collier/COLLIER-1.2.3/build/CMakeFiles/CMakeTmp'


