 Process in group number            1
 A PDF is used, so alpha_s(MZ) is going to be modified
 Old value of alpha_s from param_card:   0.11839999999999999     
  ****************************************
 
       NNPDFDriver version 1.0.3
   Grid: NNPDF23_lo_as_0130_qed_mem0.grid
  ****************************************
 New value of alpha_s from PDF nn23lo1:  0.13000000000000000     
 Define smin to   640000.00000000000     
 Define smin to   640000.00000000000     
 Define smin to   640000.00000000000     
 *****************************************************
 *               MadGraph/MadEvent                   *
 *        --------------------------------           *
 *          http://madgraph.hep.uiuc.edu             *
 *          http://madgraph.phys.ucl.ac.be           *
 *          http://madgraph.roma2.infn.it            *
 *        --------------------------------           *
 *                                                   *
 *          PARAMETER AND COUPLING VALUES            *
 *                                                   *
 *****************************************************

  External Params
  ---------------------------------
  
 aEWM1 =    127.90000000000001     
 mdl_Gf =   1.16636999999999998E-005
 aS =   0.11839999999999999     
 mdl_ymb =    4.7000000000000002     
 mdl_ymt =    172.00000000000000     
 mdl_ymtau =    1.7769999999999999     
 mdl_MM1 =    1.0000000000000000     
 mdl_MM2 =    100.00000000000000     
 mdl_MM12 =   0.50000000000000000     
 mdl_lam1 =   0.10000000000000001     
 mdl_lam2 =   0.10000000000000001     
 mdl_lam1p =   0.10000000000000001     
 mdl_lam2p =   0.10000000000000001     
 mdl_MZ =    91.187600000000003     
 mdl_MTA =    1.7769999999999999     
 mdl_MT =    172.00000000000000     
 mdl_MB =    4.7000000000000002     
 mdl_MH =    125.00000000000000     
 mdl_Muv =    400.00000000000000     
 mdl_Mev =    50.000000000000000     
 mdl_WZ =    2.4952000000000001     
 mdl_WW =    2.0850000000000000     
 mdl_WT =    1.5083359999999999     
 mdl_WH =   4.06999999999999983E-003
 mdl_Wpe1 =    1.0000000000000000     
 mdl_Wpe2 =    1.0000000000000000     
 mdl_Wuv =    1.0000000000000000     
 mdl_Wev =    1.0000000000000000     
  Internal Params
  ---------------------------------
  
 mdl_MM1__exp__2 =    1.0000000000000000     
 mdl_MM2__exp__2 =    10000.000000000000     
 mdl_MM1__exp__4 =    1.0000000000000000     
 mdl_MM12__exp__4 =   6.25000000000000000E-002
 mdl_MM2__exp__4 =    100000000.00000000     
 mdl_sqrt__2 =    1.4142135623730951     
 mdl_MPe1 =   0.99999687468255627     
 mdl_MPe2 =    100.00000003125312     
 mdl_MM12__exp__2 =   0.25000000000000000     
 mdl_th =    1.5707713242946675     
 mdl_MZ__exp__2 =    8315.1783937600012     
 mdl_MZ__exp__4 =    69142191.720053151     
 mdl_MH__exp__2 =    15625.000000000000     
 mdl_complexi =  (  0.0000000000000000     ,  1.0000000000000000     )
 mdl_cos__th =   2.50025002265328562E-005
 mdl_sin__th =   0.99999999968743747     
 mdl_aEW =   7.81860828772478443E-003
 mdl_MW =    79.824359746197842     
 mdl_sqrt__aEW =   8.84228945902857527E-002
 mdl_ee =   0.31345100004952897     
 mdl_MW__exp__2 =    6371.9284088904105     
 mdl_sw2 =   0.23369913342182447     
 mdl_cw =   0.87538612427783857     
 mdl_sqrt__sw2 =   0.48342438232036300     
 mdl_sw =   0.48342438232036300     
 mdl_g1 =   0.35807170271074895     
 mdl_gw =   0.64839716719502682     
 mdl_vev =    246.22056907348590     
 mdl_vev__exp__2 =    60624.568634871241     
 mdl_lam =   0.12886689630821144     
 mdl_yb =   2.69953228041227219E-002
 mdl_yt =   0.98791394091683138     
 mdl_ytau =   1.02065294942395891E-002
 mdl_muH =    88.388347648318444     
 mdl_I1b33 =  ( 2.69953228041227219E-002,  0.0000000000000000     )
 mdl_I2b33 =  ( 0.98791394091683138     ,  0.0000000000000000     )
 mdl_I3b33 =  ( 0.98791394091683138     ,  0.0000000000000000     )
 mdl_I4b33 =  ( 2.69953228041227219E-002,  0.0000000000000000     )
 mdl_ee__exp__2 =   9.82515294320498167E-002
 mdl_sw__exp__2 =   0.23369913342182450     
 mdl_cw__exp__2 =   0.76630086657817542     
  Internal Params evaluated point by point
  ----------------------------------------
  
 mdl_sqrt__aS =   0.34409301068170506     
 mdl_G__exp__2 =    1.4878582807401259     
  Couplings of Tutorial_UFO
  ---------------------------------
  
        GC_10 =  -0.12198E+01   0.00000E+00
        GC_11 =   0.00000E+00   0.12198E+01
        GC_71 =   0.00000E+00  -0.99997E-01
        GC_72 =   0.00000E+00   0.10000E+00

 Collider parameters:
 --------------------

 Running at P P   machine @    13000.000000000000       GeV
 PDF set = nn23lo1
 alpha_s(Mz)= 0.1300 running at 2 loops.
 alpha_s(Mz)= 0.1300 running at 2 loops.
 Renormalization scale set on event-by-event basis
 Factorization   scale set on event-by-event basis


 getting user params
Enter number of events and max and min iterations: 
 Number of events and iterations         1000           5           3
Enter desired fractional accuracy: 
 Desired fractional accuracy:   0.10000000000000001     
Enter 0 for fixed, 2 for adjustable grid: 
Suppress amplitude (0 no, 1 yes)? 
 Using suppressed amplitude.
Exact helicity sum (0 yes, n = number/event)? 
 Explicitly summing over helicities
Enter Configuration Number: 
Running Configuration Number:    2
 Not subdividing B.W.
 Attempting mappinvarients           1           4
 Completed mapping           4
 about to integrate            4        1000           5           3           4           1
 Using non-zero grid deformation.
  4 dimensions   1000 events  4 invarients  5 iterations  1 config(s),  (0.99)
 Using h-tuple random number sequence.
 Error opening grid
 Using Uniform Grid!          16
 Using uniform alpha   1.0000000000000000     
 Grid defined OK
 Set CM energy to      13000.00
 Mapping Graph           2  to config           2
Setting grid   1    0.94675E-03   1
 Transforming s_hat 1/s            3  3.78698224852071089E-003   640000.00000000000        168999999.99999997     
   2   1   2   3   4
 Masses: 0.000E+00 0.000E+00 0.400E+03 0.400E+03
Using random seed offsets     2 :      2
  with seed                   24
 Ranmar initialization seeds       31060        9399
 
 ********************************************
 * You are using the DiscreteSampler module *
 *      part of the MG5_aMC framework       *
 *         Author: Valentin Hirschi         *
 ********************************************
 
  Particle       3       4
      Et >     0.0     0.0
       E >     0.0     0.0
     Eta <    -1.0    -1.0
   xqcut:      0.0     0.0
d R # 3  >    -0.0     0.0
s min # 3>     0.0     0.0
xqcutij # 3>     0.0     0.0
 alpha_s for scale    410.34097323468802       is   0.10402566279466195     
 Added good helicity            1  0.83002099522957751       in event            1 local:           1
 Added good helicity            2   1.6409511966560959       in event            1 local:           1
 Added good helicity            3   1.6409511966560972       in event            1 local:           1
 Added good helicity            4   3.6414446339668207       in event            1 local:           1
 Added good helicity           13   3.8331211179085565       in event            1 local:           1
 Added good helicity           14   1.7554879059876567       in event            1 local:           1
 Added good helicity           15   1.7554879059876560       in event            1 local:           1
 Added good helicity           16  0.90253504760753656       in event            1 local:           1
 Added good helicity            1  0.83002099522957706       in event            1 local:           1
 Added good helicity            2   1.6409511966560975       in event            1 local:           1
 Added good helicity            3   1.6409511966560957       in event            1 local:           1
 Added good helicity            4   3.6414446339668234       in event            1 local:           1
 Added good helicity           13   3.8331211179085600       in event            1 local:           1
 Added good helicity           14   1.7554879059876556       in event            1 local:           1
 Added good helicity           15   1.7554879059876569       in event            1 local:           1
 Added good helicity           16  0.90253504760753622       in event            1 local:           1
 RESET CUMULATIVE VARIABLE
 RESET CUMULATIVE VARIABLE
 RESET CUMULATIVE VARIABLE
 Iteration  1   Mean: 0.2075E-03 Abs mean: 0.2075E-03   Fluctuation:  0.105E-04   0.376E-02    99.9%
  1    0.2075E-03 0.2075E-03 +- 0.1051E-04      1.60
 Writing out events  4.15443334200831860E-008   1.6020012289115078     
 Relative summed weights:
  0.7118E-01  0.8133E-01  0.3447E+00  0.5028E+00  0.0000E+00  0.0000E+00
 Relative number of events:
  0.7488E-01  0.1064E+00  0.3813E+00  0.4374E+00  0.0000E+00  0.0000E+00
 Events:
          76         108         387         444           0           0
 Iteration  2   Mean: 0.2025E-03 Abs mean: 0.2025E-03   Fluctuation:  0.365E-05   0.127E-02    99.6%
  2    0.2025E-03 0.2025E-03 +- 0.3648E-05      0.81
 Relative summed weights:
  0.7587E-01  0.7260E-01  0.4382E+00  0.4133E+00  0.0000E+00  0.0000E+00
 Relative number of events:
  0.7450E-01  0.7500E-01  0.4455E+00  0.4050E+00  0.0000E+00  0.0000E+00
 Events:
         149         150         891         810           0           0
 Iteration  3   Mean: 0.2030E-03 Abs mean: 0.2030E-03   Fluctuation:  0.181E-05   0.939E-03    99.8%
  3    0.2030E-03 0.2030E-03 +- 0.1813E-05      0.56
 Relative summed weights:
  0.7424E-01  0.7868E-01  0.4216E+00  0.4254E+00  0.0000E+00  0.0000E+00
 Relative number of events:
  0.7250E-01  0.7950E-01  0.4190E+00  0.4290E+00  0.0000E+00  0.0000E+00
 Events:
         290         318        1676        1716           0           0
 Accuracy:    0.003   0.100   0.008   0.104
 Finished due to accuracy   2.55375285127914121E-003  0.10000000000000001     

 -------------------------------------------------------------------------------
 Accumulated results:   Integral =  0.2030E-03
                        Std dev  =  0.1605E-05
                       Cross sec =  0.2030E-03
             Chi**2 per DoF.     =      0.1044
 -------------------------------------------------------------------------------
 Found          390  events.
 Wrote          386  events.
 Actual xsec   2.02997893484062379E-004
 Correct abs xsec   2.02997893484062379E-004
 Event xsec   2.02997893484060970E-004
 Events wgts > 1:            0
 % Cross section > 1:    0.0000000000000000        0.0000000000000000     
-------------------------------------------------
---------------------------
 Results Last   3 iters: Integral =   0.2030E-03
                     Abs integral =   0.2030E-03
                          Std dev =   0.1605E-05
                  Chi**2 per DoF. =      0.1003
-------------------------------------------------
---------------------------
 Status  0.10000000000000001                4           5

ls status:
events.lhe
ftn26
input_app.txt
results.dat
run1_app.log
