 Process in group number            1
 A PDF is used, so alpha_s(MZ) is going to be modified
 Old value of alpha_s from param_card:   0.11839999999999999     
  ****************************************
 
       NNPDFDriver version 1.0.3
   Grid: NNPDF23_lo_as_0130_qed_mem0.grid
  ****************************************
 New value of alpha_s from PDF nn23lo1:  0.13000000000000000     
 Define smin to   160800.99749349541     
 Define smin to   160800.99749349541     
 Define smin to   160800.99749349541     
 Warning: pt or E min of a jet should in general be >0
 *****************************************************
 *               MadGraph/MadEvent                   *
 *        --------------------------------           *
 *          http://madgraph.hep.uiuc.edu             *
 *          http://madgraph.phys.ucl.ac.be           *
 *          http://madgraph.roma2.infn.it            *
 *        --------------------------------           *
 *                                                   *
 *          PARAMETER AND COUPLING VALUES            *
 *                                                   *
 *****************************************************

  External Params
  ---------------------------------
  
 aEWM1 =    127.90000000000001     
 mdl_Gf =   1.16636999999999998E-005
 aS =   0.11839999999999999     
 mdl_ymb =    4.7000000000000002     
 mdl_ymt =    172.00000000000000     
 mdl_ymtau =    1.7769999999999999     
 mdl_MM1 =    1.0000000000000000     
 mdl_MM2 =    100.00000000000000     
 mdl_MM12 =   0.50000000000000000     
 mdl_lam1 =   0.10000000000000001     
 mdl_lam2 =   0.10000000000000001     
 mdl_lam1p =   0.10000000000000001     
 mdl_lam2p =   0.10000000000000001     
 mdl_MZ =    91.187600000000003     
 mdl_MTA =    1.7769999999999999     
 mdl_MT =    172.00000000000000     
 mdl_MB =    4.7000000000000002     
 mdl_MH =    125.00000000000000     
 mdl_Muv =    400.00000000000000     
 mdl_Mev =    50.000000000000000     
 mdl_WZ =    2.4952000000000001     
 mdl_WW =    2.0850000000000000     
 mdl_WT =    1.5083359999999999     
 mdl_WH =   4.06999999999999983E-003
 mdl_Wpe1 =    1.0000000000000000     
 mdl_Wpe2 =    1.0000000000000000     
 mdl_Wuv =    1.0000000000000000     
 mdl_Wev =    1.0000000000000000     
  Internal Params
  ---------------------------------
  
 mdl_MM1__exp__2 =    1.0000000000000000     
 mdl_MM2__exp__2 =    10000.000000000000     
 mdl_MM1__exp__4 =    1.0000000000000000     
 mdl_MM12__exp__4 =   6.25000000000000000E-002
 mdl_MM2__exp__4 =    100000000.00000000     
 mdl_sqrt__2 =    1.4142135623730951     
 mdl_MPe1 =   0.99999687468255627     
 mdl_MPe2 =    100.00000003125312     
 mdl_MM12__exp__2 =   0.25000000000000000     
 mdl_th =    1.5707713242946675     
 mdl_MZ__exp__2 =    8315.1783937600012     
 mdl_MZ__exp__4 =    69142191.720053151     
 mdl_MH__exp__2 =    15625.000000000000     
 mdl_complexi =  (  0.0000000000000000     ,  1.0000000000000000     )
 mdl_cos__th =   2.50025002265328562E-005
 mdl_sin__th =   0.99999999968743747     
 mdl_aEW =   7.81860828772478443E-003
 mdl_MW =    79.824359746197842     
 mdl_sqrt__aEW =   8.84228945902857527E-002
 mdl_ee =   0.31345100004952897     
 mdl_MW__exp__2 =    6371.9284088904105     
 mdl_sw2 =   0.23369913342182447     
 mdl_cw =   0.87538612427783857     
 mdl_sqrt__sw2 =   0.48342438232036300     
 mdl_sw =   0.48342438232036300     
 mdl_g1 =   0.35807170271074895     
 mdl_gw =   0.64839716719502682     
 mdl_vev =    246.22056907348590     
 mdl_vev__exp__2 =    60624.568634871241     
 mdl_lam =   0.12886689630821144     
 mdl_yb =   2.69953228041227219E-002
 mdl_yt =   0.98791394091683138     
 mdl_ytau =   1.02065294942395891E-002
 mdl_muH =    88.388347648318444     
 mdl_I1b33 =  ( 2.69953228041227219E-002,  0.0000000000000000     )
 mdl_I2b33 =  ( 0.98791394091683138     ,  0.0000000000000000     )
 mdl_I3b33 =  ( 0.98791394091683138     ,  0.0000000000000000     )
 mdl_I4b33 =  ( 2.69953228041227219E-002,  0.0000000000000000     )
 mdl_ee__exp__2 =   9.82515294320498167E-002
 mdl_sw__exp__2 =   0.23369913342182450     
 mdl_cw__exp__2 =   0.76630086657817542     
  Internal Params evaluated point by point
  ----------------------------------------
  
 mdl_sqrt__aS =   0.34409301068170506     
 mdl_G__exp__2 =    1.4878582807401259     
  Couplings of Tutorial_UFO
  ---------------------------------
  
        GC_10 =  -0.12198E+01   0.00000E+00
        GC_11 =   0.00000E+00   0.12198E+01
        GC_71 =   0.00000E+00  -0.99997E-01
        GC_72 =   0.00000E+00   0.10000E+00

 Collider parameters:
 --------------------

 Running at P P   machine @    13000.000000000000       GeV
 PDF set = nn23lo1
 alpha_s(Mz)= 0.1300 running at 2 loops.
 alpha_s(Mz)= 0.1300 running at 2 loops.
 Renormalization scale set on event-by-event basis
 Factorization   scale set on event-by-event basis


 getting user params
Enter number of events and max and min iterations: 
 Number of events and iterations         1000           5           3
Enter desired fractional accuracy: 
 Desired fractional accuracy:   0.10000000000000001     
Enter 0 for fixed, 2 for adjustable grid: 
Suppress amplitude (0 no, 1 yes)? 
 Using suppressed amplitude.
Exact helicity sum (0 yes, n = number/event)? 
 Explicitly summing over helicities
Enter Configuration Number: 
Running Configuration Number:    3
 Not subdividing B.W.
 Attempting mappinvarients           1           5
 Completed mapping           5
 about to integrate            7        1000           5           3           7           1
 Using non-zero grid deformation.
  7 dimensions   1000 events  7 invarients  5 iterations  1 config(s),  (0.99)
 Using h-tuple random number sequence.
 Error opening grid
 Using Uniform Grid!          20
 Using uniform alpha   1.0000000000000000     
 Grid defined OK
 Set CM energy to      13000.00
 Mapping Graph           3  to config           3
 Setting BW          -1           1   400.00000000000000     
Setting grid   2    0.87707E-03   1
 Transforming s_hat 1/s            6  3.64630177514792958E-003   160800.99749349541        168999999.99999997     
   3   1   2   3   4   5   6   7
 Masses: 0.000E+00 0.000E+00 0.100E+01 0.000E+00 0.400E+03
Using random seed offsets     3 :      2
  with seed                   24
 Ranmar initialization seeds       31061        9399
 
 ********************************************
 * You are using the DiscreteSampler module *
 *      part of the MG5_aMC framework       *
 *         Author: Valentin Hirschi         *
 ********************************************
 
  Particle       3       4       5
      Et >     0.0     0.0     0.0
       E >     0.0     0.0     0.0
     Eta <    -1.0    -1.0    -1.0
   xqcut:      0.0     0.0     0.0
d R # 3  >    -0.0     0.0     0.0
d R # 4  >    -0.0    -0.0     0.0
s min # 3>     0.0     1.0     0.0
s min # 4>     0.0     0.0     0.0
xqcutij # 3>     0.0     0.0     0.0
xqcutij # 4>     0.0     0.0     0.0
 No cut BW           -1           1
 alpha_s for scale    460.57185536248738       is   0.10246154793911276     
 Added good helicity            3  0.56892854991604547       in event            1 local:           1
 Added good helicity            4   6.9038323541448339       in event            1 local:           1
 Added good helicity           15   7.4690288815077492       in event            1 local:           1
 Added good helicity           16   1.0582102144313725       in event            1 local:           1
 Added good helicity            3  0.56892854991604525       in event            1 local:           1
 Added good helicity            4   6.9038323541448321       in event            1 local:           1
 Added good helicity           15   7.4690288815077510       in event            1 local:           1
 Added good helicity           16   1.0582102144313723       in event            1 local:           1
 RESET CUMULATIVE VARIABLE
 RESET CUMULATIVE VARIABLE
 RESET CUMULATIVE VARIABLE
 Iteration  1   Mean: 0.9318E-05 Abs mean: 0.9318E-05   Fluctuation:  0.641E-06   0.192E-03    96.1%
  1    0.9318E-05 0.9318E-05 +- 0.6413E-06      2.18
 Writing out events  1.94007581545474901E-009   2.1763454299988760     
 Relative summed weights:
  0.8345E-01  0.5822E-01  0.4884E+00  0.3700E+00  0.0000E+00  0.0000E+00
 Relative number of events:
  0.9082E-01  0.9181E-01  0.4245E+00  0.3929E+00  0.0000E+00  0.0000E+00
 Events:
          92          93         430         398           0           0
 Iteration  2   Mean: 0.9229E-05 Abs mean: 0.9229E-05   Fluctuation:  0.245E-06   0.117E-03    98.2%
  2    0.9229E-05 0.9229E-05 +- 0.2453E-06      1.19
 Relative summed weights:
  0.7323E-01  0.8807E-01  0.4266E+00  0.4121E+00  0.0000E+00  0.0000E+00
 Relative number of events:
  0.7100E-01  0.8350E-01  0.4360E+00  0.4095E+00  0.0000E+00  0.0000E+00
 Events:
         142         167         872         819           0           0
 Iteration  3   Mean: 0.9386E-05 Abs mean: 0.9386E-05   Fluctuation:  0.119E-06   0.554E-04    98.8%
  3    0.9386E-05 0.9386E-05 +- 0.1189E-06      0.80
 Relative summed weights:
  0.8068E-01  0.8006E-01  0.4077E+00  0.4315E+00  0.0000E+00  0.0000E+00
 Relative number of events:
  0.8075E-01  0.7825E-01  0.4185E+00  0.4225E+00  0.0000E+00  0.0000E+00
 Events:
         323         313        1674        1690           0           0
 Accuracy:    0.005   0.100   0.011   0.164
 Finished due to accuracy   4.56958498451034197E-003  0.10000000000000001     

 -------------------------------------------------------------------------------
 Accumulated results:   Integral =  0.9355E-05
                        Std dev  =  0.1056E-06
                       Cross sec =  0.9355E-05
             Chi**2 per DoF.     =      0.1640
 -------------------------------------------------------------------------------
 Found          403  events.
 Wrote          398  events.
 Actual xsec   9.35549144265312563E-006
 Correct abs xsec   9.35549144265312563E-006
 Event xsec   9.35549144265304771E-006
 Events wgts > 1:            0
 % Cross section > 1:    0.0000000000000000        0.0000000000000000     
-------------------------------------------------
---------------------------
 Results Last   3 iters: Integral =   0.9355E-05
                     Abs integral =   0.9355E-05
                          Std dev =   0.1056E-06
                  Chi**2 per DoF. =      0.1674
-------------------------------------------------
---------------------------
 Status  0.10000000000000001                4           5

ls status:
events.lhe
ftn26
input_app.txt
results.dat
run1_app.log
